<!DOCTYPE html>
<html>
  <head>
    <meta charset="utf-8"/>
    <title id="head-title">report.html</title>
      <style type="text/css">body {
  font-family: Helvetica, Arial, sans-serif;
  font-size: 12px;
  /* do not increase min-width as some may use split screens */
  min-width: 800px;
  color: #999;
}

h1 {
  font-size: 24px;
  color: black;
}

h2 {
  font-size: 16px;
  color: black;
}

p {
  color: black;
}

a {
  color: #999;
}

table {
  border-collapse: collapse;
}

/******************************
 * SUMMARY INFORMATION
 ******************************/
#environment td {
  padding: 5px;
  border: 1px solid #e6e6e6;
  vertical-align: top;
}
#environment tr:nth-child(odd) {
  background-color: #f6f6f6;
}
#environment ul {
  margin: 0;
  padding: 0 20px;
}

/******************************
 * TEST RESULT COLORS
 ******************************/
span.passed,
.passed .col-result {
  color: green;
}

span.skipped,
span.xfailed,
span.rerun,
.skipped .col-result,
.xfailed .col-result,
.rerun .col-result {
  color: orange;
}

span.error,
span.failed,
span.xpassed,
.error .col-result,
.failed .col-result,
.xpassed .col-result {
  color: red;
}

.col-links__extra {
  margin-right: 3px;
}

/******************************
 * RESULTS TABLE
 *
 * 1. Table Layout
 * 2. Extra
 * 3. Sorting items
 *
 ******************************/
/*------------------
 * 1. Table Layout
 *------------------*/
#results-table {
  border: 1px solid #e6e6e6;
  color: #999;
  font-size: 12px;
  width: 100%;
}
#results-table th,
#results-table td {
  padding: 5px;
  border: 1px solid #e6e6e6;
  text-align: left;
}
#results-table th {
  font-weight: bold;
}

/*------------------
 * 2. Extra
 *------------------*/
.logwrapper {
  max-height: 230px;
  overflow-y: scroll;
  background-color: #e6e6e6;
}
.logwrapper.expanded {
  max-height: none;
}
.logwrapper.expanded .logexpander:after {
  content: "collapse [-]";
}
.logwrapper .logexpander {
  z-index: 1;
  position: sticky;
  top: 10px;
  width: max-content;
  border: 1px solid;
  border-radius: 3px;
  padding: 5px 7px;
  margin: 10px 0 10px calc(100% - 80px);
  cursor: pointer;
  background-color: #e6e6e6;
}
.logwrapper .logexpander:after {
  content: "expand [+]";
}
.logwrapper .logexpander:hover {
  color: #000;
  border-color: #000;
}
.logwrapper .log {
  min-height: 40px;
  position: relative;
  top: -50px;
  height: calc(100% + 50px);
  border: 1px solid #e6e6e6;
  color: black;
  display: block;
  font-family: "Courier New", Courier, monospace;
  padding: 5px;
  padding-right: 80px;
  white-space: pre-wrap;
}

div.media {
  border: 1px solid #e6e6e6;
  float: right;
  height: 240px;
  margin: 0 5px;
  overflow: hidden;
  width: 320px;
}

.media-container {
  display: grid;
  grid-template-columns: 25px auto 25px;
  align-items: center;
  flex: 1 1;
  overflow: hidden;
  height: 200px;
}

.media-container--fullscreen {
  grid-template-columns: 0px auto 0px;
}

.media-container__nav--right,
.media-container__nav--left {
  text-align: center;
  cursor: pointer;
}

.media-container__viewport {
  cursor: pointer;
  text-align: center;
  height: inherit;
}
.media-container__viewport img,
.media-container__viewport video {
  object-fit: cover;
  width: 100%;
  max-height: 100%;
}

.media__name,
.media__counter {
  display: flex;
  flex-direction: row;
  justify-content: space-around;
  flex: 0 0 25px;
  align-items: center;
}

.collapsible td:not(.col-links) {
  cursor: pointer;
}
.collapsible td:not(.col-links):hover::after {
  color: #bbb;
  font-style: italic;
  cursor: pointer;
}

.col-result {
  width: 130px;
}
.col-result:hover::after {
  content: " (hide details)";
}

.col-result.collapsed:hover::after {
  content: " (show details)";
}

#environment-header h2:hover::after {
  content: " (hide details)";
  color: #bbb;
  font-style: italic;
  cursor: pointer;
  font-size: 12px;
}

#environment-header.collapsed h2:hover::after {
  content: " (show details)";
  color: #bbb;
  font-style: italic;
  cursor: pointer;
  font-size: 12px;
}

/*------------------
 * 3. Sorting items
 *------------------*/
.sortable {
  cursor: pointer;
}
.sortable.desc:after {
  content: " ";
  position: relative;
  left: 5px;
  bottom: -12.5px;
  border: 10px solid #4caf50;
  border-bottom: 0;
  border-left-color: transparent;
  border-right-color: transparent;
}
.sortable.asc:after {
  content: " ";
  position: relative;
  left: 5px;
  bottom: 12.5px;
  border: 10px solid #4caf50;
  border-top: 0;
  border-left-color: transparent;
  border-right-color: transparent;
}

.hidden, .summary__reload__button.hidden {
  display: none;
}

.summary__data {
  flex: 0 0 550px;
}
.summary__reload {
  flex: 1 1;
  display: flex;
  justify-content: center;
}
.summary__reload__button {
  flex: 0 0 300px;
  display: flex;
  color: white;
  font-weight: bold;
  background-color: #4caf50;
  text-align: center;
  justify-content: center;
  align-items: center;
  border-radius: 3px;
  cursor: pointer;
}
.summary__reload__button:hover {
  background-color: #46a049;
}
.summary__spacer {
  flex: 0 0 550px;
}

.controls {
  display: flex;
  justify-content: space-between;
}

.filters,
.collapse {
  display: flex;
  align-items: center;
}
.filters button,
.collapse button {
  color: #999;
  border: none;
  background: none;
  cursor: pointer;
  text-decoration: underline;
}
.filters button:hover,
.collapse button:hover {
  color: #ccc;
}

.filter__label {
  margin-right: 10px;
}

      </style>
    
  </head>
  <body>
    <h1 id="title">report.html</h1>
    <p>Report generated on 11-Dec-2025 at 23:11:32 by <a href="https://pypi.python.org/pypi/pytest-html">pytest-html</a>
        v4.1.1</p>
    <div id="environment-header">
      <h2>Environment</h2>
    </div>
    <table id="environment"></table>
    <!-- TEMPLATES -->
      <template id="template_environment_row">
      <tr>
        <td></td>
        <td></td>
      </tr>
    </template>
    <template id="template_results-table__body--empty">
      <tbody class="results-table-row">
        <tr id="not-found-message">
          <td colspan="4">No results found. Check the filters.</th>
        </tr>
    </template>
    <template id="template_results-table__tbody">
      <tbody class="results-table-row">
        <tr class="collapsible">
        </tr>
        <tr class="extras-row">
          <td class="extra" colspan="4">
            <div class="extraHTML"></div>
            <div class="media">
              <div class="media-container">
                  <div class="media-container__nav--left"><</div>
                  <div class="media-container__viewport">
                    <img src="" />
                    <video controls>
                      <source src="" type="video/mp4">
                    </video>
                  </div>
                  <div class="media-container__nav--right">></div>
                </div>
                <div class="media__name"></div>
                <div class="media__counter"></div>
            </div>
            <div class="logwrapper">
              <div class="logexpander"></div>
              <div class="log"></div>
            </div>
          </td>
        </tr>
      </tbody>
    </template>
    <!-- END TEMPLATES -->
    <div class="summary">
      <div class="summary__data">
        <h2>Summary</h2>
        <div class="additional-summary prefix">
        </div>
        <p class="run-count">165 tests took 00:02:08.</p>
        <p class="filter">(Un)check the boxes to filter the results.</p>
        <div class="summary__reload">
          <div class="summary__reload__button hidden" onclick="location.reload()">
            <div>There are still tests running. <br />Reload this page to get the latest results!</div>
          </div>
        </div>
        <div class="summary__spacer"></div>
        <div class="controls">
          <div class="filters">
            <input checked="true" class="filter" name="filter_checkbox" type="checkbox" data-test-result="failed" />
            <span class="failed">87 Failed,</span>
            <input checked="true" class="filter" name="filter_checkbox" type="checkbox" data-test-result="passed" />
            <span class="passed">78 Passed,</span>
            <input checked="true" class="filter" name="filter_checkbox" type="checkbox" data-test-result="skipped" disabled/>
            <span class="skipped">0 Skipped,</span>
            <input checked="true" class="filter" name="filter_checkbox" type="checkbox" data-test-result="xfailed" disabled/>
            <span class="xfailed">0 Expected failures,</span>
            <input checked="true" class="filter" name="filter_checkbox" type="checkbox" data-test-result="xpassed" disabled/>
            <span class="xpassed">0 Unexpected passes,</span>
            <input checked="true" class="filter" name="filter_checkbox" type="checkbox" data-test-result="error" disabled/>
            <span class="error">0 Errors,</span>
            <input checked="true" class="filter" name="filter_checkbox" type="checkbox" data-test-result="rerun" disabled/>
            <span class="rerun">0 Reruns</span>
          </div>
          <div class="collapse">
            <button id="show_all_details">Show all details</button>&nbsp;/&nbsp;<button id="hide_all_details">Hide all details</button>
          </div>
        </div>
      </div>
      <div class="additional-summary summary">
      </div>
      <div class="additional-summary postfix">
      </div>
    </div>
    <table id="results-table">
      <thead id="results-table-head">
        <tr>
          <th class="sortable" data-column-type="result">Result</th>
          <th class="sortable" data-column-type="testId">Test</th>
          <th class="sortable" data-column-type="duration">Duration</th>
          <th>Links</th>
        </tr>
      </thead>
    </table>
  </body>
  <footer>
    <div id="data-container" data-jsonblob="{&#34;environment&#34;: {&#34;Python&#34;: &#34;3.13.5&#34;, &#34;Platform&#34;: &#34;Windows-11-10.0.26100-SP0&#34;, &#34;Packages&#34;: {&#34;pytest&#34;: &#34;8.4.2&#34;, &#34;pluggy&#34;: &#34;1.6.0&#34;}, &#34;Plugins&#34;: {&#34;anyio&#34;: &#34;4.11.0&#34;, &#34;html&#34;: &#34;4.1.1&#34;, &#34;metadata&#34;: &#34;3.1.1&#34;, &#34;xdist&#34;: &#34;3.8.0&#34;}}, &#34;tests&#34;: {&#34;test_abolayla_chat.py::TestChatEndpointBasic::test_chat_endpoint_exists&#34;: [{&#34;extras&#34;: [], &#34;result&#34;: &#34;Passed&#34;, &#34;testId&#34;: &#34;test_abolayla_chat.py::TestChatEndpointBasic::test_chat_endpoint_exists&#34;, &#34;duration&#34;: &#34;843 ms&#34;, &#34;resultsTableRow&#34;: [&#34;&lt;td class=\&#34;col-result\&#34;&gt;Passed&lt;/td&gt;&#34;, &#34;&lt;td class=\&#34;col-testId\&#34;&gt;test_abolayla_chat.py::TestChatEndpointBasic::test_chat_endpoint_exists&lt;/td&gt;&#34;, &#34;&lt;td class=\&#34;col-duration\&#34;&gt;843 ms&lt;/td&gt;&#34;, &#34;&lt;td class=\&#34;col-links\&#34;&gt;&lt;/td&gt;&#34;], &#34;log&#34;: &#34;No log output captured.&#34;}], &#34;test_abolayla_chat.py::TestChatEndpointBasic::test_chat_returns_json&#34;: [{&#34;extras&#34;: [], &#34;result&#34;: &#34;Passed&#34;, &#34;testId&#34;: &#34;test_abolayla_chat.py::TestChatEndpointBasic::test_chat_returns_json&#34;, &#34;duration&#34;: &#34;165 ms&#34;, &#34;resultsTableRow&#34;: [&#34;&lt;td class=\&#34;col-result\&#34;&gt;Passed&lt;/td&gt;&#34;, &#34;&lt;td class=\&#34;col-testId\&#34;&gt;test_abolayla_chat.py::TestChatEndpointBasic::test_chat_returns_json&lt;/td&gt;&#34;, &#34;&lt;td class=\&#34;col-duration\&#34;&gt;165 ms&lt;/td&gt;&#34;, &#34;&lt;td class=\&#34;col-links\&#34;&gt;&lt;/td&gt;&#34;], &#34;log&#34;: &#34;No log output captured.&#34;}], &#34;test_abolayla_chat.py::TestChatEndpointBasic::test_chat_response_has_required_fields&#34;: [{&#34;extras&#34;: [], &#34;result&#34;: &#34;Passed&#34;, &#34;testId&#34;: &#34;test_abolayla_chat.py::TestChatEndpointBasic::test_chat_response_has_required_fields&#34;, &#34;duration&#34;: &#34;161 ms&#34;, &#34;resultsTableRow&#34;: [&#34;&lt;td class=\&#34;col-result\&#34;&gt;Passed&lt;/td&gt;&#34;, &#34;&lt;td class=\&#34;col-testId\&#34;&gt;test_abolayla_chat.py::TestChatEndpointBasic::test_chat_response_has_required_fields&lt;/td&gt;&#34;, &#34;&lt;td class=\&#34;col-duration\&#34;&gt;161 ms&lt;/td&gt;&#34;, &#34;&lt;td class=\&#34;col-links\&#34;&gt;&lt;/td&gt;&#34;], &#34;log&#34;: &#34;No log output captured.&#34;}], &#34;test_abolayla_chat.py::TestEnglishGreetings::test_hello_greeting&#34;: [{&#34;extras&#34;: [], &#34;result&#34;: &#34;Failed&#34;, &#34;testId&#34;: &#34;test_abolayla_chat.py::TestEnglishGreetings::test_hello_greeting&#34;, &#34;duration&#34;: &#34;165 ms&#34;, &#34;resultsTableRow&#34;: [&#34;&lt;td class=\&#34;col-result\&#34;&gt;Failed&lt;/td&gt;&#34;, &#34;&lt;td class=\&#34;col-testId\&#34;&gt;test_abolayla_chat.py::TestEnglishGreetings::test_hello_greeting&lt;/td&gt;&#34;, &#34;&lt;td class=\&#34;col-duration\&#34;&gt;165 ms&lt;/td&gt;&#34;, &#34;&lt;td class=\&#34;col-links\&#34;&gt;&lt;/td&gt;&#34;], &#34;log&#34;: &#34;self = &amp;lt;test_abolayla_chat.TestEnglishGreetings object at 0x000001F2D8F92490&amp;gt;\nsession = &amp;lt;requests.sessions.Session object at 0x000001F2D8ECEBA0&amp;gt;\nchat_endpoint = &amp;#x27;https://alyibrahim.pythonanywhere.com/chat&amp;#x27;\ntest_course_id = 27\n\n    def test_hello_greeting(self, session, chat_endpoint, test_course_id):\n        &amp;quot;&amp;quot;&amp;quot;Test &amp;#x27;hello&amp;#x27; is recognized as a greeting.&amp;quot;&amp;quot;&amp;quot;\n        response = session.post(chat_endpoint, json={\n            &amp;quot;message&amp;quot;: &amp;quot;hello&amp;quot;,\n            &amp;quot;co_id&amp;quot;: test_course_id\n        })\n&amp;gt;       assert response.status_code == 200\nE       assert 400 == 200\nE        +  where 400 = &amp;lt;Response [400]&amp;gt;.status_code\n\ntest_abolayla_chat.py:57: AssertionError\n&#34;}], &#34;test_abolayla_chat.py::TestEnglishGreetings::test_hi_greeting&#34;: [{&#34;extras&#34;: [], &#34;result&#34;: &#34;Failed&#34;, &#34;testId&#34;: &#34;test_abolayla_chat.py::TestEnglishGreetings::test_hi_greeting&#34;, &#34;duration&#34;: &#34;166 ms&#34;, &#34;resultsTableRow&#34;: [&#34;&lt;td class=\&#34;col-result\&#34;&gt;Failed&lt;/td&gt;&#34;, &#34;&lt;td class=\&#34;col-testId\&#34;&gt;test_abolayla_chat.py::TestEnglishGreetings::test_hi_greeting&lt;/td&gt;&#34;, &#34;&lt;td class=\&#34;col-duration\&#34;&gt;166 ms&lt;/td&gt;&#34;, &#34;&lt;td class=\&#34;col-links\&#34;&gt;&lt;/td&gt;&#34;], &#34;log&#34;: &#34;self = &amp;lt;test_abolayla_chat.TestEnglishGreetings object at 0x000001F2D8F92210&amp;gt;\nsession = &amp;lt;requests.sessions.Session object at 0x000001F2D8ECEBA0&amp;gt;\nchat_endpoint = &amp;#x27;https://alyibrahim.pythonanywhere.com/chat&amp;#x27;\ntest_course_id = 27\n\n    def test_hi_greeting(self, session, chat_endpoint, test_course_id):\n        &amp;quot;&amp;quot;&amp;quot;Test &amp;#x27;hi&amp;#x27; is recognized as a greeting.&amp;quot;&amp;quot;&amp;quot;\n        response = session.post(chat_endpoint, json={\n            &amp;quot;message&amp;quot;: &amp;quot;hi&amp;quot;,\n            &amp;quot;co_id&amp;quot;: test_course_id\n        })\n&amp;gt;       assert response.status_code == 200\nE       assert 400 == 200\nE        +  where 400 = &amp;lt;Response [400]&amp;gt;.status_code\n\ntest_abolayla_chat.py:68: AssertionError\n&#34;}], &#34;test_abolayla_chat.py::TestEnglishGreetings::test_hey_greeting&#34;: [{&#34;extras&#34;: [], &#34;result&#34;: &#34;Failed&#34;, &#34;testId&#34;: &#34;test_abolayla_chat.py::TestEnglishGreetings::test_hey_greeting&#34;, &#34;duration&#34;: &#34;166 ms&#34;, &#34;resultsTableRow&#34;: [&#34;&lt;td class=\&#34;col-result\&#34;&gt;Failed&lt;/td&gt;&#34;, &#34;&lt;td class=\&#34;col-testId\&#34;&gt;test_abolayla_chat.py::TestEnglishGreetings::test_hey_greeting&lt;/td&gt;&#34;, &#34;&lt;td class=\&#34;col-duration\&#34;&gt;166 ms&lt;/td&gt;&#34;, &#34;&lt;td class=\&#34;col-links\&#34;&gt;&lt;/td&gt;&#34;], &#34;log&#34;: &#34;self = &amp;lt;test_abolayla_chat.TestEnglishGreetings object at 0x000001F2D8F9C640&amp;gt;\nsession = &amp;lt;requests.sessions.Session object at 0x000001F2D8ECEBA0&amp;gt;\nchat_endpoint = &amp;#x27;https://alyibrahim.pythonanywhere.com/chat&amp;#x27;\ntest_course_id = 27\n\n    def test_hey_greeting(self, session, chat_endpoint, test_course_id):\n        &amp;quot;&amp;quot;&amp;quot;Test &amp;#x27;hey&amp;#x27; is recognized as a greeting.&amp;quot;&amp;quot;&amp;quot;\n        response = session.post(chat_endpoint, json={\n            &amp;quot;message&amp;quot;: &amp;quot;hey&amp;quot;,\n            &amp;quot;co_id&amp;quot;: test_course_id\n        })\n&amp;gt;       assert response.status_code == 200\nE       assert 400 == 200\nE        +  where 400 = &amp;lt;Response [400]&amp;gt;.status_code\n\ntest_abolayla_chat.py:76: AssertionError\n&#34;}], &#34;test_abolayla_chat.py::TestEnglishGreetings::test_good_morning_greeting&#34;: [{&#34;extras&#34;: [], &#34;result&#34;: &#34;Failed&#34;, &#34;testId&#34;: &#34;test_abolayla_chat.py::TestEnglishGreetings::test_good_morning_greeting&#34;, &#34;duration&#34;: &#34;165 ms&#34;, &#34;resultsTableRow&#34;: [&#34;&lt;td class=\&#34;col-result\&#34;&gt;Failed&lt;/td&gt;&#34;, &#34;&lt;td class=\&#34;col-testId\&#34;&gt;test_abolayla_chat.py::TestEnglishGreetings::test_good_morning_greeting&lt;/td&gt;&#34;, &#34;&lt;td class=\&#34;col-duration\&#34;&gt;165 ms&lt;/td&gt;&#34;, &#34;&lt;td class=\&#34;col-links\&#34;&gt;&lt;/td&gt;&#34;], &#34;log&#34;: &#34;self = &amp;lt;test_abolayla_chat.TestEnglishGreetings object at 0x000001F2D8F9C770&amp;gt;\nsession = &amp;lt;requests.sessions.Session object at 0x000001F2D8ECEBA0&amp;gt;\nchat_endpoint = &amp;#x27;https://alyibrahim.pythonanywhere.com/chat&amp;#x27;\ntest_course_id = 27\n\n    def test_good_morning_greeting(self, session, chat_endpoint, test_course_id):\n        &amp;quot;&amp;quot;&amp;quot;Test &amp;#x27;good morning&amp;#x27; is recognized as a greeting.&amp;quot;&amp;quot;&amp;quot;\n        response = session.post(chat_endpoint, json={\n            &amp;quot;message&amp;quot;: &amp;quot;good morning&amp;quot;,\n            &amp;quot;co_id&amp;quot;: test_course_id\n        })\n&amp;gt;       assert response.status_code == 200\nE       assert 400 == 200\nE        +  where 400 = &amp;lt;Response [400]&amp;gt;.status_code\n\ntest_abolayla_chat.py:84: AssertionError\n&#34;}], &#34;test_abolayla_chat.py::TestEnglishGreetings::test_good_afternoon_greeting&#34;: [{&#34;extras&#34;: [], &#34;result&#34;: &#34;Failed&#34;, &#34;testId&#34;: &#34;test_abolayla_chat.py::TestEnglishGreetings::test_good_afternoon_greeting&#34;, &#34;duration&#34;: &#34;165 ms&#34;, &#34;resultsTableRow&#34;: [&#34;&lt;td class=\&#34;col-result\&#34;&gt;Failed&lt;/td&gt;&#34;, &#34;&lt;td class=\&#34;col-testId\&#34;&gt;test_abolayla_chat.py::TestEnglishGreetings::test_good_afternoon_greeting&lt;/td&gt;&#34;, &#34;&lt;td class=\&#34;col-duration\&#34;&gt;165 ms&lt;/td&gt;&#34;, &#34;&lt;td class=\&#34;col-links\&#34;&gt;&lt;/td&gt;&#34;], &#34;log&#34;: &#34;self = &amp;lt;test_abolayla_chat.TestEnglishGreetings object at 0x000001F2D8EE32F0&amp;gt;\nsession = &amp;lt;requests.sessions.Session object at 0x000001F2D8ECEBA0&amp;gt;\nchat_endpoint = &amp;#x27;https://alyibrahim.pythonanywhere.com/chat&amp;#x27;\ntest_course_id = 27\n\n    def test_good_afternoon_greeting(self, session, chat_endpoint, test_course_id):\n        &amp;quot;&amp;quot;&amp;quot;Test &amp;#x27;good afternoon&amp;#x27; is recognized as a greeting.&amp;quot;&amp;quot;&amp;quot;\n        response = session.post(chat_endpoint, json={\n            &amp;quot;message&amp;quot;: &amp;quot;good afternoon&amp;quot;,\n            &amp;quot;co_id&amp;quot;: test_course_id\n        })\n&amp;gt;       assert response.status_code == 200\nE       assert 400 == 200\nE        +  where 400 = &amp;lt;Response [400]&amp;gt;.status_code\n\ntest_abolayla_chat.py:92: AssertionError\n&#34;}], &#34;test_abolayla_chat.py::TestEnglishGreetings::test_good_evening_greeting&#34;: [{&#34;extras&#34;: [], &#34;result&#34;: &#34;Failed&#34;, &#34;testId&#34;: &#34;test_abolayla_chat.py::TestEnglishGreetings::test_good_evening_greeting&#34;, &#34;duration&#34;: &#34;173 ms&#34;, &#34;resultsTableRow&#34;: [&#34;&lt;td class=\&#34;col-result\&#34;&gt;Failed&lt;/td&gt;&#34;, &#34;&lt;td class=\&#34;col-testId\&#34;&gt;test_abolayla_chat.py::TestEnglishGreetings::test_good_evening_greeting&lt;/td&gt;&#34;, &#34;&lt;td class=\&#34;col-duration\&#34;&gt;173 ms&lt;/td&gt;&#34;, &#34;&lt;td class=\&#34;col-links\&#34;&gt;&lt;/td&gt;&#34;], &#34;log&#34;: &#34;self = &amp;lt;test_abolayla_chat.TestEnglishGreetings object at 0x000001F2D8E47DF0&amp;gt;\nsession = &amp;lt;requests.sessions.Session object at 0x000001F2D8ECEBA0&amp;gt;\nchat_endpoint = &amp;#x27;https://alyibrahim.pythonanywhere.com/chat&amp;#x27;\ntest_course_id = 27\n\n    def test_good_evening_greeting(self, session, chat_endpoint, test_course_id):\n        &amp;quot;&amp;quot;&amp;quot;Test &amp;#x27;good evening&amp;#x27; is recognized as a greeting.&amp;quot;&amp;quot;&amp;quot;\n        response = session.post(chat_endpoint, json={\n            &amp;quot;message&amp;quot;: &amp;quot;good evening&amp;quot;,\n            &amp;quot;co_id&amp;quot;: test_course_id\n        })\n&amp;gt;       assert response.status_code == 200\nE       assert 400 == 200\nE        +  where 400 = &amp;lt;Response [400]&amp;gt;.status_code\n\ntest_abolayla_chat.py:100: AssertionError\n&#34;}], &#34;test_abolayla_chat.py::TestEnglishGreetings::test_whats_up_greeting&#34;: [{&#34;extras&#34;: [], &#34;result&#34;: &#34;Failed&#34;, &#34;testId&#34;: &#34;test_abolayla_chat.py::TestEnglishGreetings::test_whats_up_greeting&#34;, &#34;duration&#34;: &#34;178 ms&#34;, &#34;resultsTableRow&#34;: [&#34;&lt;td class=\&#34;col-result\&#34;&gt;Failed&lt;/td&gt;&#34;, &#34;&lt;td class=\&#34;col-testId\&#34;&gt;test_abolayla_chat.py::TestEnglishGreetings::test_whats_up_greeting&lt;/td&gt;&#34;, &#34;&lt;td class=\&#34;col-duration\&#34;&gt;178 ms&lt;/td&gt;&#34;, &#34;&lt;td class=\&#34;col-links\&#34;&gt;&lt;/td&gt;&#34;], &#34;log&#34;: &#34;self = &amp;lt;test_abolayla_chat.TestEnglishGreetings object at 0x000001F2D8E47F00&amp;gt;\nsession = &amp;lt;requests.sessions.Session object at 0x000001F2D8ECEBA0&amp;gt;\nchat_endpoint = &amp;#x27;https://alyibrahim.pythonanywhere.com/chat&amp;#x27;\ntest_course_id = 27\n\n    def test_whats_up_greeting(self, session, chat_endpoint, test_course_id):\n        &amp;quot;&amp;quot;&amp;quot;Test &amp;#x27;what&amp;#x27;s up&amp;#x27; is recognized as a greeting.&amp;quot;&amp;quot;&amp;quot;\n        response = session.post(chat_endpoint, json={\n            &amp;quot;message&amp;quot;: &amp;quot;what&amp;#x27;s up&amp;quot;,\n            &amp;quot;co_id&amp;quot;: test_course_id\n        })\n&amp;gt;       assert response.status_code == 200\nE       assert 400 == 200\nE        +  where 400 = &amp;lt;Response [400]&amp;gt;.status_code\n\ntest_abolayla_chat.py:108: AssertionError\n&#34;}], &#34;test_abolayla_chat.py::TestEnglishGreetings::test_uppercase_greeting&#34;: [{&#34;extras&#34;: [], &#34;result&#34;: &#34;Failed&#34;, &#34;testId&#34;: &#34;test_abolayla_chat.py::TestEnglishGreetings::test_uppercase_greeting&#34;, &#34;duration&#34;: &#34;166 ms&#34;, &#34;resultsTableRow&#34;: [&#34;&lt;td class=\&#34;col-result\&#34;&gt;Failed&lt;/td&gt;&#34;, &#34;&lt;td class=\&#34;col-testId\&#34;&gt;test_abolayla_chat.py::TestEnglishGreetings::test_uppercase_greeting&lt;/td&gt;&#34;, &#34;&lt;td class=\&#34;col-duration\&#34;&gt;166 ms&lt;/td&gt;&#34;, &#34;&lt;td class=\&#34;col-links\&#34;&gt;&lt;/td&gt;&#34;], &#34;log&#34;: &#34;self = &amp;lt;test_abolayla_chat.TestEnglishGreetings object at 0x000001F2D8ED6750&amp;gt;\nsession = &amp;lt;requests.sessions.Session object at 0x000001F2D8ECEBA0&amp;gt;\nchat_endpoint = &amp;#x27;https://alyibrahim.pythonanywhere.com/chat&amp;#x27;\ntest_course_id = 27\n\n    def test_uppercase_greeting(self, session, chat_endpoint, test_course_id):\n        &amp;quot;&amp;quot;&amp;quot;Test uppercase greetings are recognized.&amp;quot;&amp;quot;&amp;quot;\n        response = session.post(chat_endpoint, json={\n            &amp;quot;message&amp;quot;: &amp;quot;HELLO&amp;quot;,\n            &amp;quot;co_id&amp;quot;: test_course_id\n        })\n&amp;gt;       assert response.status_code == 200\nE       assert 400 == 200\nE        +  where 400 = &amp;lt;Response [400]&amp;gt;.status_code\n\ntest_abolayla_chat.py:116: AssertionError\n&#34;}], &#34;test_abolayla_chat.py::TestEnglishGreetings::test_mixed_case_greeting&#34;: [{&#34;extras&#34;: [], &#34;result&#34;: &#34;Failed&#34;, &#34;testId&#34;: &#34;test_abolayla_chat.py::TestEnglishGreetings::test_mixed_case_greeting&#34;, &#34;duration&#34;: &#34;163 ms&#34;, &#34;resultsTableRow&#34;: [&#34;&lt;td class=\&#34;col-result\&#34;&gt;Failed&lt;/td&gt;&#34;, &#34;&lt;td class=\&#34;col-testId\&#34;&gt;test_abolayla_chat.py::TestEnglishGreetings::test_mixed_case_greeting&lt;/td&gt;&#34;, &#34;&lt;td class=\&#34;col-duration\&#34;&gt;163 ms&lt;/td&gt;&#34;, &#34;&lt;td class=\&#34;col-links\&#34;&gt;&lt;/td&gt;&#34;], &#34;log&#34;: &#34;self = &amp;lt;test_abolayla_chat.TestEnglishGreetings object at 0x000001F2D8ED6850&amp;gt;\nsession = &amp;lt;requests.sessions.Session object at 0x000001F2D8ECEBA0&amp;gt;\nchat_endpoint = &amp;#x27;https://alyibrahim.pythonanywhere.com/chat&amp;#x27;\ntest_course_id = 27\n\n    def test_mixed_case_greeting(self, session, chat_endpoint, test_course_id):\n        &amp;quot;&amp;quot;&amp;quot;Test mixed case greetings are recognized.&amp;quot;&amp;quot;&amp;quot;\n        response = session.post(chat_endpoint, json={\n            &amp;quot;message&amp;quot;: &amp;quot;HeLLo ThErE&amp;quot;,\n            &amp;quot;co_id&amp;quot;: test_course_id\n        })\n&amp;gt;       assert response.status_code == 200\nE       assert 400 == 200\nE        +  where 400 = &amp;lt;Response [400]&amp;gt;.status_code\n\ntest_abolayla_chat.py:124: AssertionError\n&#34;}], &#34;test_abolayla_chat.py::TestEnglishGreetings::test_greeting_with_punctuation&#34;: [{&#34;extras&#34;: [], &#34;result&#34;: &#34;Failed&#34;, &#34;testId&#34;: &#34;test_abolayla_chat.py::TestEnglishGreetings::test_greeting_with_punctuation&#34;, &#34;duration&#34;: &#34;159 ms&#34;, &#34;resultsTableRow&#34;: [&#34;&lt;td class=\&#34;col-result\&#34;&gt;Failed&lt;/td&gt;&#34;, &#34;&lt;td class=\&#34;col-testId\&#34;&gt;test_abolayla_chat.py::TestEnglishGreetings::test_greeting_with_punctuation&lt;/td&gt;&#34;, &#34;&lt;td class=\&#34;col-duration\&#34;&gt;159 ms&lt;/td&gt;&#34;, &#34;&lt;td class=\&#34;col-links\&#34;&gt;&lt;/td&gt;&#34;], &#34;log&#34;: &#34;self = &amp;lt;test_abolayla_chat.TestEnglishGreetings object at 0x000001F2D8FCC320&amp;gt;\nsession = &amp;lt;requests.sessions.Session object at 0x000001F2D8ECEBA0&amp;gt;\nchat_endpoint = &amp;#x27;https://alyibrahim.pythonanywhere.com/chat&amp;#x27;\ntest_course_id = 27\n\n    def test_greeting_with_punctuation(self, session, chat_endpoint, test_course_id):\n        &amp;quot;&amp;quot;&amp;quot;Test greetings with punctuation are recognized.&amp;quot;&amp;quot;&amp;quot;\n        response = session.post(chat_endpoint, json={\n            &amp;quot;message&amp;quot;: &amp;quot;Hello!&amp;quot;,\n            &amp;quot;co_id&amp;quot;: test_course_id\n        })\n&amp;gt;       assert response.status_code == 200\nE       assert 400 == 200\nE        +  where 400 = &amp;lt;Response [400]&amp;gt;.status_code\n\ntest_abolayla_chat.py:132: AssertionError\n&#34;}], &#34;test_abolayla_chat.py::TestEnglishGreetings::test_greeting_with_extra_spaces&#34;: [{&#34;extras&#34;: [], &#34;result&#34;: &#34;Failed&#34;, &#34;testId&#34;: &#34;test_abolayla_chat.py::TestEnglishGreetings::test_greeting_with_extra_spaces&#34;, &#34;duration&#34;: &#34;162 ms&#34;, &#34;resultsTableRow&#34;: [&#34;&lt;td class=\&#34;col-result\&#34;&gt;Failed&lt;/td&gt;&#34;, &#34;&lt;td class=\&#34;col-testId\&#34;&gt;test_abolayla_chat.py::TestEnglishGreetings::test_greeting_with_extra_spaces&lt;/td&gt;&#34;, &#34;&lt;td class=\&#34;col-duration\&#34;&gt;162 ms&lt;/td&gt;&#34;, &#34;&lt;td class=\&#34;col-links\&#34;&gt;&lt;/td&gt;&#34;], &#34;log&#34;: &#34;self = &amp;lt;test_abolayla_chat.TestEnglishGreetings object at 0x000001F2D8FCC410&amp;gt;\nsession = &amp;lt;requests.sessions.Session object at 0x000001F2D8ECEBA0&amp;gt;\nchat_endpoint = &amp;#x27;https://alyibrahim.pythonanywhere.com/chat&amp;#x27;\ntest_course_id = 27\n\n    def test_greeting_with_extra_spaces(self, session, chat_endpoint, test_course_id):\n        &amp;quot;&amp;quot;&amp;quot;Test greetings with extra spaces are handled.&amp;quot;&amp;quot;&amp;quot;\n        response = session.post(chat_endpoint, json={\n            &amp;quot;message&amp;quot;: &amp;quot;  hello  &amp;quot;,\n            &amp;quot;co_id&amp;quot;: test_course_id\n        })\n&amp;gt;       assert response.status_code == 200\nE       assert 400 == 200\nE        +  where 400 = &amp;lt;Response [400]&amp;gt;.status_code\n\ntest_abolayla_chat.py:140: AssertionError\n&#34;}], &#34;test_abolayla_chat.py::TestArabicGreetings::test_marhaba_greeting&#34;: [{&#34;extras&#34;: [], &#34;result&#34;: &#34;Failed&#34;, &#34;testId&#34;: &#34;test_abolayla_chat.py::TestArabicGreetings::test_marhaba_greeting&#34;, &#34;duration&#34;: &#34;162 ms&#34;, &#34;resultsTableRow&#34;: [&#34;&lt;td class=\&#34;col-result\&#34;&gt;Failed&lt;/td&gt;&#34;, &#34;&lt;td class=\&#34;col-testId\&#34;&gt;test_abolayla_chat.py::TestArabicGreetings::test_marhaba_greeting&lt;/td&gt;&#34;, &#34;&lt;td class=\&#34;col-duration\&#34;&gt;162 ms&lt;/td&gt;&#34;, &#34;&lt;td class=\&#34;col-links\&#34;&gt;&lt;/td&gt;&#34;], &#34;log&#34;: &#34;self = &amp;lt;test_abolayla_chat.TestArabicGreetings object at 0x000001F2D8F925D0&amp;gt;\nsession = &amp;lt;requests.sessions.Session object at 0x000001F2D8ECEBA0&amp;gt;\nchat_endpoint = &amp;#x27;https://alyibrahim.pythonanywhere.com/chat&amp;#x27;\ntest_course_id = 27\n\n    def test_marhaba_greeting(self, session, chat_endpoint, test_course_id):\n        &amp;quot;&amp;quot;&amp;quot;Test &amp;#x27;\u0645\u0631\u062d\u0628\u0627&amp;#x27; is recognized as a greeting.&amp;quot;&amp;quot;&amp;quot;\n        response = session.post(chat_endpoint, json={\n            &amp;quot;message&amp;quot;: &amp;quot;\u0645\u0631\u062d\u0628\u0627&amp;quot;,\n            &amp;quot;co_id&amp;quot;: test_course_id\n        })\n&amp;gt;       assert response.status_code == 200\nE       assert 400 == 200\nE        +  where 400 = &amp;lt;Response [400]&amp;gt;.status_code\n\ntest_abolayla_chat.py:152: AssertionError\n&#34;}], &#34;test_abolayla_chat.py::TestArabicGreetings::test_ahlan_greeting&#34;: [{&#34;extras&#34;: [], &#34;result&#34;: &#34;Failed&#34;, &#34;testId&#34;: &#34;test_abolayla_chat.py::TestArabicGreetings::test_ahlan_greeting&#34;, &#34;duration&#34;: &#34;164 ms&#34;, &#34;resultsTableRow&#34;: [&#34;&lt;td class=\&#34;col-result\&#34;&gt;Failed&lt;/td&gt;&#34;, &#34;&lt;td class=\&#34;col-testId\&#34;&gt;test_abolayla_chat.py::TestArabicGreetings::test_ahlan_greeting&lt;/td&gt;&#34;, &#34;&lt;td class=\&#34;col-duration\&#34;&gt;164 ms&lt;/td&gt;&#34;, &#34;&lt;td class=\&#34;col-links\&#34;&gt;&lt;/td&gt;&#34;], &#34;log&#34;: &#34;self = &amp;lt;test_abolayla_chat.TestArabicGreetings object at 0x000001F2D8F92710&amp;gt;\nsession = &amp;lt;requests.sessions.Session object at 0x000001F2D8ECEBA0&amp;gt;\nchat_endpoint = &amp;#x27;https://alyibrahim.pythonanywhere.com/chat&amp;#x27;\ntest_course_id = 27\n\n    def test_ahlan_greeting(self, session, chat_endpoint, test_course_id):\n        &amp;quot;&amp;quot;&amp;quot;Test &amp;#x27;\u0627\u0647\u0644\u0627&amp;#x27; is recognized as a greeting.&amp;quot;&amp;quot;&amp;quot;\n        response = session.post(chat_endpoint, json={\n            &amp;quot;message&amp;quot;: &amp;quot;\u0627\u0647\u0644\u0627&amp;quot;,\n            &amp;quot;co_id&amp;quot;: test_course_id\n        })\n&amp;gt;       assert response.status_code == 200\nE       assert 400 == 200\nE        +  where 400 = &amp;lt;Response [400]&amp;gt;.status_code\n\ntest_abolayla_chat.py:160: AssertionError\n&#34;}], &#34;test_abolayla_chat.py::TestArabicGreetings::test_salam_greeting&#34;: [{&#34;extras&#34;: [], &#34;result&#34;: &#34;Failed&#34;, &#34;testId&#34;: &#34;test_abolayla_chat.py::TestArabicGreetings::test_salam_greeting&#34;, &#34;duration&#34;: &#34;163 ms&#34;, &#34;resultsTableRow&#34;: [&#34;&lt;td class=\&#34;col-result\&#34;&gt;Failed&lt;/td&gt;&#34;, &#34;&lt;td class=\&#34;col-testId\&#34;&gt;test_abolayla_chat.py::TestArabicGreetings::test_salam_greeting&lt;/td&gt;&#34;, &#34;&lt;td class=\&#34;col-duration\&#34;&gt;163 ms&lt;/td&gt;&#34;, &#34;&lt;td class=\&#34;col-links\&#34;&gt;&lt;/td&gt;&#34;], &#34;log&#34;: &#34;self = &amp;lt;test_abolayla_chat.TestArabicGreetings object at 0x000001F2D8F9CB00&amp;gt;\nsession = &amp;lt;requests.sessions.Session object at 0x000001F2D8ECEBA0&amp;gt;\nchat_endpoint = &amp;#x27;https://alyibrahim.pythonanywhere.com/chat&amp;#x27;\ntest_course_id = 27\n\n    def test_salam_greeting(self, session, chat_endpoint, test_course_id):\n        &amp;quot;&amp;quot;&amp;quot;Test &amp;#x27;\u0627\u0644\u0633\u0644\u0627\u0645 \u0639\u0644\u064a\u0643\u0645&amp;#x27; is recognized as a greeting.&amp;quot;&amp;quot;&amp;quot;\n        response = session.post(chat_endpoint, json={\n            &amp;quot;message&amp;quot;: &amp;quot;\u0627\u0644\u0633\u0644\u0627\u0645 \u0639\u0644\u064a\u0643\u0645&amp;quot;,\n            &amp;quot;co_id&amp;quot;: test_course_id\n        })\n&amp;gt;       assert response.status_code == 200\nE       assert 400 == 200\nE        +  where 400 = &amp;lt;Response [400]&amp;gt;.status_code\n\ntest_abolayla_chat.py:168: AssertionError\n&#34;}], &#34;test_abolayla_chat.py::TestArabicGreetings::test_sabah_alkheir_greeting&#34;: [{&#34;extras&#34;: [], &#34;result&#34;: &#34;Failed&#34;, &#34;testId&#34;: &#34;test_abolayla_chat.py::TestArabicGreetings::test_sabah_alkheir_greeting&#34;, &#34;duration&#34;: &#34;162 ms&#34;, &#34;resultsTableRow&#34;: [&#34;&lt;td class=\&#34;col-result\&#34;&gt;Failed&lt;/td&gt;&#34;, &#34;&lt;td class=\&#34;col-testId\&#34;&gt;test_abolayla_chat.py::TestArabicGreetings::test_sabah_alkheir_greeting&lt;/td&gt;&#34;, &#34;&lt;td class=\&#34;col-duration\&#34;&gt;162 ms&lt;/td&gt;&#34;, &#34;&lt;td class=\&#34;col-links\&#34;&gt;&lt;/td&gt;&#34;], &#34;log&#34;: &#34;self = &amp;lt;test_abolayla_chat.TestArabicGreetings object at 0x000001F2D8F9C9D0&amp;gt;\nsession = &amp;lt;requests.sessions.Session object at 0x000001F2D8ECEBA0&amp;gt;\nchat_endpoint = &amp;#x27;https://alyibrahim.pythonanywhere.com/chat&amp;#x27;\ntest_course_id = 27\n\n    def test_sabah_alkheir_greeting(self, session, chat_endpoint, test_course_id):\n        &amp;quot;&amp;quot;&amp;quot;Test &amp;#x27;\u0635\u0628\u0627\u062d \u0627\u0644\u062e\u064a\u0631&amp;#x27; is recognized as a greeting.&amp;quot;&amp;quot;&amp;quot;\n        response = session.post(chat_endpoint, json={\n            &amp;quot;message&amp;quot;: &amp;quot;\u0635\u0628\u0627\u062d \u0627\u0644\u062e\u064a\u0631&amp;quot;,\n            &amp;quot;co_id&amp;quot;: test_course_id\n        })\n&amp;gt;       assert response.status_code == 200\nE       assert 400 == 200\nE        +  where 400 = &amp;lt;Response [400]&amp;gt;.status_code\n\ntest_abolayla_chat.py:176: AssertionError\n&#34;}], &#34;test_abolayla_chat.py::TestArabicGreetings::test_masa_alkheir_greeting&#34;: [{&#34;extras&#34;: [], &#34;result&#34;: &#34;Failed&#34;, &#34;testId&#34;: &#34;test_abolayla_chat.py::TestArabicGreetings::test_masa_alkheir_greeting&#34;, &#34;duration&#34;: &#34;170 ms&#34;, &#34;resultsTableRow&#34;: [&#34;&lt;td class=\&#34;col-result\&#34;&gt;Failed&lt;/td&gt;&#34;, &#34;&lt;td class=\&#34;col-testId\&#34;&gt;test_abolayla_chat.py::TestArabicGreetings::test_masa_alkheir_greeting&lt;/td&gt;&#34;, &#34;&lt;td class=\&#34;col-duration\&#34;&gt;170 ms&lt;/td&gt;&#34;, &#34;&lt;td class=\&#34;col-links\&#34;&gt;&lt;/td&gt;&#34;], &#34;log&#34;: &#34;self = &amp;lt;test_abolayla_chat.TestArabicGreetings object at 0x000001F2D8EE3890&amp;gt;\nsession = &amp;lt;requests.sessions.Session object at 0x000001F2D8ECEBA0&amp;gt;\nchat_endpoint = &amp;#x27;https://alyibrahim.pythonanywhere.com/chat&amp;#x27;\ntest_course_id = 27\n\n    def test_masa_alkheir_greeting(self, session, chat_endpoint, test_course_id):\n        &amp;quot;&amp;quot;&amp;quot;Test &amp;#x27;\u0645\u0633\u0627\u0621 \u0627\u0644\u062e\u064a\u0631&amp;#x27; is recognized as a greeting.&amp;quot;&amp;quot;&amp;quot;\n        response = session.post(chat_endpoint, json={\n            &amp;quot;message&amp;quot;: &amp;quot;\u0645\u0633\u0627\u0621 \u0627\u0644\u062e\u064a\u0631&amp;quot;,\n            &amp;quot;co_id&amp;quot;: test_course_id\n        })\n&amp;gt;       assert response.status_code == 200\nE       assert 400 == 200\nE        +  where 400 = &amp;lt;Response [400]&amp;gt;.status_code\n\ntest_abolayla_chat.py:184: AssertionError\n&#34;}], &#34;test_abolayla_chat.py::TestArabicGreetings::test_keefak_greeting&#34;: [{&#34;extras&#34;: [], &#34;result&#34;: &#34;Failed&#34;, &#34;testId&#34;: &#34;test_abolayla_chat.py::TestArabicGreetings::test_keefak_greeting&#34;, &#34;duration&#34;: &#34;172 ms&#34;, &#34;resultsTableRow&#34;: [&#34;&lt;td class=\&#34;col-result\&#34;&gt;Failed&lt;/td&gt;&#34;, &#34;&lt;td class=\&#34;col-testId\&#34;&gt;test_abolayla_chat.py::TestArabicGreetings::test_keefak_greeting&lt;/td&gt;&#34;, &#34;&lt;td class=\&#34;col-duration\&#34;&gt;172 ms&lt;/td&gt;&#34;, &#34;&lt;td class=\&#34;col-links\&#34;&gt;&lt;/td&gt;&#34;], &#34;log&#34;: &#34;self = &amp;lt;test_abolayla_chat.TestArabicGreetings object at 0x000001F2D8E47CE0&amp;gt;\nsession = &amp;lt;requests.sessions.Session object at 0x000001F2D8ECEBA0&amp;gt;\nchat_endpoint = &amp;#x27;https://alyibrahim.pythonanywhere.com/chat&amp;#x27;\ntest_course_id = 27\n\n    def test_keefak_greeting(self, session, chat_endpoint, test_course_id):\n        &amp;quot;&amp;quot;&amp;quot;Test &amp;#x27;\u0643\u064a\u0641\u0643&amp;#x27; is recognized as a greeting.&amp;quot;&amp;quot;&amp;quot;\n        response = session.post(chat_endpoint, json={\n            &amp;quot;message&amp;quot;: &amp;quot;\u0643\u064a\u0641\u0643&amp;quot;,\n            &amp;quot;co_id&amp;quot;: test_course_id\n        })\n&amp;gt;       assert response.status_code == 200\nE       assert 400 == 200\nE        +  where 400 = &amp;lt;Response [400]&amp;gt;.status_code\n\ntest_abolayla_chat.py:192: AssertionError\n&#34;}], &#34;test_abolayla_chat.py::TestArabicGreetings::test_ezzayak_greeting&#34;: [{&#34;extras&#34;: [], &#34;result&#34;: &#34;Failed&#34;, &#34;testId&#34;: &#34;test_abolayla_chat.py::TestArabicGreetings::test_ezzayak_greeting&#34;, &#34;duration&#34;: &#34;164 ms&#34;, &#34;resultsTableRow&#34;: [&#34;&lt;td class=\&#34;col-result\&#34;&gt;Failed&lt;/td&gt;&#34;, &#34;&lt;td class=\&#34;col-testId\&#34;&gt;test_abolayla_chat.py::TestArabicGreetings::test_ezzayak_greeting&lt;/td&gt;&#34;, &#34;&lt;td class=\&#34;col-duration\&#34;&gt;164 ms&lt;/td&gt;&#34;, &#34;&lt;td class=\&#34;col-links\&#34;&gt;&lt;/td&gt;&#34;], &#34;log&#34;: &#34;self = &amp;lt;test_abolayla_chat.TestArabicGreetings object at 0x000001F2D8FE4050&amp;gt;\nsession = &amp;lt;requests.sessions.Session object at 0x000001F2D8ECEBA0&amp;gt;\nchat_endpoint = &amp;#x27;https://alyibrahim.pythonanywhere.com/chat&amp;#x27;\ntest_course_id = 27\n\n    def test_ezzayak_greeting(self, session, chat_endpoint, test_course_id):\n        &amp;quot;&amp;quot;&amp;quot;Test &amp;#x27;\u0627\u0632\u0627\u064a\u0643&amp;#x27; (Egyptian) is recognized as a greeting.&amp;quot;&amp;quot;&amp;quot;\n        response = session.post(chat_endpoint, json={\n            &amp;quot;message&amp;quot;: &amp;quot;\u0627\u0632\u0627\u064a\u0643&amp;quot;,\n            &amp;quot;co_id&amp;quot;: test_course_id\n        })\n&amp;gt;       assert response.status_code == 200\nE       assert 400 == 200\nE        +  where 400 = &amp;lt;Response [400]&amp;gt;.status_code\n\ntest_abolayla_chat.py:200: AssertionError\n&#34;}], &#34;test_abolayla_chat.py::TestArabicGreetings::test_ezayek_greeting&#34;: [{&#34;extras&#34;: [], &#34;result&#34;: &#34;Failed&#34;, &#34;testId&#34;: &#34;test_abolayla_chat.py::TestArabicGreetings::test_ezayek_greeting&#34;, &#34;duration&#34;: &#34;164 ms&#34;, &#34;resultsTableRow&#34;: [&#34;&lt;td class=\&#34;col-result\&#34;&gt;Failed&lt;/td&gt;&#34;, &#34;&lt;td class=\&#34;col-testId\&#34;&gt;test_abolayla_chat.py::TestArabicGreetings::test_ezayek_greeting&lt;/td&gt;&#34;, &#34;&lt;td class=\&#34;col-duration\&#34;&gt;164 ms&lt;/td&gt;&#34;, &#34;&lt;td class=\&#34;col-links\&#34;&gt;&lt;/td&gt;&#34;], &#34;log&#34;: &#34;self = &amp;lt;test_abolayla_chat.TestArabicGreetings object at 0x000001F2D8ED6650&amp;gt;\nsession = &amp;lt;requests.sessions.Session object at 0x000001F2D8ECEBA0&amp;gt;\nchat_endpoint = &amp;#x27;https://alyibrahim.pythonanywhere.com/chat&amp;#x27;\ntest_course_id = 27\n\n    def test_ezayek_greeting(self, session, chat_endpoint, test_course_id):\n        &amp;quot;&amp;quot;&amp;quot;Test &amp;#x27;\u0627\u0632\u064a\u0643&amp;#x27; (Egyptian variant) is recognized as a greeting.&amp;quot;&amp;quot;&amp;quot;\n        response = session.post(chat_endpoint, json={\n            &amp;quot;message&amp;quot;: &amp;quot;\u0627\u0632\u064a\u0643&amp;quot;,\n            &amp;quot;co_id&amp;quot;: test_course_id\n        })\n&amp;gt;       assert response.status_code == 200\nE       assert 400 == 200\nE        +  where 400 = &amp;lt;Response [400]&amp;gt;.status_code\n\ntest_abolayla_chat.py:208: AssertionError\n&#34;}], &#34;test_abolayla_chat.py::TestArabicGreetings::test_aamel_eih_greeting&#34;: [{&#34;extras&#34;: [], &#34;result&#34;: &#34;Failed&#34;, &#34;testId&#34;: &#34;test_abolayla_chat.py::TestArabicGreetings::test_aamel_eih_greeting&#34;, &#34;duration&#34;: &#34;166 ms&#34;, &#34;resultsTableRow&#34;: [&#34;&lt;td class=\&#34;col-result\&#34;&gt;Failed&lt;/td&gt;&#34;, &#34;&lt;td class=\&#34;col-testId\&#34;&gt;test_abolayla_chat.py::TestArabicGreetings::test_aamel_eih_greeting&lt;/td&gt;&#34;, &#34;&lt;td class=\&#34;col-duration\&#34;&gt;166 ms&lt;/td&gt;&#34;, &#34;&lt;td class=\&#34;col-links\&#34;&gt;&lt;/td&gt;&#34;], &#34;log&#34;: &#34;self = &amp;lt;test_abolayla_chat.TestArabicGreetings object at 0x000001F2D8ED6950&amp;gt;\nsession = &amp;lt;requests.sessions.Session object at 0x000001F2D8ECEBA0&amp;gt;\nchat_endpoint = &amp;#x27;https://alyibrahim.pythonanywhere.com/chat&amp;#x27;\ntest_course_id = 27\n\n    def test_aamel_eih_greeting(self, session, chat_endpoint, test_course_id):\n        &amp;quot;&amp;quot;&amp;quot;Test &amp;#x27;\u0639\u0627\u0645\u0644 \u0627\u064a\u0647&amp;#x27; is recognized as a greeting.&amp;quot;&amp;quot;&amp;quot;\n        response = session.post(chat_endpoint, json={\n            &amp;quot;message&amp;quot;: &amp;quot;\u0639\u0627\u0645\u0644 \u0627\u064a\u0647&amp;quot;,\n            &amp;quot;co_id&amp;quot;: test_course_id\n        })\n&amp;gt;       assert response.status_code == 200\nE       assert 400 == 200\nE        +  where 400 = &amp;lt;Response [400]&amp;gt;.status_code\n\ntest_abolayla_chat.py:216: AssertionError\n&#34;}], &#34;test_abolayla_chat.py::TestNormalChatMessages::test_question_about_course&#34;: [{&#34;extras&#34;: [], &#34;result&#34;: &#34;Failed&#34;, &#34;testId&#34;: &#34;test_abolayla_chat.py::TestNormalChatMessages::test_question_about_course&#34;, &#34;duration&#34;: &#34;183 ms&#34;, &#34;resultsTableRow&#34;: [&#34;&lt;td class=\&#34;col-result\&#34;&gt;Failed&lt;/td&gt;&#34;, &#34;&lt;td class=\&#34;col-testId\&#34;&gt;test_abolayla_chat.py::TestNormalChatMessages::test_question_about_course&lt;/td&gt;&#34;, &#34;&lt;td class=\&#34;col-duration\&#34;&gt;183 ms&lt;/td&gt;&#34;, &#34;&lt;td class=\&#34;col-links\&#34;&gt;&lt;/td&gt;&#34;], &#34;log&#34;: &#34;self = &amp;lt;test_abolayla_chat.TestNormalChatMessages object at 0x000001F2D8F920D0&amp;gt;\nsession = &amp;lt;requests.sessions.Session object at 0x000001F2D8ECEBA0&amp;gt;\nchat_endpoint = &amp;#x27;https://alyibrahim.pythonanywhere.com/chat&amp;#x27;\ntest_course_id = 27\n\n    def test_question_about_course(self, session, chat_endpoint, test_course_id):\n        &amp;quot;&amp;quot;&amp;quot;Test asking a question about course content.&amp;quot;&amp;quot;&amp;quot;\n        response = session.post(chat_endpoint, json={\n            &amp;quot;message&amp;quot;: &amp;quot;What is this course about?&amp;quot;,\n            &amp;quot;co_id&amp;quot;: test_course_id\n        })\n&amp;gt;       assert response.status_code == 200\nE       assert 400 == 200\nE        +  where 400 = &amp;lt;Response [400]&amp;gt;.status_code\n\ntest_abolayla_chat.py:228: AssertionError\n&#34;}], &#34;test_abolayla_chat.py::TestNormalChatMessages::test_question_in_arabic&#34;: [{&#34;extras&#34;: [], &#34;result&#34;: &#34;Failed&#34;, &#34;testId&#34;: &#34;test_abolayla_chat.py::TestNormalChatMessages::test_question_in_arabic&#34;, &#34;duration&#34;: &#34;169 ms&#34;, &#34;resultsTableRow&#34;: [&#34;&lt;td class=\&#34;col-result\&#34;&gt;Failed&lt;/td&gt;&#34;, &#34;&lt;td class=\&#34;col-testId\&#34;&gt;test_abolayla_chat.py::TestNormalChatMessages::test_question_in_arabic&lt;/td&gt;&#34;, &#34;&lt;td class=\&#34;col-duration\&#34;&gt;169 ms&lt;/td&gt;&#34;, &#34;&lt;td class=\&#34;col-links\&#34;&gt;&lt;/td&gt;&#34;], &#34;log&#34;: &#34;self = &amp;lt;test_abolayla_chat.TestNormalChatMessages object at 0x000001F2D8F92850&amp;gt;\nsession = &amp;lt;requests.sessions.Session object at 0x000001F2D8ECEBA0&amp;gt;\nchat_endpoint = &amp;#x27;https://alyibrahim.pythonanywhere.com/chat&amp;#x27;\ntest_course_id = 27\n\n    def test_question_in_arabic(self, session, chat_endpoint, test_course_id):\n        &amp;quot;&amp;quot;&amp;quot;Test asking a question in Arabic.&amp;quot;&amp;quot;&amp;quot;\n        response = session.post(chat_endpoint, json={\n            &amp;quot;message&amp;quot;: &amp;quot;\u0645\u0627 \u0647\u0648 \u0645\u0648\u0636\u0648\u0639 \u0647\u0630\u0627 \u0627\u0644\u0643\u0648\u0631\u0633\u061f&amp;quot;,\n            &amp;quot;co_id&amp;quot;: test_course_id\n        })\n&amp;gt;       assert response.status_code == 200\nE       assert 400 == 200\nE        +  where 400 = &amp;lt;Response [400]&amp;gt;.status_code\n\ntest_abolayla_chat.py:236: AssertionError\n&#34;}], &#34;test_abolayla_chat.py::TestNormalChatMessages::test_explain_concept&#34;: [{&#34;extras&#34;: [], &#34;result&#34;: &#34;Failed&#34;, &#34;testId&#34;: &#34;test_abolayla_chat.py::TestNormalChatMessages::test_explain_concept&#34;, &#34;duration&#34;: &#34;167 ms&#34;, &#34;resultsTableRow&#34;: [&#34;&lt;td class=\&#34;col-result\&#34;&gt;Failed&lt;/td&gt;&#34;, &#34;&lt;td class=\&#34;col-testId\&#34;&gt;test_abolayla_chat.py::TestNormalChatMessages::test_explain_concept&lt;/td&gt;&#34;, &#34;&lt;td class=\&#34;col-duration\&#34;&gt;167 ms&lt;/td&gt;&#34;, &#34;&lt;td class=\&#34;col-links\&#34;&gt;&lt;/td&gt;&#34;], &#34;log&#34;: &#34;self = &amp;lt;test_abolayla_chat.TestNormalChatMessages object at 0x000001F2D8F9C2B0&amp;gt;\nsession = &amp;lt;requests.sessions.Session object at 0x000001F2D8ECEBA0&amp;gt;\nchat_endpoint = &amp;#x27;https://alyibrahim.pythonanywhere.com/chat&amp;#x27;\ntest_course_id = 27\n\n    def test_explain_concept(self, session, chat_endpoint, test_course_id):\n        &amp;quot;&amp;quot;&amp;quot;Test asking for an explanation.&amp;quot;&amp;quot;&amp;quot;\n        response = session.post(chat_endpoint, json={\n            &amp;quot;message&amp;quot;: &amp;quot;Can you explain the main topic?&amp;quot;,\n            &amp;quot;co_id&amp;quot;: test_course_id\n        })\n&amp;gt;       assert response.status_code == 200\nE       assert 400 == 200\nE        +  where 400 = &amp;lt;Response [400]&amp;gt;.status_code\n\ntest_abolayla_chat.py:244: AssertionError\n&#34;}], &#34;test_abolayla_chat.py::TestNormalChatMessages::test_summarize_request&#34;: [{&#34;extras&#34;: [], &#34;result&#34;: &#34;Failed&#34;, &#34;testId&#34;: &#34;test_abolayla_chat.py::TestNormalChatMessages::test_summarize_request&#34;, &#34;duration&#34;: &#34;170 ms&#34;, &#34;resultsTableRow&#34;: [&#34;&lt;td class=\&#34;col-result\&#34;&gt;Failed&lt;/td&gt;&#34;, &#34;&lt;td class=\&#34;col-testId\&#34;&gt;test_abolayla_chat.py::TestNormalChatMessages::test_summarize_request&lt;/td&gt;&#34;, &#34;&lt;td class=\&#34;col-duration\&#34;&gt;170 ms&lt;/td&gt;&#34;, &#34;&lt;td class=\&#34;col-links\&#34;&gt;&lt;/td&gt;&#34;], &#34;log&#34;: &#34;self = &amp;lt;test_abolayla_chat.TestNormalChatMessages object at 0x000001F2D8F9CC30&amp;gt;\nsession = &amp;lt;requests.sessions.Session object at 0x000001F2D8ECEBA0&amp;gt;\nchat_endpoint = &amp;#x27;https://alyibrahim.pythonanywhere.com/chat&amp;#x27;\ntest_course_id = 27\n\n    def test_summarize_request(self, session, chat_endpoint, test_course_id):\n        &amp;quot;&amp;quot;&amp;quot;Test asking for a summary.&amp;quot;&amp;quot;&amp;quot;\n        response = session.post(chat_endpoint, json={\n            &amp;quot;message&amp;quot;: &amp;quot;Summarize the key points&amp;quot;,\n            &amp;quot;co_id&amp;quot;: test_course_id\n        })\n&amp;gt;       assert response.status_code == 200\nE       assert 400 == 200\nE        +  where 400 = &amp;lt;Response [400]&amp;gt;.status_code\n\ntest_abolayla_chat.py:252: AssertionError\n&#34;}], &#34;test_abolayla_chat.py::TestPreloadEndpoint::test_preload_endpoint_exists&#34;: [{&#34;extras&#34;: [], &#34;result&#34;: &#34;Passed&#34;, &#34;testId&#34;: &#34;test_abolayla_chat.py::TestPreloadEndpoint::test_preload_endpoint_exists&#34;, &#34;duration&#34;: &#34;166 ms&#34;, &#34;resultsTableRow&#34;: [&#34;&lt;td class=\&#34;col-result\&#34;&gt;Passed&lt;/td&gt;&#34;, &#34;&lt;td class=\&#34;col-testId\&#34;&gt;test_abolayla_chat.py::TestPreloadEndpoint::test_preload_endpoint_exists&lt;/td&gt;&#34;, &#34;&lt;td class=\&#34;col-duration\&#34;&gt;166 ms&lt;/td&gt;&#34;, &#34;&lt;td class=\&#34;col-links\&#34;&gt;&lt;/td&gt;&#34;], &#34;log&#34;: &#34;No log output captured.&#34;}], &#34;test_abolayla_chat.py::TestPreloadEndpoint::test_preload_with_valid_course&#34;: [{&#34;extras&#34;: [], &#34;result&#34;: &#34;Passed&#34;, &#34;testId&#34;: &#34;test_abolayla_chat.py::TestPreloadEndpoint::test_preload_with_valid_course&#34;, &#34;duration&#34;: &#34;164 ms&#34;, &#34;resultsTableRow&#34;: [&#34;&lt;td class=\&#34;col-result\&#34;&gt;Passed&lt;/td&gt;&#34;, &#34;&lt;td class=\&#34;col-testId\&#34;&gt;test_abolayla_chat.py::TestPreloadEndpoint::test_preload_with_valid_course&lt;/td&gt;&#34;, &#34;&lt;td class=\&#34;col-duration\&#34;&gt;164 ms&lt;/td&gt;&#34;, &#34;&lt;td class=\&#34;col-links\&#34;&gt;&lt;/td&gt;&#34;], &#34;log&#34;: &#34;No log output captured.&#34;}], &#34;test_abolayla_chat.py::TestPreloadEndpoint::test_preload_returns_json&#34;: [{&#34;extras&#34;: [], &#34;result&#34;: &#34;Passed&#34;, &#34;testId&#34;: &#34;test_abolayla_chat.py::TestPreloadEndpoint::test_preload_returns_json&#34;, &#34;duration&#34;: &#34;173 ms&#34;, &#34;resultsTableRow&#34;: [&#34;&lt;td class=\&#34;col-result\&#34;&gt;Passed&lt;/td&gt;&#34;, &#34;&lt;td class=\&#34;col-testId\&#34;&gt;test_abolayla_chat.py::TestPreloadEndpoint::test_preload_returns_json&lt;/td&gt;&#34;, &#34;&lt;td class=\&#34;col-duration\&#34;&gt;173 ms&lt;/td&gt;&#34;, &#34;&lt;td class=\&#34;col-links\&#34;&gt;&lt;/td&gt;&#34;], &#34;log&#34;: &#34;No log output captured.&#34;}], &#34;test_abolayla_chat.py::TestErrorHandling::test_missing_message_field&#34;: [{&#34;extras&#34;: [], &#34;result&#34;: &#34;Passed&#34;, &#34;testId&#34;: &#34;test_abolayla_chat.py::TestErrorHandling::test_missing_message_field&#34;, &#34;duration&#34;: &#34;170 ms&#34;, &#34;resultsTableRow&#34;: [&#34;&lt;td class=\&#34;col-result\&#34;&gt;Passed&lt;/td&gt;&#34;, &#34;&lt;td class=\&#34;col-testId\&#34;&gt;test_abolayla_chat.py::TestErrorHandling::test_missing_message_field&lt;/td&gt;&#34;, &#34;&lt;td class=\&#34;col-duration\&#34;&gt;170 ms&lt;/td&gt;&#34;, &#34;&lt;td class=\&#34;col-links\&#34;&gt;&lt;/td&gt;&#34;], &#34;log&#34;: &#34;No log output captured.&#34;}], &#34;test_abolayla_chat.py::TestErrorHandling::test_missing_course_id&#34;: [{&#34;extras&#34;: [], &#34;result&#34;: &#34;Passed&#34;, &#34;testId&#34;: &#34;test_abolayla_chat.py::TestErrorHandling::test_missing_course_id&#34;, &#34;duration&#34;: &#34;164 ms&#34;, &#34;resultsTableRow&#34;: [&#34;&lt;td class=\&#34;col-result\&#34;&gt;Passed&lt;/td&gt;&#34;, &#34;&lt;td class=\&#34;col-testId\&#34;&gt;test_abolayla_chat.py::TestErrorHandling::test_missing_course_id&lt;/td&gt;&#34;, &#34;&lt;td class=\&#34;col-duration\&#34;&gt;164 ms&lt;/td&gt;&#34;, &#34;&lt;td class=\&#34;col-links\&#34;&gt;&lt;/td&gt;&#34;], &#34;log&#34;: &#34;No log output captured.&#34;}], &#34;test_abolayla_chat.py::TestErrorHandling::test_empty_message&#34;: [{&#34;extras&#34;: [], &#34;result&#34;: &#34;Passed&#34;, &#34;testId&#34;: &#34;test_abolayla_chat.py::TestErrorHandling::test_empty_message&#34;, &#34;duration&#34;: &#34;164 ms&#34;, &#34;resultsTableRow&#34;: [&#34;&lt;td class=\&#34;col-result\&#34;&gt;Passed&lt;/td&gt;&#34;, &#34;&lt;td class=\&#34;col-testId\&#34;&gt;test_abolayla_chat.py::TestErrorHandling::test_empty_message&lt;/td&gt;&#34;, &#34;&lt;td class=\&#34;col-duration\&#34;&gt;164 ms&lt;/td&gt;&#34;, &#34;&lt;td class=\&#34;col-links\&#34;&gt;&lt;/td&gt;&#34;], &#34;log&#34;: &#34;No log output captured.&#34;}], &#34;test_abolayla_chat.py::TestErrorHandling::test_null_message&#34;: [{&#34;extras&#34;: [], &#34;result&#34;: &#34;Passed&#34;, &#34;testId&#34;: &#34;test_abolayla_chat.py::TestErrorHandling::test_null_message&#34;, &#34;duration&#34;: &#34;377 ms&#34;, &#34;resultsTableRow&#34;: [&#34;&lt;td class=\&#34;col-result\&#34;&gt;Passed&lt;/td&gt;&#34;, &#34;&lt;td class=\&#34;col-testId\&#34;&gt;test_abolayla_chat.py::TestErrorHandling::test_null_message&lt;/td&gt;&#34;, &#34;&lt;td class=\&#34;col-duration\&#34;&gt;377 ms&lt;/td&gt;&#34;, &#34;&lt;td class=\&#34;col-links\&#34;&gt;&lt;/td&gt;&#34;], &#34;log&#34;: &#34;No log output captured.&#34;}], &#34;test_abolayla_chat.py::TestErrorHandling::test_invalid_course_id_type&#34;: [{&#34;extras&#34;: [], &#34;result&#34;: &#34;Passed&#34;, &#34;testId&#34;: &#34;test_abolayla_chat.py::TestErrorHandling::test_invalid_course_id_type&#34;, &#34;duration&#34;: &#34;175 ms&#34;, &#34;resultsTableRow&#34;: [&#34;&lt;td class=\&#34;col-result\&#34;&gt;Passed&lt;/td&gt;&#34;, &#34;&lt;td class=\&#34;col-testId\&#34;&gt;test_abolayla_chat.py::TestErrorHandling::test_invalid_course_id_type&lt;/td&gt;&#34;, &#34;&lt;td class=\&#34;col-duration\&#34;&gt;175 ms&lt;/td&gt;&#34;, &#34;&lt;td class=\&#34;col-links\&#34;&gt;&lt;/td&gt;&#34;], &#34;log&#34;: &#34;No log output captured.&#34;}], &#34;test_abolayla_chat.py::TestErrorHandling::test_negative_course_id&#34;: [{&#34;extras&#34;: [], &#34;result&#34;: &#34;Passed&#34;, &#34;testId&#34;: &#34;test_abolayla_chat.py::TestErrorHandling::test_negative_course_id&#34;, &#34;duration&#34;: &#34;176 ms&#34;, &#34;resultsTableRow&#34;: [&#34;&lt;td class=\&#34;col-result\&#34;&gt;Passed&lt;/td&gt;&#34;, &#34;&lt;td class=\&#34;col-testId\&#34;&gt;test_abolayla_chat.py::TestErrorHandling::test_negative_course_id&lt;/td&gt;&#34;, &#34;&lt;td class=\&#34;col-duration\&#34;&gt;176 ms&lt;/td&gt;&#34;, &#34;&lt;td class=\&#34;col-links\&#34;&gt;&lt;/td&gt;&#34;], &#34;log&#34;: &#34;No log output captured.&#34;}], &#34;test_abolayla_chat.py::TestErrorHandling::test_nonexistent_course_id&#34;: [{&#34;extras&#34;: [], &#34;result&#34;: &#34;Passed&#34;, &#34;testId&#34;: &#34;test_abolayla_chat.py::TestErrorHandling::test_nonexistent_course_id&#34;, &#34;duration&#34;: &#34;177 ms&#34;, &#34;resultsTableRow&#34;: [&#34;&lt;td class=\&#34;col-result\&#34;&gt;Passed&lt;/td&gt;&#34;, &#34;&lt;td class=\&#34;col-testId\&#34;&gt;test_abolayla_chat.py::TestErrorHandling::test_nonexistent_course_id&lt;/td&gt;&#34;, &#34;&lt;td class=\&#34;col-duration\&#34;&gt;177 ms&lt;/td&gt;&#34;, &#34;&lt;td class=\&#34;col-links\&#34;&gt;&lt;/td&gt;&#34;], &#34;log&#34;: &#34;No log output captured.&#34;}], &#34;test_abolayla_chat.py::TestErrorHandling::test_empty_request_body&#34;: [{&#34;extras&#34;: [], &#34;result&#34;: &#34;Passed&#34;, &#34;testId&#34;: &#34;test_abolayla_chat.py::TestErrorHandling::test_empty_request_body&#34;, &#34;duration&#34;: &#34;170 ms&#34;, &#34;resultsTableRow&#34;: [&#34;&lt;td class=\&#34;col-result\&#34;&gt;Passed&lt;/td&gt;&#34;, &#34;&lt;td class=\&#34;col-testId\&#34;&gt;test_abolayla_chat.py::TestErrorHandling::test_empty_request_body&lt;/td&gt;&#34;, &#34;&lt;td class=\&#34;col-duration\&#34;&gt;170 ms&lt;/td&gt;&#34;, &#34;&lt;td class=\&#34;col-links\&#34;&gt;&lt;/td&gt;&#34;], &#34;log&#34;: &#34;No log output captured.&#34;}], &#34;test_abolayla_chat.py::TestErrorHandling::test_malformed_json&#34;: [{&#34;extras&#34;: [], &#34;result&#34;: &#34;Passed&#34;, &#34;testId&#34;: &#34;test_abolayla_chat.py::TestErrorHandling::test_malformed_json&#34;, &#34;duration&#34;: &#34;244 ms&#34;, &#34;resultsTableRow&#34;: [&#34;&lt;td class=\&#34;col-result\&#34;&gt;Passed&lt;/td&gt;&#34;, &#34;&lt;td class=\&#34;col-testId\&#34;&gt;test_abolayla_chat.py::TestErrorHandling::test_malformed_json&lt;/td&gt;&#34;, &#34;&lt;td class=\&#34;col-duration\&#34;&gt;244 ms&lt;/td&gt;&#34;, &#34;&lt;td class=\&#34;col-links\&#34;&gt;&lt;/td&gt;&#34;], &#34;log&#34;: &#34;No log output captured.&#34;}], &#34;test_abolayla_chat.py::TestEdgeCases::test_very_long_message&#34;: [{&#34;extras&#34;: [], &#34;result&#34;: &#34;Passed&#34;, &#34;testId&#34;: &#34;test_abolayla_chat.py::TestEdgeCases::test_very_long_message&#34;, &#34;duration&#34;: &#34;240 ms&#34;, &#34;resultsTableRow&#34;: [&#34;&lt;td class=\&#34;col-result\&#34;&gt;Passed&lt;/td&gt;&#34;, &#34;&lt;td class=\&#34;col-testId\&#34;&gt;test_abolayla_chat.py::TestEdgeCases::test_very_long_message&lt;/td&gt;&#34;, &#34;&lt;td class=\&#34;col-duration\&#34;&gt;240 ms&lt;/td&gt;&#34;, &#34;&lt;td class=\&#34;col-links\&#34;&gt;&lt;/td&gt;&#34;], &#34;log&#34;: &#34;No log output captured.&#34;}], &#34;test_abolayla_chat.py::TestEdgeCases::test_special_characters_in_message&#34;: [{&#34;extras&#34;: [], &#34;result&#34;: &#34;Passed&#34;, &#34;testId&#34;: &#34;test_abolayla_chat.py::TestEdgeCases::test_special_characters_in_message&#34;, &#34;duration&#34;: &#34;172 ms&#34;, &#34;resultsTableRow&#34;: [&#34;&lt;td class=\&#34;col-result\&#34;&gt;Passed&lt;/td&gt;&#34;, &#34;&lt;td class=\&#34;col-testId\&#34;&gt;test_abolayla_chat.py::TestEdgeCases::test_special_characters_in_message&lt;/td&gt;&#34;, &#34;&lt;td class=\&#34;col-duration\&#34;&gt;172 ms&lt;/td&gt;&#34;, &#34;&lt;td class=\&#34;col-links\&#34;&gt;&lt;/td&gt;&#34;], &#34;log&#34;: &#34;No log output captured.&#34;}], &#34;test_abolayla_chat.py::TestEdgeCases::test_unicode_characters&#34;: [{&#34;extras&#34;: [], &#34;result&#34;: &#34;Passed&#34;, &#34;testId&#34;: &#34;test_abolayla_chat.py::TestEdgeCases::test_unicode_characters&#34;, &#34;duration&#34;: &#34;168 ms&#34;, &#34;resultsTableRow&#34;: [&#34;&lt;td class=\&#34;col-result\&#34;&gt;Passed&lt;/td&gt;&#34;, &#34;&lt;td class=\&#34;col-testId\&#34;&gt;test_abolayla_chat.py::TestEdgeCases::test_unicode_characters&lt;/td&gt;&#34;, &#34;&lt;td class=\&#34;col-duration\&#34;&gt;168 ms&lt;/td&gt;&#34;, &#34;&lt;td class=\&#34;col-links\&#34;&gt;&lt;/td&gt;&#34;], &#34;log&#34;: &#34;No log output captured.&#34;}], &#34;test_abolayla_chat.py::TestEdgeCases::test_emoji_in_message&#34;: [{&#34;extras&#34;: [], &#34;result&#34;: &#34;Passed&#34;, &#34;testId&#34;: &#34;test_abolayla_chat.py::TestEdgeCases::test_emoji_in_message&#34;, &#34;duration&#34;: &#34;200 ms&#34;, &#34;resultsTableRow&#34;: [&#34;&lt;td class=\&#34;col-result\&#34;&gt;Passed&lt;/td&gt;&#34;, &#34;&lt;td class=\&#34;col-testId\&#34;&gt;test_abolayla_chat.py::TestEdgeCases::test_emoji_in_message&lt;/td&gt;&#34;, &#34;&lt;td class=\&#34;col-duration\&#34;&gt;200 ms&lt;/td&gt;&#34;, &#34;&lt;td class=\&#34;col-links\&#34;&gt;&lt;/td&gt;&#34;], &#34;log&#34;: &#34;No log output captured.&#34;}], &#34;test_abolayla_chat.py::TestEdgeCases::test_newlines_in_message&#34;: [{&#34;extras&#34;: [], &#34;result&#34;: &#34;Passed&#34;, &#34;testId&#34;: &#34;test_abolayla_chat.py::TestEdgeCases::test_newlines_in_message&#34;, &#34;duration&#34;: &#34;167 ms&#34;, &#34;resultsTableRow&#34;: [&#34;&lt;td class=\&#34;col-result\&#34;&gt;Passed&lt;/td&gt;&#34;, &#34;&lt;td class=\&#34;col-testId\&#34;&gt;test_abolayla_chat.py::TestEdgeCases::test_newlines_in_message&lt;/td&gt;&#34;, &#34;&lt;td class=\&#34;col-duration\&#34;&gt;167 ms&lt;/td&gt;&#34;, &#34;&lt;td class=\&#34;col-links\&#34;&gt;&lt;/td&gt;&#34;], &#34;log&#34;: &#34;No log output captured.&#34;}], &#34;test_abolayla_chat.py::TestEdgeCases::test_tabs_in_message&#34;: [{&#34;extras&#34;: [], &#34;result&#34;: &#34;Passed&#34;, &#34;testId&#34;: &#34;test_abolayla_chat.py::TestEdgeCases::test_tabs_in_message&#34;, &#34;duration&#34;: &#34;411 ms&#34;, &#34;resultsTableRow&#34;: [&#34;&lt;td class=\&#34;col-result\&#34;&gt;Passed&lt;/td&gt;&#34;, &#34;&lt;td class=\&#34;col-testId\&#34;&gt;test_abolayla_chat.py::TestEdgeCases::test_tabs_in_message&lt;/td&gt;&#34;, &#34;&lt;td class=\&#34;col-duration\&#34;&gt;411 ms&lt;/td&gt;&#34;, &#34;&lt;td class=\&#34;col-links\&#34;&gt;&lt;/td&gt;&#34;], &#34;log&#34;: &#34;No log output captured.&#34;}], &#34;test_abolayla_chat.py::TestEdgeCases::test_whitespace_only_message&#34;: [{&#34;extras&#34;: [], &#34;result&#34;: &#34;Passed&#34;, &#34;testId&#34;: &#34;test_abolayla_chat.py::TestEdgeCases::test_whitespace_only_message&#34;, &#34;duration&#34;: &#34;172 ms&#34;, &#34;resultsTableRow&#34;: [&#34;&lt;td class=\&#34;col-result\&#34;&gt;Passed&lt;/td&gt;&#34;, &#34;&lt;td class=\&#34;col-testId\&#34;&gt;test_abolayla_chat.py::TestEdgeCases::test_whitespace_only_message&lt;/td&gt;&#34;, &#34;&lt;td class=\&#34;col-duration\&#34;&gt;172 ms&lt;/td&gt;&#34;, &#34;&lt;td class=\&#34;col-links\&#34;&gt;&lt;/td&gt;&#34;], &#34;log&#34;: &#34;No log output captured.&#34;}], &#34;test_abolayla_chat.py::TestEdgeCases::test_zero_course_id&#34;: [{&#34;extras&#34;: [], &#34;result&#34;: &#34;Passed&#34;, &#34;testId&#34;: &#34;test_abolayla_chat.py::TestEdgeCases::test_zero_course_id&#34;, &#34;duration&#34;: &#34;184 ms&#34;, &#34;resultsTableRow&#34;: [&#34;&lt;td class=\&#34;col-result\&#34;&gt;Passed&lt;/td&gt;&#34;, &#34;&lt;td class=\&#34;col-testId\&#34;&gt;test_abolayla_chat.py::TestEdgeCases::test_zero_course_id&lt;/td&gt;&#34;, &#34;&lt;td class=\&#34;col-duration\&#34;&gt;184 ms&lt;/td&gt;&#34;, &#34;&lt;td class=\&#34;col-links\&#34;&gt;&lt;/td&gt;&#34;], &#34;log&#34;: &#34;No log output captured.&#34;}], &#34;test_abolayla_chat.py::TestEdgeCases::test_float_course_id&#34;: [{&#34;extras&#34;: [], &#34;result&#34;: &#34;Passed&#34;, &#34;testId&#34;: &#34;test_abolayla_chat.py::TestEdgeCases::test_float_course_id&#34;, &#34;duration&#34;: &#34;166 ms&#34;, &#34;resultsTableRow&#34;: [&#34;&lt;td class=\&#34;col-result\&#34;&gt;Passed&lt;/td&gt;&#34;, &#34;&lt;td class=\&#34;col-testId\&#34;&gt;test_abolayla_chat.py::TestEdgeCases::test_float_course_id&lt;/td&gt;&#34;, &#34;&lt;td class=\&#34;col-duration\&#34;&gt;166 ms&lt;/td&gt;&#34;, &#34;&lt;td class=\&#34;col-links\&#34;&gt;&lt;/td&gt;&#34;], &#34;log&#34;: &#34;No log output captured.&#34;}], &#34;test_abolayla_chat.py::TestMultipleCourses::test_chat_with_course_27&#34;: [{&#34;extras&#34;: [], &#34;result&#34;: &#34;Failed&#34;, &#34;testId&#34;: &#34;test_abolayla_chat.py::TestMultipleCourses::test_chat_with_course_27&#34;, &#34;duration&#34;: &#34;190 ms&#34;, &#34;resultsTableRow&#34;: [&#34;&lt;td class=\&#34;col-result\&#34;&gt;Failed&lt;/td&gt;&#34;, &#34;&lt;td class=\&#34;col-testId\&#34;&gt;test_abolayla_chat.py::TestMultipleCourses::test_chat_with_course_27&lt;/td&gt;&#34;, &#34;&lt;td class=\&#34;col-duration\&#34;&gt;190 ms&lt;/td&gt;&#34;, &#34;&lt;td class=\&#34;col-links\&#34;&gt;&lt;/td&gt;&#34;], &#34;log&#34;: &#34;self = &amp;lt;test_abolayla_chat.TestMultipleCourses object at 0x000001F2D8F92E90&amp;gt;\nsession = &amp;lt;requests.sessions.Session object at 0x000001F2D8ECEBA0&amp;gt;\nchat_endpoint = &amp;#x27;https://alyibrahim.pythonanywhere.com/chat&amp;#x27;\n\n    def test_chat_with_course_27(self, session, chat_endpoint):\n        &amp;quot;&amp;quot;&amp;quot;Test chat with course ID 27.&amp;quot;&amp;quot;&amp;quot;\n        response = session.post(chat_endpoint, json={\n            &amp;quot;message&amp;quot;: &amp;quot;hello&amp;quot;,\n            &amp;quot;co_id&amp;quot;: 27\n        })\n&amp;gt;       assert response.status_code == 200\nE       assert 400 == 200\nE        +  where 400 = &amp;lt;Response [400]&amp;gt;.status_code\n\ntest_abolayla_chat.py:443: AssertionError\n&#34;}], &#34;test_abolayla_chat.py::TestMultipleCourses::test_chat_with_course_29&#34;: [{&#34;extras&#34;: [], &#34;result&#34;: &#34;Failed&#34;, &#34;testId&#34;: &#34;test_abolayla_chat.py::TestMultipleCourses::test_chat_with_course_29&#34;, &#34;duration&#34;: &#34;176 ms&#34;, &#34;resultsTableRow&#34;: [&#34;&lt;td class=\&#34;col-result\&#34;&gt;Failed&lt;/td&gt;&#34;, &#34;&lt;td class=\&#34;col-testId\&#34;&gt;test_abolayla_chat.py::TestMultipleCourses::test_chat_with_course_29&lt;/td&gt;&#34;, &#34;&lt;td class=\&#34;col-duration\&#34;&gt;176 ms&lt;/td&gt;&#34;, &#34;&lt;td class=\&#34;col-links\&#34;&gt;&lt;/td&gt;&#34;], &#34;log&#34;: &#34;self = &amp;lt;test_abolayla_chat.TestMultipleCourses object at 0x000001F2D8F93250&amp;gt;\nsession = &amp;lt;requests.sessions.Session object at 0x000001F2D8ECEBA0&amp;gt;\nchat_endpoint = &amp;#x27;https://alyibrahim.pythonanywhere.com/chat&amp;#x27;\n\n    def test_chat_with_course_29(self, session, chat_endpoint):\n        &amp;quot;&amp;quot;&amp;quot;Test chat with course ID 29.&amp;quot;&amp;quot;&amp;quot;\n        response = session.post(chat_endpoint, json={\n            &amp;quot;message&amp;quot;: &amp;quot;hello&amp;quot;,\n            &amp;quot;co_id&amp;quot;: 29\n        })\n&amp;gt;       assert response.status_code == 200\nE       assert 400 == 200\nE        +  where 400 = &amp;lt;Response [400]&amp;gt;.status_code\n\ntest_abolayla_chat.py:451: AssertionError\n&#34;}], &#34;test_abolayla_chat.py::TestMultipleCourses::test_chat_with_course_32&#34;: [{&#34;extras&#34;: [], &#34;result&#34;: &#34;Failed&#34;, &#34;testId&#34;: &#34;test_abolayla_chat.py::TestMultipleCourses::test_chat_with_course_32&#34;, &#34;duration&#34;: &#34;182 ms&#34;, &#34;resultsTableRow&#34;: [&#34;&lt;td class=\&#34;col-result\&#34;&gt;Failed&lt;/td&gt;&#34;, &#34;&lt;td class=\&#34;col-testId\&#34;&gt;test_abolayla_chat.py::TestMultipleCourses::test_chat_with_course_32&lt;/td&gt;&#34;, &#34;&lt;td class=\&#34;col-duration\&#34;&gt;182 ms&lt;/td&gt;&#34;, &#34;&lt;td class=\&#34;col-links\&#34;&gt;&lt;/td&gt;&#34;], &#34;log&#34;: &#34;self = &amp;lt;test_abolayla_chat.TestMultipleCourses object at 0x000001F2D8F9D350&amp;gt;\nsession = &amp;lt;requests.sessions.Session object at 0x000001F2D8ECEBA0&amp;gt;\nchat_endpoint = &amp;#x27;https://alyibrahim.pythonanywhere.com/chat&amp;#x27;\n\n    def test_chat_with_course_32(self, session, chat_endpoint):\n        &amp;quot;&amp;quot;&amp;quot;Test chat with course ID 32.&amp;quot;&amp;quot;&amp;quot;\n        response = session.post(chat_endpoint, json={\n            &amp;quot;message&amp;quot;: &amp;quot;hello&amp;quot;,\n            &amp;quot;co_id&amp;quot;: 32\n        })\n&amp;gt;       assert response.status_code == 200\nE       assert 400 == 200\nE        +  where 400 = &amp;lt;Response [400]&amp;gt;.status_code\n\ntest_abolayla_chat.py:459: AssertionError\n&#34;}], &#34;test_abolayla_chat.py::TestMultipleCourses::test_question_with_course_27&#34;: [{&#34;extras&#34;: [], &#34;result&#34;: &#34;Failed&#34;, &#34;testId&#34;: &#34;test_abolayla_chat.py::TestMultipleCourses::test_question_with_course_27&#34;, &#34;duration&#34;: &#34;203 ms&#34;, &#34;resultsTableRow&#34;: [&#34;&lt;td class=\&#34;col-result\&#34;&gt;Failed&lt;/td&gt;&#34;, &#34;&lt;td class=\&#34;col-testId\&#34;&gt;test_abolayla_chat.py::TestMultipleCourses::test_question_with_course_27&lt;/td&gt;&#34;, &#34;&lt;td class=\&#34;col-duration\&#34;&gt;203 ms&lt;/td&gt;&#34;, &#34;&lt;td class=\&#34;col-links\&#34;&gt;&lt;/td&gt;&#34;], &#34;log&#34;: &#34;self = &amp;lt;test_abolayla_chat.TestMultipleCourses object at 0x000001F2D8F9D480&amp;gt;\nsession = &amp;lt;requests.sessions.Session object at 0x000001F2D8ECEBA0&amp;gt;\nchat_endpoint = &amp;#x27;https://alyibrahim.pythonanywhere.com/chat&amp;#x27;\n\n    def test_question_with_course_27(self, session, chat_endpoint):\n        &amp;quot;&amp;quot;&amp;quot;Test asking question to course 27.&amp;quot;&amp;quot;&amp;quot;\n        response = session.post(chat_endpoint, json={\n            &amp;quot;message&amp;quot;: &amp;quot;What topics are covered in this course?&amp;quot;,\n            &amp;quot;co_id&amp;quot;: 27\n        })\n&amp;gt;       assert response.status_code == 200\nE       assert 400 == 200\nE        +  where 400 = &amp;lt;Response [400]&amp;gt;.status_code\n\ntest_abolayla_chat.py:467: AssertionError\n&#34;}], &#34;test_abolayla_chat.py::TestMultipleCourses::test_question_with_course_29&#34;: [{&#34;extras&#34;: [], &#34;result&#34;: &#34;Failed&#34;, &#34;testId&#34;: &#34;test_abolayla_chat.py::TestMultipleCourses::test_question_with_course_29&#34;, &#34;duration&#34;: &#34;169 ms&#34;, &#34;resultsTableRow&#34;: [&#34;&lt;td class=\&#34;col-result\&#34;&gt;Failed&lt;/td&gt;&#34;, &#34;&lt;td class=\&#34;col-testId\&#34;&gt;test_abolayla_chat.py::TestMultipleCourses::test_question_with_course_29&lt;/td&gt;&#34;, &#34;&lt;td class=\&#34;col-duration\&#34;&gt;169 ms&lt;/td&gt;&#34;, &#34;&lt;td class=\&#34;col-links\&#34;&gt;&lt;/td&gt;&#34;], &#34;log&#34;: &#34;self = &amp;lt;test_abolayla_chat.TestMultipleCourses object at 0x000001F2D8FFCCB0&amp;gt;\nsession = &amp;lt;requests.sessions.Session object at 0x000001F2D8ECEBA0&amp;gt;\nchat_endpoint = &amp;#x27;https://alyibrahim.pythonanywhere.com/chat&amp;#x27;\n\n    def test_question_with_course_29(self, session, chat_endpoint):\n        &amp;quot;&amp;quot;&amp;quot;Test asking question to course 29.&amp;quot;&amp;quot;&amp;quot;\n        response = session.post(chat_endpoint, json={\n            &amp;quot;message&amp;quot;: &amp;quot;What topics are covered in this course?&amp;quot;,\n            &amp;quot;co_id&amp;quot;: 29\n        })\n&amp;gt;       assert response.status_code == 200\nE       assert 400 == 200\nE        +  where 400 = &amp;lt;Response [400]&amp;gt;.status_code\n\ntest_abolayla_chat.py:475: AssertionError\n&#34;}], &#34;test_abolayla_chat.py::TestMultipleCourses::test_question_with_course_32&#34;: [{&#34;extras&#34;: [], &#34;result&#34;: &#34;Failed&#34;, &#34;testId&#34;: &#34;test_abolayla_chat.py::TestMultipleCourses::test_question_with_course_32&#34;, &#34;duration&#34;: &#34;162 ms&#34;, &#34;resultsTableRow&#34;: [&#34;&lt;td class=\&#34;col-result\&#34;&gt;Failed&lt;/td&gt;&#34;, &#34;&lt;td class=\&#34;col-testId\&#34;&gt;test_abolayla_chat.py::TestMultipleCourses::test_question_with_course_32&lt;/td&gt;&#34;, &#34;&lt;td class=\&#34;col-duration\&#34;&gt;162 ms&lt;/td&gt;&#34;, &#34;&lt;td class=\&#34;col-links\&#34;&gt;&lt;/td&gt;&#34;], &#34;log&#34;: &#34;self = &amp;lt;test_abolayla_chat.TestMultipleCourses object at 0x000001F2D8FE47C0&amp;gt;\nsession = &amp;lt;requests.sessions.Session object at 0x000001F2D8ECEBA0&amp;gt;\nchat_endpoint = &amp;#x27;https://alyibrahim.pythonanywhere.com/chat&amp;#x27;\n\n    def test_question_with_course_32(self, session, chat_endpoint):\n        &amp;quot;&amp;quot;&amp;quot;Test asking question to course 32.&amp;quot;&amp;quot;&amp;quot;\n        response = session.post(chat_endpoint, json={\n            &amp;quot;message&amp;quot;: &amp;quot;What topics are covered in this course?&amp;quot;,\n            &amp;quot;co_id&amp;quot;: 32\n        })\n&amp;gt;       assert response.status_code == 200\nE       assert 400 == 200\nE        +  where 400 = &amp;lt;Response [400]&amp;gt;.status_code\n\ntest_abolayla_chat.py:483: AssertionError\n&#34;}], &#34;test_performance.py::TestGreetingResponseTime::test_hello_response_time&#34;: [{&#34;extras&#34;: [], &#34;result&#34;: &#34;Failed&#34;, &#34;testId&#34;: &#34;test_performance.py::TestGreetingResponseTime::test_hello_response_time&#34;, &#34;duration&#34;: &#34;163 ms&#34;, &#34;resultsTableRow&#34;: [&#34;&lt;td class=\&#34;col-result\&#34;&gt;Failed&lt;/td&gt;&#34;, &#34;&lt;td class=\&#34;col-testId\&#34;&gt;test_performance.py::TestGreetingResponseTime::test_hello_response_time&lt;/td&gt;&#34;, &#34;&lt;td class=\&#34;col-duration\&#34;&gt;163 ms&lt;/td&gt;&#34;, &#34;&lt;td class=\&#34;col-links\&#34;&gt;&lt;/td&gt;&#34;], &#34;log&#34;: &#34;self = &amp;lt;test_performance.TestGreetingResponseTime object at 0x000001F2D8F93750&amp;gt;\nsession = &amp;lt;requests.sessions.Session object at 0x000001F2D8ECEBA0&amp;gt;\nchat_endpoint = &amp;#x27;https://alyibrahim.pythonanywhere.com/chat&amp;#x27;\ntest_course_id = 27\nmeasure_response_time = &amp;lt;function measure_response_time.&amp;lt;locals&amp;gt;._measure at 0x000001F2D91349A0&amp;gt;\n\n    def test_hello_response_time(self, session, chat_endpoint, test_course_id, measure_response_time):\n        &amp;quot;&amp;quot;&amp;quot;Test that &amp;#x27;hello&amp;#x27; greeting responds quickly.&amp;quot;&amp;quot;&amp;quot;\n        def make_request():\n            return session.post(chat_endpoint, json={\n                &amp;quot;message&amp;quot;: &amp;quot;hello&amp;quot;,\n                &amp;quot;co_id&amp;quot;: test_course_id\n            })\n    \n        response, time_ms = measure_response_time(make_request)\n        print(f&amp;quot;Response time for &amp;#x27;hello&amp;#x27;: {time_ms:.2f}ms&amp;quot;)\n        # Allow some network latency - target 500ms for remote server\n&amp;gt;       assert response.status_code == 200\nE       assert 400 == 200\nE        +  where 400 = &amp;lt;Response [400]&amp;gt;.status_code\n\ntest_performance.py:32: AssertionError\n\n----------------------------- Captured stdout call -----------------------------\nResponse time for &amp;#x27;hello&amp;#x27;: 159.00ms\n&#34;}], &#34;test_performance.py::TestGreetingResponseTime::test_arabic_greeting_response_time&#34;: [{&#34;extras&#34;: [], &#34;result&#34;: &#34;Failed&#34;, &#34;testId&#34;: &#34;test_performance.py::TestGreetingResponseTime::test_arabic_greeting_response_time&#34;, &#34;duration&#34;: &#34;163 ms&#34;, &#34;resultsTableRow&#34;: [&#34;&lt;td class=\&#34;col-result\&#34;&gt;Failed&lt;/td&gt;&#34;, &#34;&lt;td class=\&#34;col-testId\&#34;&gt;test_performance.py::TestGreetingResponseTime::test_arabic_greeting_response_time&lt;/td&gt;&#34;, &#34;&lt;td class=\&#34;col-duration\&#34;&gt;163 ms&lt;/td&gt;&#34;, &#34;&lt;td class=\&#34;col-links\&#34;&gt;&lt;/td&gt;&#34;], &#34;log&#34;: &#34;self = &amp;lt;test_performance.TestGreetingResponseTime object at 0x000001F2D9038050&amp;gt;\nsession = &amp;lt;requests.sessions.Session object at 0x000001F2D8ECEBA0&amp;gt;\nchat_endpoint = &amp;#x27;https://alyibrahim.pythonanywhere.com/chat&amp;#x27;\ntest_course_id = 27\nmeasure_response_time = &amp;lt;function measure_response_time.&amp;lt;locals&amp;gt;._measure at 0x000001F2D9134E00&amp;gt;\n\n    def test_arabic_greeting_response_time(self, session, chat_endpoint, test_course_id, measure_response_time):\n        &amp;quot;&amp;quot;&amp;quot;Test that Arabic greeting responds quickly.&amp;quot;&amp;quot;&amp;quot;\n        def make_request():\n            return session.post(chat_endpoint, json={\n                &amp;quot;message&amp;quot;: &amp;quot;\u0645\u0631\u062d\u0628\u0627&amp;quot;,\n                &amp;quot;co_id&amp;quot;: test_course_id\n            })\n    \n        response, time_ms = measure_response_time(make_request)\n        print(f&amp;quot;Response time for &amp;#x27;\u0645\u0631\u062d\u0628\u0627&amp;#x27;: {time_ms:.2f}ms&amp;quot;)\n&amp;gt;       assert response.status_code == 200\nE       assert 400 == 200\nE        +  where 400 = &amp;lt;Response [400]&amp;gt;.status_code\n\ntest_performance.py:46: AssertionError\n\n----------------------------- Captured stdout call -----------------------------\nResponse time for &amp;#x27;\u0645\u0631\u062d\u0628\u0627&amp;#x27;: 161.68ms\n&#34;}], &#34;test_performance.py::TestGreetingResponseTime::test_multiple_greeting_average_time&#34;: [{&#34;extras&#34;: [], &#34;result&#34;: &#34;Failed&#34;, &#34;testId&#34;: &#34;test_performance.py::TestGreetingResponseTime::test_multiple_greeting_average_time&#34;, &#34;duration&#34;: &#34;229 ms&#34;, &#34;resultsTableRow&#34;: [&#34;&lt;td class=\&#34;col-result\&#34;&gt;Failed&lt;/td&gt;&#34;, &#34;&lt;td class=\&#34;col-testId\&#34;&gt;test_performance.py::TestGreetingResponseTime::test_multiple_greeting_average_time&lt;/td&gt;&#34;, &#34;&lt;td class=\&#34;col-duration\&#34;&gt;229 ms&lt;/td&gt;&#34;, &#34;&lt;td class=\&#34;col-links\&#34;&gt;&lt;/td&gt;&#34;], &#34;log&#34;: &#34;self = &amp;lt;test_performance.TestGreetingResponseTime object at 0x000001F2D8F9E8B0&amp;gt;\nsession = &amp;lt;requests.sessions.Session object at 0x000001F2D8ECEBA0&amp;gt;\nchat_endpoint = &amp;#x27;https://alyibrahim.pythonanywhere.com/chat&amp;#x27;\ntest_course_id = 27\n\n    def test_multiple_greeting_average_time(self, session, chat_endpoint, test_course_id):\n        &amp;quot;&amp;quot;&amp;quot;Test average response time for multiple greetings.&amp;quot;&amp;quot;&amp;quot;\n        greetings = [&amp;quot;hello&amp;quot;, &amp;quot;hi&amp;quot;, &amp;quot;hey&amp;quot;, &amp;quot;\u0645\u0631\u062d\u0628\u0627&amp;quot;, &amp;quot;\u0627\u0644\u0633\u0644\u0627\u0645 \u0639\u0644\u064a\u0643\u0645&amp;quot;]\n        times = []\n    \n        for greeting in greetings:\n            start = time.perf_counter()\n            response = session.post(chat_endpoint, json={\n                &amp;quot;message&amp;quot;: greeting,\n                &amp;quot;co_id&amp;quot;: test_course_id\n            })\n            end = time.perf_counter()\n            times.append((end - start) * 1000)\n&amp;gt;           assert response.status_code == 200\nE           assert 400 == 200\nE            +  where 400 = &amp;lt;Response [400]&amp;gt;.status_code\n\ntest_performance.py:61: AssertionError\n&#34;}], &#34;test_performance.py::TestGreetingResponseTime::test_greeting_vs_question_time_comparison&#34;: [{&#34;extras&#34;: [], &#34;result&#34;: &#34;Failed&#34;, &#34;testId&#34;: &#34;test_performance.py::TestGreetingResponseTime::test_greeting_vs_question_time_comparison&#34;, &#34;duration&#34;: &#34;362 ms&#34;, &#34;resultsTableRow&#34;: [&#34;&lt;td class=\&#34;col-result\&#34;&gt;Failed&lt;/td&gt;&#34;, &#34;&lt;td class=\&#34;col-testId\&#34;&gt;test_performance.py::TestGreetingResponseTime::test_greeting_vs_question_time_comparison&lt;/td&gt;&#34;, &#34;&lt;td class=\&#34;col-duration\&#34;&gt;362 ms&lt;/td&gt;&#34;, &#34;&lt;td class=\&#34;col-links\&#34;&gt;&lt;/td&gt;&#34;], &#34;log&#34;: &#34;self = &amp;lt;test_performance.TestGreetingResponseTime object at 0x000001F2D8F9E2C0&amp;gt;\nsession = &amp;lt;requests.sessions.Session object at 0x000001F2D8ECEBA0&amp;gt;\nchat_endpoint = &amp;#x27;https://alyibrahim.pythonanywhere.com/chat&amp;#x27;\ntest_course_id = 27\n\n    def test_greeting_vs_question_time_comparison(self, session, chat_endpoint, test_course_id):\n        &amp;quot;&amp;quot;&amp;quot;Compare greeting response time vs. question response time.&amp;quot;&amp;quot;&amp;quot;\n        # Time greeting\n        start = time.perf_counter()\n        greeting_response = session.post(chat_endpoint, json={\n            &amp;quot;message&amp;quot;: &amp;quot;hello&amp;quot;,\n            &amp;quot;co_id&amp;quot;: test_course_id\n        })\n        greeting_time = (time.perf_counter() - start) * 1000\n    \n        # Time a question (this will use AI, should be slower)\n        start = time.perf_counter()\n        question_response = session.post(chat_endpoint, json={\n            &amp;quot;message&amp;quot;: &amp;quot;What is the main topic of this course?&amp;quot;,\n            &amp;quot;co_id&amp;quot;: test_course_id\n        })\n        question_time = (time.perf_counter() - start) * 1000\n    \n        print(f&amp;quot;Greeting time: {greeting_time:.2f}ms&amp;quot;)\n        print(f&amp;quot;Question time: {question_time:.2f}ms&amp;quot;)\n        print(f&amp;quot;Greeting is {question_time/greeting_time:.1f}x faster&amp;quot; if greeting_time &amp;gt; 0 else &amp;quot;&amp;quot;)\n    \n&amp;gt;       assert greeting_response.status_code == 200\nE       assert 400 == 200\nE        +  where 400 = &amp;lt;Response [400]&amp;gt;.status_code\n\ntest_performance.py:90: AssertionError\n\n----------------------------- Captured stdout call -----------------------------\nGreeting time: 173.41ms\nQuestion time: 186.10ms\nGreeting is 1.1x faster\n&#34;}], &#34;test_performance.py::TestPreloadPerformance::test_preload_response_time&#34;: [{&#34;extras&#34;: [], &#34;result&#34;: &#34;Passed&#34;, &#34;testId&#34;: &#34;test_performance.py::TestPreloadPerformance::test_preload_response_time&#34;, &#34;duration&#34;: &#34;162 ms&#34;, &#34;resultsTableRow&#34;: [&#34;&lt;td class=\&#34;col-result\&#34;&gt;Passed&lt;/td&gt;&#34;, &#34;&lt;td class=\&#34;col-testId\&#34;&gt;test_performance.py::TestPreloadPerformance::test_preload_response_time&lt;/td&gt;&#34;, &#34;&lt;td class=\&#34;col-duration\&#34;&gt;162 ms&lt;/td&gt;&#34;, &#34;&lt;td class=\&#34;col-links\&#34;&gt;&lt;/td&gt;&#34;], &#34;log&#34;: &#34;----------------------------- Captured stdout call -----------------------------\nPreload response time: 160.59ms\n&#34;}], &#34;test_performance.py::TestPreloadPerformance::test_preload_all_courses&#34;: [{&#34;extras&#34;: [], &#34;result&#34;: &#34;Passed&#34;, &#34;testId&#34;: &#34;test_performance.py::TestPreloadPerformance::test_preload_all_courses&#34;, &#34;duration&#34;: &#34;796 ms&#34;, &#34;resultsTableRow&#34;: [&#34;&lt;td class=\&#34;col-result\&#34;&gt;Passed&lt;/td&gt;&#34;, &#34;&lt;td class=\&#34;col-testId\&#34;&gt;test_performance.py::TestPreloadPerformance::test_preload_all_courses&lt;/td&gt;&#34;, &#34;&lt;td class=\&#34;col-duration\&#34;&gt;796 ms&lt;/td&gt;&#34;, &#34;&lt;td class=\&#34;col-links\&#34;&gt;&lt;/td&gt;&#34;], &#34;log&#34;: &#34;----------------------------- Captured stdout call -----------------------------\nPreload times per course: [&amp;#x27;472.27ms&amp;#x27;, &amp;#x27;163.83ms&amp;#x27;, &amp;#x27;158.90ms&amp;#x27;]\nTotal preload time: 795.00ms\n&#34;}], &#34;test_performance.py::TestQuizGenerationPerformance::test_small_quiz_generation_time&#34;: [{&#34;extras&#34;: [], &#34;result&#34;: &#34;Failed&#34;, &#34;testId&#34;: &#34;test_performance.py::TestQuizGenerationPerformance::test_small_quiz_generation_time&#34;, &#34;duration&#34;: &#34;708 ms&#34;, &#34;resultsTableRow&#34;: [&#34;&lt;td class=\&#34;col-result\&#34;&gt;Failed&lt;/td&gt;&#34;, &#34;&lt;td class=\&#34;col-testId\&#34;&gt;test_performance.py::TestQuizGenerationPerformance::test_small_quiz_generation_time&lt;/td&gt;&#34;, &#34;&lt;td class=\&#34;col-duration\&#34;&gt;708 ms&lt;/td&gt;&#34;, &#34;&lt;td class=\&#34;col-links\&#34;&gt;&lt;/td&gt;&#34;], &#34;log&#34;: &#34;self = &amp;lt;test_performance.TestQuizGenerationPerformance object at 0x000001F2D9038410&amp;gt;\nsession = &amp;lt;requests.sessions.Session object at 0x000001F2D8ECEBA0&amp;gt;\ngenerate_quiz_endpoint = &amp;#x27;https://alyibrahim.pythonanywhere.com/generate_quiz&amp;#x27;\ntest_course_id = 27\n\n    def test_small_quiz_generation_time(self, session, generate_quiz_endpoint, test_course_id):\n        &amp;quot;&amp;quot;&amp;quot;Test generation time for small quiz (3 questions).&amp;quot;&amp;quot;&amp;quot;\n        start = time.perf_counter()\n        response = session.post(generate_quiz_endpoint, json={\n            &amp;quot;co_id&amp;quot;: test_course_id,\n            &amp;quot;selected_lectures&amp;quot;: [1],\n            &amp;quot;num_questions&amp;quot;: 3,\n            &amp;quot;question_type&amp;quot;: &amp;quot;MCQ&amp;quot;,\n            &amp;quot;difficulty&amp;quot;: &amp;quot;medium&amp;quot;\n        })\n        time_ms = (time.perf_counter() - start) * 1000\n    \n        print(f&amp;quot;Small quiz (3 questions) generation time: {time_ms:.2f}ms&amp;quot;)\n&amp;gt;       assert response.status_code in [200, 400]\nE       assert 500 in [200, 400]\nE        +  where 500 = &amp;lt;Response [500]&amp;gt;.status_code\n\ntest_performance.py:136: AssertionError\n\n----------------------------- Captured stdout call -----------------------------\nSmall quiz (3 questions) generation time: 706.27ms\n&#34;}], &#34;test_performance.py::TestQuizGenerationPerformance::test_medium_quiz_generation_time&#34;: [{&#34;extras&#34;: [], &#34;result&#34;: &#34;Failed&#34;, &#34;testId&#34;: &#34;test_performance.py::TestQuizGenerationPerformance::test_medium_quiz_generation_time&#34;, &#34;duration&#34;: &#34;00:00:02&#34;, &#34;resultsTableRow&#34;: [&#34;&lt;td class=\&#34;col-result\&#34;&gt;Failed&lt;/td&gt;&#34;, &#34;&lt;td class=\&#34;col-testId\&#34;&gt;test_performance.py::TestQuizGenerationPerformance::test_medium_quiz_generation_time&lt;/td&gt;&#34;, &#34;&lt;td class=\&#34;col-duration\&#34;&gt;00:00:02&lt;/td&gt;&#34;, &#34;&lt;td class=\&#34;col-links\&#34;&gt;&lt;/td&gt;&#34;], &#34;log&#34;: &#34;self = &amp;lt;test_performance.TestQuizGenerationPerformance object at 0x000001F2D9038550&amp;gt;\nsession = &amp;lt;requests.sessions.Session object at 0x000001F2D8ECEBA0&amp;gt;\ngenerate_quiz_endpoint = &amp;#x27;https://alyibrahim.pythonanywhere.com/generate_quiz&amp;#x27;\ntest_course_id = 27\n\n    def test_medium_quiz_generation_time(self, session, generate_quiz_endpoint, test_course_id):\n        &amp;quot;&amp;quot;&amp;quot;Test generation time for medium quiz (5 questions).&amp;quot;&amp;quot;&amp;quot;\n        start = time.perf_counter()\n        response = session.post(generate_quiz_endpoint, json={\n            &amp;quot;co_id&amp;quot;: test_course_id,\n            &amp;quot;selected_lectures&amp;quot;: [1, 2],\n            &amp;quot;num_questions&amp;quot;: 5,\n            &amp;quot;question_type&amp;quot;: &amp;quot;MCQ&amp;quot;,\n            &amp;quot;difficulty&amp;quot;: &amp;quot;medium&amp;quot;\n        })\n        time_ms = (time.perf_counter() - start) * 1000\n    \n        print(f&amp;quot;Medium quiz (5 questions) generation time: {time_ms:.2f}ms&amp;quot;)\n&amp;gt;       assert response.status_code in [200, 400]\nE       assert 500 in [200, 400]\nE        +  where 500 = &amp;lt;Response [500]&amp;gt;.status_code\n\ntest_performance.py:151: AssertionError\n\n----------------------------- Captured stdout call -----------------------------\nMedium quiz (5 questions) generation time: 2004.26ms\n&#34;}], &#34;test_performance.py::TestQuizGenerationPerformance::test_large_quiz_generation_time&#34;: [{&#34;extras&#34;: [], &#34;result&#34;: &#34;Failed&#34;, &#34;testId&#34;: &#34;test_performance.py::TestQuizGenerationPerformance::test_large_quiz_generation_time&#34;, &#34;duration&#34;: &#34;00:00:03&#34;, &#34;resultsTableRow&#34;: [&#34;&lt;td class=\&#34;col-result\&#34;&gt;Failed&lt;/td&gt;&#34;, &#34;&lt;td class=\&#34;col-testId\&#34;&gt;test_performance.py::TestQuizGenerationPerformance::test_large_quiz_generation_time&lt;/td&gt;&#34;, &#34;&lt;td class=\&#34;col-duration\&#34;&gt;00:00:03&lt;/td&gt;&#34;, &#34;&lt;td class=\&#34;col-links\&#34;&gt;&lt;/td&gt;&#34;], &#34;log&#34;: &#34;self = &amp;lt;test_performance.TestQuizGenerationPerformance object at 0x000001F2D8F9ED70&amp;gt;\nsession = &amp;lt;requests.sessions.Session object at 0x000001F2D8ECEBA0&amp;gt;\ngenerate_quiz_endpoint = &amp;#x27;https://alyibrahim.pythonanywhere.com/generate_quiz&amp;#x27;\ntest_course_id = 27\n\n    def test_large_quiz_generation_time(self, session, generate_quiz_endpoint, test_course_id):\n        &amp;quot;&amp;quot;&amp;quot;Test generation time for large quiz (10 questions).&amp;quot;&amp;quot;&amp;quot;\n        start = time.perf_counter()\n        response = session.post(generate_quiz_endpoint, json={\n            &amp;quot;co_id&amp;quot;: test_course_id,\n            &amp;quot;selected_lectures&amp;quot;: [1, 2, 3],\n            &amp;quot;num_questions&amp;quot;: 10,\n            &amp;quot;question_type&amp;quot;: &amp;quot;MCQ&amp;quot;,\n            &amp;quot;difficulty&amp;quot;: &amp;quot;medium&amp;quot;\n        })\n        time_ms = (time.perf_counter() - start) * 1000\n    \n        print(f&amp;quot;Large quiz (10 questions) generation time: {time_ms:.2f}ms&amp;quot;)\n&amp;gt;       assert response.status_code in [200, 400]\nE       assert 500 in [200, 400]\nE        +  where 500 = &amp;lt;Response [500]&amp;gt;.status_code\n\ntest_performance.py:166: AssertionError\n\n----------------------------- Captured stdout call -----------------------------\nLarge quiz (10 questions) generation time: 3208.18ms\n&#34;}], &#34;test_performance.py::TestConcurrentRequests::test_concurrent_greetings&#34;: [{&#34;extras&#34;: [], &#34;result&#34;: &#34;Failed&#34;, &#34;testId&#34;: &#34;test_performance.py::TestConcurrentRequests::test_concurrent_greetings&#34;, &#34;duration&#34;: &#34;00:00:02&#34;, &#34;resultsTableRow&#34;: [&#34;&lt;td class=\&#34;col-result\&#34;&gt;Failed&lt;/td&gt;&#34;, &#34;&lt;td class=\&#34;col-testId\&#34;&gt;test_performance.py::TestConcurrentRequests::test_concurrent_greetings&lt;/td&gt;&#34;, &#34;&lt;td class=\&#34;col-duration\&#34;&gt;00:00:02&lt;/td&gt;&#34;, &#34;&lt;td class=\&#34;col-links\&#34;&gt;&lt;/td&gt;&#34;], &#34;log&#34;: &#34;self = &amp;lt;test_performance.TestConcurrentRequests object at 0x000001F2D9038690&amp;gt;\nbase_url = &amp;#x27;https://alyibrahim.pythonanywhere.com&amp;#x27;, test_course_id = 27\n\n    def test_concurrent_greetings(self, base_url, test_course_id):\n        &amp;quot;&amp;quot;&amp;quot;Test handling multiple concurrent greeting requests.&amp;quot;&amp;quot;&amp;quot;\n        chat_endpoint = f&amp;quot;{base_url}/chat&amp;quot;\n        num_concurrent = 5\n    \n        def send_greeting(greeting):\n            with requests.Session() as s:\n                start = time.perf_counter()\n                response = s.post(chat_endpoint, json={\n                    &amp;quot;message&amp;quot;: greeting,\n                    &amp;quot;co_id&amp;quot;: test_course_id\n                })\n                end = time.perf_counter()\n                return response.status_code, (end - start) * 1000\n    \n        greetings = [&amp;quot;hello&amp;quot;, &amp;quot;hi&amp;quot;, &amp;quot;hey&amp;quot;, &amp;quot;\u0645\u0631\u062d\u0628\u0627&amp;quot;, &amp;quot;\u0627\u0644\u0633\u0644\u0627\u0645 \u0639\u0644\u064a\u0643\u0645&amp;quot;]\n    \n        with concurrent.futures.ThreadPoolExecutor(max_workers=num_concurrent) as executor:\n            futures = [executor.submit(send_greeting, g) for g in greetings]\n            results = [f.result() for f in concurrent.futures.as_completed(futures)]\n    \n        status_codes = [r[0] for r in results]\n        times = [r[1] for r in results]\n    \n        print(f&amp;quot;Concurrent greeting results:&amp;quot;)\n        print(f&amp;quot;  Status codes: {status_codes}&amp;quot;)\n        print(f&amp;quot;  Response times: {[f&amp;#x27;{t:.2f}ms&amp;#x27; for t in times]}&amp;quot;)\n        print(f&amp;quot;  Average time: {mean(times):.2f}ms&amp;quot;)\n    \n        # All should succeed\n&amp;gt;       assert all(code == 200 for code in status_codes)\nE       assert False\nE        +  where False = all(&amp;lt;generator object TestConcurrentRequests.test_concurrent_greetings.&amp;lt;locals&amp;gt;.&amp;lt;genexpr&amp;gt; at 0x000001F2D9224EE0&amp;gt;)\n\ntest_performance.py:202: AssertionError\n\n----------------------------- Captured stdout call -----------------------------\nConcurrent greeting results:\n  Status codes: [400, 400, 400, 400, 400]\n  Response times: [&amp;#x27;1455.63ms&amp;#x27;, &amp;#x27;1474.33ms&amp;#x27;, &amp;#x27;1475.04ms&amp;#x27;, &amp;#x27;1484.37ms&amp;#x27;, &amp;#x27;1507.60ms&amp;#x27;]\n  Average time: 1479.40ms\n&#34;}], &#34;test_performance.py::TestConcurrentRequests::test_concurrent_chat_requests&#34;: [{&#34;extras&#34;: [], &#34;result&#34;: &#34;Passed&#34;, &#34;testId&#34;: &#34;test_performance.py::TestConcurrentRequests::test_concurrent_chat_requests&#34;, &#34;duration&#34;: &#34;00:00:01&#34;, &#34;resultsTableRow&#34;: [&#34;&lt;td class=\&#34;col-result\&#34;&gt;Passed&lt;/td&gt;&#34;, &#34;&lt;td class=\&#34;col-testId\&#34;&gt;test_performance.py::TestConcurrentRequests::test_concurrent_chat_requests&lt;/td&gt;&#34;, &#34;&lt;td class=\&#34;col-duration\&#34;&gt;00:00:01&lt;/td&gt;&#34;, &#34;&lt;td class=\&#34;col-links\&#34;&gt;&lt;/td&gt;&#34;], &#34;log&#34;: &#34;----------------------------- Captured stdout call -----------------------------\nConcurrent chat status codes: [400, 400, 400]\n&#34;}], &#34;test_performance.py::TestLoadTesting::test_sequential_greetings&#34;: [{&#34;extras&#34;: [], &#34;result&#34;: &#34;Failed&#34;, &#34;testId&#34;: &#34;test_performance.py::TestLoadTesting::test_sequential_greetings&#34;, &#34;duration&#34;: &#34;183 ms&#34;, &#34;resultsTableRow&#34;: [&#34;&lt;td class=\&#34;col-result\&#34;&gt;Failed&lt;/td&gt;&#34;, &#34;&lt;td class=\&#34;col-testId\&#34;&gt;test_performance.py::TestLoadTesting::test_sequential_greetings&lt;/td&gt;&#34;, &#34;&lt;td class=\&#34;col-duration\&#34;&gt;183 ms&lt;/td&gt;&#34;, &#34;&lt;td class=\&#34;col-links\&#34;&gt;&lt;/td&gt;&#34;], &#34;log&#34;: &#34;self = &amp;lt;test_performance.TestLoadTesting object at 0x000001F2D9038910&amp;gt;\nsession = &amp;lt;requests.sessions.Session object at 0x000001F2D8ECEBA0&amp;gt;\nchat_endpoint = &amp;#x27;https://alyibrahim.pythonanywhere.com/chat&amp;#x27;\ntest_course_id = 27\n\n    def test_sequential_greetings(self, session, chat_endpoint, test_course_id):\n        &amp;quot;&amp;quot;&amp;quot;Test sequential greeting requests.&amp;quot;&amp;quot;&amp;quot;\n        num_requests = 10\n        times = []\n    \n        for i in range(num_requests):\n            start = time.perf_counter()\n            response = session.post(chat_endpoint, json={\n                &amp;quot;message&amp;quot;: &amp;quot;hello&amp;quot;,\n                &amp;quot;co_id&amp;quot;: test_course_id\n            })\n            end = time.perf_counter()\n            times.append((end - start) * 1000)\n&amp;gt;           assert response.status_code == 200\nE           assert 400 == 200\nE            +  where 400 = &amp;lt;Response [400]&amp;gt;.status_code\n\ntest_performance.py:252: AssertionError\n&#34;}], &#34;test_performance.py::TestLoadTesting::test_sequential_quiz_generation&#34;: [{&#34;extras&#34;: [], &#34;result&#34;: &#34;Failed&#34;, &#34;testId&#34;: &#34;test_performance.py::TestLoadTesting::test_sequential_quiz_generation&#34;, &#34;duration&#34;: &#34;539 ms&#34;, &#34;resultsTableRow&#34;: [&#34;&lt;td class=\&#34;col-result\&#34;&gt;Failed&lt;/td&gt;&#34;, &#34;&lt;td class=\&#34;col-testId\&#34;&gt;test_performance.py::TestLoadTesting::test_sequential_quiz_generation&lt;/td&gt;&#34;, &#34;&lt;td class=\&#34;col-duration\&#34;&gt;539 ms&lt;/td&gt;&#34;, &#34;&lt;td class=\&#34;col-links\&#34;&gt;&lt;/td&gt;&#34;], &#34;log&#34;: &#34;self = &amp;lt;test_performance.TestLoadTesting object at 0x000001F2D9038A50&amp;gt;\nsession = &amp;lt;requests.sessions.Session object at 0x000001F2D8ECEBA0&amp;gt;\ngenerate_quiz_endpoint = &amp;#x27;https://alyibrahim.pythonanywhere.com/generate_quiz&amp;#x27;\ntest_course_id = 27\n\n    def test_sequential_quiz_generation(self, session, generate_quiz_endpoint, test_course_id):\n        &amp;quot;&amp;quot;&amp;quot;Test sequential quiz generation requests.&amp;quot;&amp;quot;&amp;quot;\n        num_requests = 3  # Keep low to avoid long test times\n        times = []\n    \n        for i in range(num_requests):\n            start = time.perf_counter()\n            response = session.post(generate_quiz_endpoint, json={\n                &amp;quot;co_id&amp;quot;: test_course_id,\n                &amp;quot;selected_lectures&amp;quot;: [1],\n                &amp;quot;num_questions&amp;quot;: 2,\n                &amp;quot;question_type&amp;quot;: &amp;quot;MCQ&amp;quot;,\n                &amp;quot;difficulty&amp;quot;: &amp;quot;easy&amp;quot;\n            })\n            end = time.perf_counter()\n            times.append((end - start) * 1000)\n&amp;gt;           assert response.status_code in [200, 400]\nE           assert 500 in [200, 400]\nE            +  where 500 = &amp;lt;Response [500]&amp;gt;.status_code\n\ntest_performance.py:277: AssertionError\n&#34;}], &#34;test_performance.py::TestConnectionHandling::test_session_reuse&#34;: [{&#34;extras&#34;: [], &#34;result&#34;: &#34;Failed&#34;, &#34;testId&#34;: &#34;test_performance.py::TestConnectionHandling::test_session_reuse&#34;, &#34;duration&#34;: &#34;323 ms&#34;, &#34;resultsTableRow&#34;: [&#34;&lt;td class=\&#34;col-result\&#34;&gt;Failed&lt;/td&gt;&#34;, &#34;&lt;td class=\&#34;col-testId\&#34;&gt;test_performance.py::TestConnectionHandling::test_session_reuse&lt;/td&gt;&#34;, &#34;&lt;td class=\&#34;col-duration\&#34;&gt;323 ms&lt;/td&gt;&#34;, &#34;&lt;td class=\&#34;col-links\&#34;&gt;&lt;/td&gt;&#34;], &#34;log&#34;: &#34;self = &amp;lt;test_performance.TestConnectionHandling object at 0x000001F2D9038B90&amp;gt;\nsession = &amp;lt;requests.sessions.Session object at 0x000001F2D8ECEBA0&amp;gt;\nchat_endpoint = &amp;#x27;https://alyibrahim.pythonanywhere.com/chat&amp;#x27;\ntest_course_id = 27\n\n    def test_session_reuse(self, session, chat_endpoint, test_course_id):\n        &amp;quot;&amp;quot;&amp;quot;Test that session reuse improves performance.&amp;quot;&amp;quot;&amp;quot;\n        # First request (cold)\n        start = time.perf_counter()\n        response1 = session.post(chat_endpoint, json={\n            &amp;quot;message&amp;quot;: &amp;quot;hello&amp;quot;,\n            &amp;quot;co_id&amp;quot;: test_course_id\n        })\n        cold_time = (time.perf_counter() - start) * 1000\n    \n        # Second request (warm, connection reused)\n        start = time.perf_counter()\n        response2 = session.post(chat_endpoint, json={\n            &amp;quot;message&amp;quot;: &amp;quot;hi&amp;quot;,\n            &amp;quot;co_id&amp;quot;: test_course_id\n        })\n        warm_time = (time.perf_counter() - start) * 1000\n    \n        print(f&amp;quot;Cold request time: {cold_time:.2f}ms&amp;quot;)\n        print(f&amp;quot;Warm request time: {warm_time:.2f}ms&amp;quot;)\n    \n&amp;gt;       assert response1.status_code == 200\nE       assert 400 == 200\nE        +  where 400 = &amp;lt;Response [400]&amp;gt;.status_code\n\ntest_performance.py:309: AssertionError\n\n----------------------------- Captured stdout call -----------------------------\nCold request time: 159.02ms\nWarm request time: 162.30ms\n&#34;}], &#34;test_performance.py::TestConnectionHandling::test_new_session_per_request&#34;: [{&#34;extras&#34;: [], &#34;result&#34;: &#34;Failed&#34;, &#34;testId&#34;: &#34;test_performance.py::TestConnectionHandling::test_new_session_per_request&#34;, &#34;duration&#34;: &#34;848 ms&#34;, &#34;resultsTableRow&#34;: [&#34;&lt;td class=\&#34;col-result\&#34;&gt;Failed&lt;/td&gt;&#34;, &#34;&lt;td class=\&#34;col-testId\&#34;&gt;test_performance.py::TestConnectionHandling::test_new_session_per_request&lt;/td&gt;&#34;, &#34;&lt;td class=\&#34;col-duration\&#34;&gt;848 ms&lt;/td&gt;&#34;, &#34;&lt;td class=\&#34;col-links\&#34;&gt;&lt;/td&gt;&#34;], &#34;log&#34;: &#34;self = &amp;lt;test_performance.TestConnectionHandling object at 0x000001F2D9038CD0&amp;gt;\nbase_url = &amp;#x27;https://alyibrahim.pythonanywhere.com&amp;#x27;, test_course_id = 27\n\n    def test_new_session_per_request(self, base_url, test_course_id):\n        &amp;quot;&amp;quot;&amp;quot;Test performance with new session per request.&amp;quot;&amp;quot;&amp;quot;\n        chat_endpoint = f&amp;quot;{base_url}/chat&amp;quot;\n        times = []\n    \n        for _ in range(3):\n            with requests.Session() as s:\n                start = time.perf_counter()\n                response = s.post(chat_endpoint, json={\n                    &amp;quot;message&amp;quot;: &amp;quot;hello&amp;quot;,\n                    &amp;quot;co_id&amp;quot;: test_course_id\n                })\n                end = time.perf_counter()\n                times.append((end - start) * 1000)\n&amp;gt;               assert response.status_code == 200\nE               assert 400 == 200\nE                +  where 400 = &amp;lt;Response [400]&amp;gt;.status_code\n\ntest_performance.py:326: AssertionError\n&#34;}], &#34;test_performance.py::TestTimeouts::test_short_timeout_greeting&#34;: [{&#34;extras&#34;: [], &#34;result&#34;: &#34;Failed&#34;, &#34;testId&#34;: &#34;test_performance.py::TestTimeouts::test_short_timeout_greeting&#34;, &#34;duration&#34;: &#34;797 ms&#34;, &#34;resultsTableRow&#34;: [&#34;&lt;td class=\&#34;col-result\&#34;&gt;Failed&lt;/td&gt;&#34;, &#34;&lt;td class=\&#34;col-testId\&#34;&gt;test_performance.py::TestTimeouts::test_short_timeout_greeting&lt;/td&gt;&#34;, &#34;&lt;td class=\&#34;col-duration\&#34;&gt;797 ms&lt;/td&gt;&#34;, &#34;&lt;td class=\&#34;col-links\&#34;&gt;&lt;/td&gt;&#34;], &#34;log&#34;: &#34;self = &amp;lt;test_performance.TestTimeouts object at 0x000001F2D9038E10&amp;gt;\nbase_url = &amp;#x27;https://alyibrahim.pythonanywhere.com&amp;#x27;, test_course_id = 27\n\n    def test_short_timeout_greeting(self, base_url, test_course_id):\n        &amp;quot;&amp;quot;&amp;quot;Test greeting with short timeout (should succeed).&amp;quot;&amp;quot;&amp;quot;\n        chat_endpoint = f&amp;quot;{base_url}/chat&amp;quot;\n        try:\n            response = requests.post(\n                chat_endpoint,\n                json={&amp;quot;message&amp;quot;: &amp;quot;hello&amp;quot;, &amp;quot;co_id&amp;quot;: test_course_id},\n                timeout=10  # 10 second timeout\n            )\n&amp;gt;           assert response.status_code == 200\nE           assert 400 == 200\nE            +  where 400 = &amp;lt;Response [400]&amp;gt;.status_code\n\ntest_performance.py:344: AssertionError\n&#34;}], &#34;test_performance.py::TestTimeouts::test_reasonable_timeout_quiz&#34;: [{&#34;extras&#34;: [], &#34;result&#34;: &#34;Failed&#34;, &#34;testId&#34;: &#34;test_performance.py::TestTimeouts::test_reasonable_timeout_quiz&#34;, &#34;duration&#34;: &#34;00:00:01&#34;, &#34;resultsTableRow&#34;: [&#34;&lt;td class=\&#34;col-result\&#34;&gt;Failed&lt;/td&gt;&#34;, &#34;&lt;td class=\&#34;col-testId\&#34;&gt;test_performance.py::TestTimeouts::test_reasonable_timeout_quiz&lt;/td&gt;&#34;, &#34;&lt;td class=\&#34;col-duration\&#34;&gt;00:00:01&lt;/td&gt;&#34;, &#34;&lt;td class=\&#34;col-links\&#34;&gt;&lt;/td&gt;&#34;], &#34;log&#34;: &#34;self = &amp;lt;test_performance.TestTimeouts object at 0x000001F2D9038F50&amp;gt;\nbase_url = &amp;#x27;https://alyibrahim.pythonanywhere.com&amp;#x27;, test_course_id = 27\n\n    def test_reasonable_timeout_quiz(self, base_url, test_course_id):\n        &amp;quot;&amp;quot;&amp;quot;Test quiz generation with reasonable timeout.&amp;quot;&amp;quot;&amp;quot;\n        quiz_endpoint = f&amp;quot;{base_url}/generate_quiz&amp;quot;\n        try:\n            response = requests.post(\n                quiz_endpoint,\n                json={\n                    &amp;quot;co_id&amp;quot;: test_course_id,\n                    &amp;quot;selected_lectures&amp;quot;: [1],\n                    &amp;quot;num_questions&amp;quot;: 3,\n                    &amp;quot;question_type&amp;quot;: &amp;quot;MCQ&amp;quot;,\n                    &amp;quot;difficulty&amp;quot;: &amp;quot;medium&amp;quot;\n                },\n                timeout=60  # 60 second timeout for AI generation\n            )\n&amp;gt;           assert response.status_code in [200, 400]\nE           assert 500 in [200, 400]\nE            +  where 500 = &amp;lt;Response [500]&amp;gt;.status_code\n\ntest_performance.py:363: AssertionError\n&#34;}], &#34;test_quiz_generator.py::TestGenerateQuizEndpointBasic::test_endpoint_exists&#34;: [{&#34;extras&#34;: [], &#34;result&#34;: &#34;Passed&#34;, &#34;testId&#34;: &#34;test_quiz_generator.py::TestGenerateQuizEndpointBasic::test_endpoint_exists&#34;, &#34;duration&#34;: &#34;694 ms&#34;, &#34;resultsTableRow&#34;: [&#34;&lt;td class=\&#34;col-result\&#34;&gt;Passed&lt;/td&gt;&#34;, &#34;&lt;td class=\&#34;col-testId\&#34;&gt;test_quiz_generator.py::TestGenerateQuizEndpointBasic::test_endpoint_exists&lt;/td&gt;&#34;, &#34;&lt;td class=\&#34;col-duration\&#34;&gt;694 ms&lt;/td&gt;&#34;, &#34;&lt;td class=\&#34;col-links\&#34;&gt;&lt;/td&gt;&#34;], &#34;log&#34;: &#34;No log output captured.&#34;}], &#34;test_quiz_generator.py::TestGenerateQuizEndpointBasic::test_returns_json&#34;: [{&#34;extras&#34;: [], &#34;result&#34;: &#34;Passed&#34;, &#34;testId&#34;: &#34;test_quiz_generator.py::TestGenerateQuizEndpointBasic::test_returns_json&#34;, &#34;duration&#34;: &#34;00:00:02&#34;, &#34;resultsTableRow&#34;: [&#34;&lt;td class=\&#34;col-result\&#34;&gt;Passed&lt;/td&gt;&#34;, &#34;&lt;td class=\&#34;col-testId\&#34;&gt;test_quiz_generator.py::TestGenerateQuizEndpointBasic::test_returns_json&lt;/td&gt;&#34;, &#34;&lt;td class=\&#34;col-duration\&#34;&gt;00:00:02&lt;/td&gt;&#34;, &#34;&lt;td class=\&#34;col-links\&#34;&gt;&lt;/td&gt;&#34;], &#34;log&#34;: &#34;No log output captured.&#34;}], &#34;test_quiz_generator.py::TestGenerateQuizEndpointBasic::test_response_structure&#34;: [{&#34;extras&#34;: [], &#34;result&#34;: &#34;Passed&#34;, &#34;testId&#34;: &#34;test_quiz_generator.py::TestGenerateQuizEndpointBasic::test_response_structure&#34;, &#34;duration&#34;: &#34;00:00:01&#34;, &#34;resultsTableRow&#34;: [&#34;&lt;td class=\&#34;col-result\&#34;&gt;Passed&lt;/td&gt;&#34;, &#34;&lt;td class=\&#34;col-testId\&#34;&gt;test_quiz_generator.py::TestGenerateQuizEndpointBasic::test_response_structure&lt;/td&gt;&#34;, &#34;&lt;td class=\&#34;col-duration\&#34;&gt;00:00:01&lt;/td&gt;&#34;, &#34;&lt;td class=\&#34;col-links\&#34;&gt;&lt;/td&gt;&#34;], &#34;log&#34;: &#34;No log output captured.&#34;}], &#34;test_quiz_generator.py::TestQuizGenerationMCQ::test_generate_mcq_quiz&#34;: [{&#34;extras&#34;: [], &#34;result&#34;: &#34;Failed&#34;, &#34;testId&#34;: &#34;test_quiz_generator.py::TestQuizGenerationMCQ::test_generate_mcq_quiz&#34;, &#34;duration&#34;: &#34;790 ms&#34;, &#34;resultsTableRow&#34;: [&#34;&lt;td class=\&#34;col-result\&#34;&gt;Failed&lt;/td&gt;&#34;, &#34;&lt;td class=\&#34;col-testId\&#34;&gt;test_quiz_generator.py::TestQuizGenerationMCQ::test_generate_mcq_quiz&lt;/td&gt;&#34;, &#34;&lt;td class=\&#34;col-duration\&#34;&gt;790 ms&lt;/td&gt;&#34;, &#34;&lt;td class=\&#34;col-links\&#34;&gt;&lt;/td&gt;&#34;], &#34;log&#34;: &#34;self = &amp;lt;test_quiz_generator.TestQuizGenerationMCQ object at 0x000001F2D9039310&amp;gt;\nsession = &amp;lt;requests.sessions.Session object at 0x000001F2D8ECEBA0&amp;gt;\ngenerate_quiz_endpoint = &amp;#x27;https://alyibrahim.pythonanywhere.com/generate_quiz&amp;#x27;\ntest_course_id = 27\n\n    def test_generate_mcq_quiz(self, session, generate_quiz_endpoint, test_course_id):\n        &amp;quot;&amp;quot;&amp;quot;Test generating MCQ quiz.&amp;quot;&amp;quot;&amp;quot;\n        response = session.post(generate_quiz_endpoint, json={\n            &amp;quot;co_id&amp;quot;: test_course_id,\n            &amp;quot;selected_lectures&amp;quot;: [1],\n            &amp;quot;num_questions&amp;quot;: 3,\n            &amp;quot;question_type&amp;quot;: &amp;quot;MCQ&amp;quot;,\n            &amp;quot;difficulty&amp;quot;: &amp;quot;medium&amp;quot;\n        })\n&amp;gt;       assert response.status_code in [200, 400]\nE       assert 500 in [200, 400]\nE        +  where 500 = &amp;lt;Response [500]&amp;gt;.status_code\n\ntest_quiz_generator.py:61: AssertionError\n&#34;}], &#34;test_quiz_generator.py::TestQuizGenerationMCQ::test_mcq_with_5_questions&#34;: [{&#34;extras&#34;: [], &#34;result&#34;: &#34;Failed&#34;, &#34;testId&#34;: &#34;test_quiz_generator.py::TestQuizGenerationMCQ::test_mcq_with_5_questions&#34;, &#34;duration&#34;: &#34;00:00:01&#34;, &#34;resultsTableRow&#34;: [&#34;&lt;td class=\&#34;col-result\&#34;&gt;Failed&lt;/td&gt;&#34;, &#34;&lt;td class=\&#34;col-testId\&#34;&gt;test_quiz_generator.py::TestQuizGenerationMCQ::test_mcq_with_5_questions&lt;/td&gt;&#34;, &#34;&lt;td class=\&#34;col-duration\&#34;&gt;00:00:01&lt;/td&gt;&#34;, &#34;&lt;td class=\&#34;col-links\&#34;&gt;&lt;/td&gt;&#34;], &#34;log&#34;: &#34;self = &amp;lt;test_quiz_generator.TestQuizGenerationMCQ object at 0x000001F2D9039450&amp;gt;\nsession = &amp;lt;requests.sessions.Session object at 0x000001F2D8ECEBA0&amp;gt;\ngenerate_quiz_endpoint = &amp;#x27;https://alyibrahim.pythonanywhere.com/generate_quiz&amp;#x27;\ntest_course_id = 27\n\n    def test_mcq_with_5_questions(self, session, generate_quiz_endpoint, test_course_id):\n        &amp;quot;&amp;quot;&amp;quot;Test generating 5 MCQ questions.&amp;quot;&amp;quot;&amp;quot;\n        response = session.post(generate_quiz_endpoint, json={\n            &amp;quot;co_id&amp;quot;: test_course_id,\n            &amp;quot;selected_lectures&amp;quot;: [1, 2],\n            &amp;quot;num_questions&amp;quot;: 5,\n            &amp;quot;question_type&amp;quot;: &amp;quot;MCQ&amp;quot;,\n            &amp;quot;difficulty&amp;quot;: &amp;quot;medium&amp;quot;\n        })\n&amp;gt;       assert response.status_code in [200, 400]\nE       assert 500 in [200, 400]\nE        +  where 500 = &amp;lt;Response [500]&amp;gt;.status_code\n\ntest_quiz_generator.py:72: AssertionError\n&#34;}], &#34;test_quiz_generator.py::TestQuizGenerationMCQ::test_mcq_with_10_questions&#34;: [{&#34;extras&#34;: [], &#34;result&#34;: &#34;Failed&#34;, &#34;testId&#34;: &#34;test_quiz_generator.py::TestQuizGenerationMCQ::test_mcq_with_10_questions&#34;, &#34;duration&#34;: &#34;495 ms&#34;, &#34;resultsTableRow&#34;: [&#34;&lt;td class=\&#34;col-result\&#34;&gt;Failed&lt;/td&gt;&#34;, &#34;&lt;td class=\&#34;col-testId\&#34;&gt;test_quiz_generator.py::TestQuizGenerationMCQ::test_mcq_with_10_questions&lt;/td&gt;&#34;, &#34;&lt;td class=\&#34;col-duration\&#34;&gt;495 ms&lt;/td&gt;&#34;, &#34;&lt;td class=\&#34;col-links\&#34;&gt;&lt;/td&gt;&#34;], &#34;log&#34;: &#34;self = &amp;lt;test_quiz_generator.TestQuizGenerationMCQ object at 0x000001F2D8F9F100&amp;gt;\nsession = &amp;lt;requests.sessions.Session object at 0x000001F2D8ECEBA0&amp;gt;\ngenerate_quiz_endpoint = &amp;#x27;https://alyibrahim.pythonanywhere.com/generate_quiz&amp;#x27;\ntest_course_id = 27\n\n    def test_mcq_with_10_questions(self, session, generate_quiz_endpoint, test_course_id):\n        &amp;quot;&amp;quot;&amp;quot;Test generating 10 MCQ questions.&amp;quot;&amp;quot;&amp;quot;\n        response = session.post(generate_quiz_endpoint, json={\n            &amp;quot;co_id&amp;quot;: test_course_id,\n            &amp;quot;selected_lectures&amp;quot;: [1],\n            &amp;quot;num_questions&amp;quot;: 10,\n            &amp;quot;question_type&amp;quot;: &amp;quot;MCQ&amp;quot;,\n            &amp;quot;difficulty&amp;quot;: &amp;quot;medium&amp;quot;\n        })\n&amp;gt;       assert response.status_code in [200, 400]\nE       assert 500 in [200, 400]\nE        +  where 500 = &amp;lt;Response [500]&amp;gt;.status_code\n\ntest_quiz_generator.py:83: AssertionError\n&#34;}], &#34;test_quiz_generator.py::TestQuizGenerationTrueFalse::test_generate_truefalse_quiz&#34;: [{&#34;extras&#34;: [], &#34;result&#34;: &#34;Failed&#34;, &#34;testId&#34;: &#34;test_quiz_generator.py::TestQuizGenerationTrueFalse::test_generate_truefalse_quiz&#34;, &#34;duration&#34;: &#34;568 ms&#34;, &#34;resultsTableRow&#34;: [&#34;&lt;td class=\&#34;col-result\&#34;&gt;Failed&lt;/td&gt;&#34;, &#34;&lt;td class=\&#34;col-testId\&#34;&gt;test_quiz_generator.py::TestQuizGenerationTrueFalse::test_generate_truefalse_quiz&lt;/td&gt;&#34;, &#34;&lt;td class=\&#34;col-duration\&#34;&gt;568 ms&lt;/td&gt;&#34;, &#34;&lt;td class=\&#34;col-links\&#34;&gt;&lt;/td&gt;&#34;], &#34;log&#34;: &#34;self = &amp;lt;test_quiz_generator.TestQuizGenerationTrueFalse object at 0x000001F2D9039590&amp;gt;\nsession = &amp;lt;requests.sessions.Session object at 0x000001F2D8ECEBA0&amp;gt;\ngenerate_quiz_endpoint = &amp;#x27;https://alyibrahim.pythonanywhere.com/generate_quiz&amp;#x27;\ntest_course_id = 27\n\n    def test_generate_truefalse_quiz(self, session, generate_quiz_endpoint, test_course_id):\n        &amp;quot;&amp;quot;&amp;quot;Test generating True/False quiz.&amp;quot;&amp;quot;&amp;quot;\n        response = session.post(generate_quiz_endpoint, json={\n            &amp;quot;co_id&amp;quot;: test_course_id,\n            &amp;quot;selected_lectures&amp;quot;: [1],\n            &amp;quot;num_questions&amp;quot;: 3,\n            &amp;quot;question_type&amp;quot;: &amp;quot;True/False&amp;quot;,\n            &amp;quot;difficulty&amp;quot;: &amp;quot;easy&amp;quot;\n        })\n&amp;gt;       assert response.status_code in [200, 400]\nE       assert 500 in [200, 400]\nE        +  where 500 = &amp;lt;Response [500]&amp;gt;.status_code\n\ntest_quiz_generator.py:98: AssertionError\n&#34;}], &#34;test_quiz_generator.py::TestQuizGenerationTrueFalse::test_truefalse_variant_names&#34;: [{&#34;extras&#34;: [], &#34;result&#34;: &#34;Failed&#34;, &#34;testId&#34;: &#34;test_quiz_generator.py::TestQuizGenerationTrueFalse::test_truefalse_variant_names&#34;, &#34;duration&#34;: &#34;00:00:03&#34;, &#34;resultsTableRow&#34;: [&#34;&lt;td class=\&#34;col-result\&#34;&gt;Failed&lt;/td&gt;&#34;, &#34;&lt;td class=\&#34;col-testId\&#34;&gt;test_quiz_generator.py::TestQuizGenerationTrueFalse::test_truefalse_variant_names&lt;/td&gt;&#34;, &#34;&lt;td class=\&#34;col-duration\&#34;&gt;00:00:03&lt;/td&gt;&#34;, &#34;&lt;td class=\&#34;col-links\&#34;&gt;&lt;/td&gt;&#34;], &#34;log&#34;: &#34;self = &amp;lt;test_quiz_generator.TestQuizGenerationTrueFalse object at 0x000001F2D90396D0&amp;gt;\nsession = &amp;lt;requests.sessions.Session object at 0x000001F2D8ECEBA0&amp;gt;\ngenerate_quiz_endpoint = &amp;#x27;https://alyibrahim.pythonanywhere.com/generate_quiz&amp;#x27;\ntest_course_id = 27\n\n    def test_truefalse_variant_names(self, session, generate_quiz_endpoint, test_course_id):\n        &amp;quot;&amp;quot;&amp;quot;Test True/False with different naming conventions.&amp;quot;&amp;quot;&amp;quot;\n        variants = [&amp;quot;True/False&amp;quot;, &amp;quot;TrueFalse&amp;quot;, &amp;quot;true_false&amp;quot;, &amp;quot;TF&amp;quot;]\n        for variant in variants:\n            response = session.post(generate_quiz_endpoint, json={\n                &amp;quot;co_id&amp;quot;: test_course_id,\n                &amp;quot;selected_lectures&amp;quot;: [1],\n                &amp;quot;num_questions&amp;quot;: 2,\n                &amp;quot;question_type&amp;quot;: variant,\n                &amp;quot;difficulty&amp;quot;: &amp;quot;medium&amp;quot;\n            })\n            # At least one should work\n            if response.status_code == 200:\n                break\n&amp;gt;       assert response.status_code in [200, 400]\nE       assert 500 in [200, 400]\nE        +  where 500 = &amp;lt;Response [500]&amp;gt;.status_code\n\ntest_quiz_generator.py:114: AssertionError\n&#34;}], &#34;test_quiz_generator.py::TestQuizGenerationShortAnswer::test_generate_short_answer_quiz&#34;: [{&#34;extras&#34;: [], &#34;result&#34;: &#34;Failed&#34;, &#34;testId&#34;: &#34;test_quiz_generator.py::TestQuizGenerationShortAnswer::test_generate_short_answer_quiz&#34;, &#34;duration&#34;: &#34;786 ms&#34;, &#34;resultsTableRow&#34;: [&#34;&lt;td class=\&#34;col-result\&#34;&gt;Failed&lt;/td&gt;&#34;, &#34;&lt;td class=\&#34;col-testId\&#34;&gt;test_quiz_generator.py::TestQuizGenerationShortAnswer::test_generate_short_answer_quiz&lt;/td&gt;&#34;, &#34;&lt;td class=\&#34;col-duration\&#34;&gt;786 ms&lt;/td&gt;&#34;, &#34;&lt;td class=\&#34;col-links\&#34;&gt;&lt;/td&gt;&#34;], &#34;log&#34;: &#34;self = &amp;lt;test_quiz_generator.TestQuizGenerationShortAnswer object at 0x000001F2D9039810&amp;gt;\nsession = &amp;lt;requests.sessions.Session object at 0x000001F2D8ECEBA0&amp;gt;\ngenerate_quiz_endpoint = &amp;#x27;https://alyibrahim.pythonanywhere.com/generate_quiz&amp;#x27;\ntest_course_id = 27\n\n    def test_generate_short_answer_quiz(self, session, generate_quiz_endpoint, test_course_id):\n        &amp;quot;&amp;quot;&amp;quot;Test generating Short Answer quiz.&amp;quot;&amp;quot;&amp;quot;\n        response = session.post(generate_quiz_endpoint, json={\n            &amp;quot;co_id&amp;quot;: test_course_id,\n            &amp;quot;selected_lectures&amp;quot;: [1],\n            &amp;quot;num_questions&amp;quot;: 3,\n            &amp;quot;question_type&amp;quot;: &amp;quot;Short Answer&amp;quot;,\n            &amp;quot;difficulty&amp;quot;: &amp;quot;hard&amp;quot;\n        })\n&amp;gt;       assert response.status_code in [200, 400]\nE       assert 500 in [200, 400]\nE        +  where 500 = &amp;lt;Response [500]&amp;gt;.status_code\n\ntest_quiz_generator.py:129: AssertionError\n&#34;}], &#34;test_quiz_generator.py::TestDifficultyLevels::test_easy_difficulty&#34;: [{&#34;extras&#34;: [], &#34;result&#34;: &#34;Failed&#34;, &#34;testId&#34;: &#34;test_quiz_generator.py::TestDifficultyLevels::test_easy_difficulty&#34;, &#34;duration&#34;: &#34;588 ms&#34;, &#34;resultsTableRow&#34;: [&#34;&lt;td class=\&#34;col-result\&#34;&gt;Failed&lt;/td&gt;&#34;, &#34;&lt;td class=\&#34;col-testId\&#34;&gt;test_quiz_generator.py::TestDifficultyLevels::test_easy_difficulty&lt;/td&gt;&#34;, &#34;&lt;td class=\&#34;col-duration\&#34;&gt;588 ms&lt;/td&gt;&#34;, &#34;&lt;td class=\&#34;col-links\&#34;&gt;&lt;/td&gt;&#34;], &#34;log&#34;: &#34;self = &amp;lt;test_quiz_generator.TestDifficultyLevels object at 0x000001F2D9039950&amp;gt;\nsession = &amp;lt;requests.sessions.Session object at 0x000001F2D8ECEBA0&amp;gt;\ngenerate_quiz_endpoint = &amp;#x27;https://alyibrahim.pythonanywhere.com/generate_quiz&amp;#x27;\ntest_course_id = 27\n\n    def test_easy_difficulty(self, session, generate_quiz_endpoint, test_course_id):\n        &amp;quot;&amp;quot;&amp;quot;Test quiz with easy difficulty.&amp;quot;&amp;quot;&amp;quot;\n        response = session.post(generate_quiz_endpoint, json={\n            &amp;quot;co_id&amp;quot;: test_course_id,\n            &amp;quot;selected_lectures&amp;quot;: [1],\n            &amp;quot;num_questions&amp;quot;: 3,\n            &amp;quot;question_type&amp;quot;: &amp;quot;MCQ&amp;quot;,\n            &amp;quot;difficulty&amp;quot;: &amp;quot;easy&amp;quot;\n        })\n&amp;gt;       assert response.status_code in [200, 400]\nE       assert 500 in [200, 400]\nE        +  where 500 = &amp;lt;Response [500]&amp;gt;.status_code\n\ntest_quiz_generator.py:144: AssertionError\n&#34;}], &#34;test_quiz_generator.py::TestDifficultyLevels::test_medium_difficulty&#34;: [{&#34;extras&#34;: [], &#34;result&#34;: &#34;Failed&#34;, &#34;testId&#34;: &#34;test_quiz_generator.py::TestDifficultyLevels::test_medium_difficulty&#34;, &#34;duration&#34;: &#34;451 ms&#34;, &#34;resultsTableRow&#34;: [&#34;&lt;td class=\&#34;col-result\&#34;&gt;Failed&lt;/td&gt;&#34;, &#34;&lt;td class=\&#34;col-testId\&#34;&gt;test_quiz_generator.py::TestDifficultyLevels::test_medium_difficulty&lt;/td&gt;&#34;, &#34;&lt;td class=\&#34;col-duration\&#34;&gt;451 ms&lt;/td&gt;&#34;, &#34;&lt;td class=\&#34;col-links\&#34;&gt;&lt;/td&gt;&#34;], &#34;log&#34;: &#34;self = &amp;lt;test_quiz_generator.TestDifficultyLevels object at 0x000001F2D9039A90&amp;gt;\nsession = &amp;lt;requests.sessions.Session object at 0x000001F2D8ECEBA0&amp;gt;\ngenerate_quiz_endpoint = &amp;#x27;https://alyibrahim.pythonanywhere.com/generate_quiz&amp;#x27;\ntest_course_id = 27\n\n    def test_medium_difficulty(self, session, generate_quiz_endpoint, test_course_id):\n        &amp;quot;&amp;quot;&amp;quot;Test quiz with medium difficulty.&amp;quot;&amp;quot;&amp;quot;\n        response = session.post(generate_quiz_endpoint, json={\n            &amp;quot;co_id&amp;quot;: test_course_id,\n            &amp;quot;selected_lectures&amp;quot;: [1],\n            &amp;quot;num_questions&amp;quot;: 3,\n            &amp;quot;question_type&amp;quot;: &amp;quot;MCQ&amp;quot;,\n            &amp;quot;difficulty&amp;quot;: &amp;quot;medium&amp;quot;\n        })\n&amp;gt;       assert response.status_code in [200, 400]\nE       assert 500 in [200, 400]\nE        +  where 500 = &amp;lt;Response [500]&amp;gt;.status_code\n\ntest_quiz_generator.py:155: AssertionError\n&#34;}], &#34;test_quiz_generator.py::TestDifficultyLevels::test_hard_difficulty&#34;: [{&#34;extras&#34;: [], &#34;result&#34;: &#34;Failed&#34;, &#34;testId&#34;: &#34;test_quiz_generator.py::TestDifficultyLevels::test_hard_difficulty&#34;, &#34;duration&#34;: &#34;502 ms&#34;, &#34;resultsTableRow&#34;: [&#34;&lt;td class=\&#34;col-result\&#34;&gt;Failed&lt;/td&gt;&#34;, &#34;&lt;td class=\&#34;col-testId\&#34;&gt;test_quiz_generator.py::TestDifficultyLevels::test_hard_difficulty&lt;/td&gt;&#34;, &#34;&lt;td class=\&#34;col-duration\&#34;&gt;502 ms&lt;/td&gt;&#34;, &#34;&lt;td class=\&#34;col-links\&#34;&gt;&lt;/td&gt;&#34;], &#34;log&#34;: &#34;self = &amp;lt;test_quiz_generator.TestDifficultyLevels object at 0x000001F2D8F9F230&amp;gt;\nsession = &amp;lt;requests.sessions.Session object at 0x000001F2D8ECEBA0&amp;gt;\ngenerate_quiz_endpoint = &amp;#x27;https://alyibrahim.pythonanywhere.com/generate_quiz&amp;#x27;\ntest_course_id = 27\n\n    def test_hard_difficulty(self, session, generate_quiz_endpoint, test_course_id):\n        &amp;quot;&amp;quot;&amp;quot;Test quiz with hard difficulty.&amp;quot;&amp;quot;&amp;quot;\n        response = session.post(generate_quiz_endpoint, json={\n            &amp;quot;co_id&amp;quot;: test_course_id,\n            &amp;quot;selected_lectures&amp;quot;: [1],\n            &amp;quot;num_questions&amp;quot;: 3,\n            &amp;quot;question_type&amp;quot;: &amp;quot;MCQ&amp;quot;,\n            &amp;quot;difficulty&amp;quot;: &amp;quot;hard&amp;quot;\n        })\n&amp;gt;       assert response.status_code in [200, 400]\nE       assert 500 in [200, 400]\nE        +  where 500 = &amp;lt;Response [500]&amp;gt;.status_code\n\ntest_quiz_generator.py:166: AssertionError\n&#34;}], &#34;test_quiz_generator.py::TestDifficultyLevels::test_invalid_difficulty&#34;: [{&#34;extras&#34;: [], &#34;result&#34;: &#34;Failed&#34;, &#34;testId&#34;: &#34;test_quiz_generator.py::TestDifficultyLevels::test_invalid_difficulty&#34;, &#34;duration&#34;: &#34;00:00:02&#34;, &#34;resultsTableRow&#34;: [&#34;&lt;td class=\&#34;col-result\&#34;&gt;Failed&lt;/td&gt;&#34;, &#34;&lt;td class=\&#34;col-testId\&#34;&gt;test_quiz_generator.py::TestDifficultyLevels::test_invalid_difficulty&lt;/td&gt;&#34;, &#34;&lt;td class=\&#34;col-duration\&#34;&gt;00:00:02&lt;/td&gt;&#34;, &#34;&lt;td class=\&#34;col-links\&#34;&gt;&lt;/td&gt;&#34;], &#34;log&#34;: &#34;self = &amp;lt;test_quiz_generator.TestDifficultyLevels object at 0x000001F2D8F9F360&amp;gt;\nsession = &amp;lt;requests.sessions.Session object at 0x000001F2D8ECEBA0&amp;gt;\ngenerate_quiz_endpoint = &amp;#x27;https://alyibrahim.pythonanywhere.com/generate_quiz&amp;#x27;\ntest_course_id = 27\n\n    def test_invalid_difficulty(self, session, generate_quiz_endpoint, test_course_id):\n        &amp;quot;&amp;quot;&amp;quot;Test quiz with invalid difficulty.&amp;quot;&amp;quot;&amp;quot;\n        response = session.post(generate_quiz_endpoint, json={\n            &amp;quot;co_id&amp;quot;: test_course_id,\n            &amp;quot;selected_lectures&amp;quot;: [1],\n            &amp;quot;num_questions&amp;quot;: 3,\n            &amp;quot;question_type&amp;quot;: &amp;quot;MCQ&amp;quot;,\n            &amp;quot;difficulty&amp;quot;: &amp;quot;impossible&amp;quot;\n        })\n&amp;gt;       assert response.status_code in [200, 400, 422]\nE       assert 500 in [200, 400, 422]\nE        +  where 500 = &amp;lt;Response [500]&amp;gt;.status_code\n\ntest_quiz_generator.py:177: AssertionError\n&#34;}], &#34;test_quiz_generator.py::TestLectureSelection::test_single_lecture&#34;: [{&#34;extras&#34;: [], &#34;result&#34;: &#34;Failed&#34;, &#34;testId&#34;: &#34;test_quiz_generator.py::TestLectureSelection::test_single_lecture&#34;, &#34;duration&#34;: &#34;00:00:02&#34;, &#34;resultsTableRow&#34;: [&#34;&lt;td class=\&#34;col-result\&#34;&gt;Failed&lt;/td&gt;&#34;, &#34;&lt;td class=\&#34;col-testId\&#34;&gt;test_quiz_generator.py::TestLectureSelection::test_single_lecture&lt;/td&gt;&#34;, &#34;&lt;td class=\&#34;col-duration\&#34;&gt;00:00:02&lt;/td&gt;&#34;, &#34;&lt;td class=\&#34;col-links\&#34;&gt;&lt;/td&gt;&#34;], &#34;log&#34;: &#34;self = &amp;lt;test_quiz_generator.TestLectureSelection object at 0x000001F2D9039BD0&amp;gt;\nsession = &amp;lt;requests.sessions.Session object at 0x000001F2D8ECEBA0&amp;gt;\ngenerate_quiz_endpoint = &amp;#x27;https://alyibrahim.pythonanywhere.com/generate_quiz&amp;#x27;\ntest_course_id = 27\n\n    def test_single_lecture(self, session, generate_quiz_endpoint, test_course_id):\n        &amp;quot;&amp;quot;&amp;quot;Test selecting single lecture.&amp;quot;&amp;quot;&amp;quot;\n        response = session.post(generate_quiz_endpoint, json={\n            &amp;quot;co_id&amp;quot;: test_course_id,\n            &amp;quot;selected_lectures&amp;quot;: [1],\n            &amp;quot;num_questions&amp;quot;: 3,\n            &amp;quot;question_type&amp;quot;: &amp;quot;MCQ&amp;quot;,\n            &amp;quot;difficulty&amp;quot;: &amp;quot;medium&amp;quot;\n        })\n&amp;gt;       assert response.status_code in [200, 400]\nE       assert 500 in [200, 400]\nE        +  where 500 = &amp;lt;Response [500]&amp;gt;.status_code\n\ntest_quiz_generator.py:192: AssertionError\n&#34;}], &#34;test_quiz_generator.py::TestLectureSelection::test_multiple_lectures&#34;: [{&#34;extras&#34;: [], &#34;result&#34;: &#34;Failed&#34;, &#34;testId&#34;: &#34;test_quiz_generator.py::TestLectureSelection::test_multiple_lectures&#34;, &#34;duration&#34;: &#34;00:00:10&#34;, &#34;resultsTableRow&#34;: [&#34;&lt;td class=\&#34;col-result\&#34;&gt;Failed&lt;/td&gt;&#34;, &#34;&lt;td class=\&#34;col-testId\&#34;&gt;test_quiz_generator.py::TestLectureSelection::test_multiple_lectures&lt;/td&gt;&#34;, &#34;&lt;td class=\&#34;col-duration\&#34;&gt;00:00:10&lt;/td&gt;&#34;, &#34;&lt;td class=\&#34;col-links\&#34;&gt;&lt;/td&gt;&#34;], &#34;log&#34;: &#34;self = &amp;lt;test_quiz_generator.TestLectureSelection object at 0x000001F2D9039D10&amp;gt;\nsession = &amp;lt;requests.sessions.Session object at 0x000001F2D8ECEBA0&amp;gt;\ngenerate_quiz_endpoint = &amp;#x27;https://alyibrahim.pythonanywhere.com/generate_quiz&amp;#x27;\ntest_course_id = 27\n\n    def test_multiple_lectures(self, session, generate_quiz_endpoint, test_course_id):\n        &amp;quot;&amp;quot;&amp;quot;Test selecting multiple lectures.&amp;quot;&amp;quot;&amp;quot;\n        response = session.post(generate_quiz_endpoint, json={\n            &amp;quot;co_id&amp;quot;: test_course_id,\n            &amp;quot;selected_lectures&amp;quot;: [1, 2, 3],\n            &amp;quot;num_questions&amp;quot;: 5,\n            &amp;quot;question_type&amp;quot;: &amp;quot;MCQ&amp;quot;,\n            &amp;quot;difficulty&amp;quot;: &amp;quot;medium&amp;quot;\n        })\n&amp;gt;       assert response.status_code in [200, 400]\nE       assert 500 in [200, 400]\nE        +  where 500 = &amp;lt;Response [500]&amp;gt;.status_code\n\ntest_quiz_generator.py:203: AssertionError\n&#34;}], &#34;test_quiz_generator.py::TestLectureSelection::test_non_consecutive_lectures&#34;: [{&#34;extras&#34;: [], &#34;result&#34;: &#34;Failed&#34;, &#34;testId&#34;: &#34;test_quiz_generator.py::TestLectureSelection::test_non_consecutive_lectures&#34;, &#34;duration&#34;: &#34;00:00:04&#34;, &#34;resultsTableRow&#34;: [&#34;&lt;td class=\&#34;col-result\&#34;&gt;Failed&lt;/td&gt;&#34;, &#34;&lt;td class=\&#34;col-testId\&#34;&gt;test_quiz_generator.py::TestLectureSelection::test_non_consecutive_lectures&lt;/td&gt;&#34;, &#34;&lt;td class=\&#34;col-duration\&#34;&gt;00:00:04&lt;/td&gt;&#34;, &#34;&lt;td class=\&#34;col-links\&#34;&gt;&lt;/td&gt;&#34;], &#34;log&#34;: &#34;self = &amp;lt;test_quiz_generator.TestLectureSelection object at 0x000001F2D8F9F5C0&amp;gt;\nsession = &amp;lt;requests.sessions.Session object at 0x000001F2D8ECEBA0&amp;gt;\ngenerate_quiz_endpoint = &amp;#x27;https://alyibrahim.pythonanywhere.com/generate_quiz&amp;#x27;\ntest_course_id = 27\n\n    def test_non_consecutive_lectures(self, session, generate_quiz_endpoint, test_course_id):\n        &amp;quot;&amp;quot;&amp;quot;Test selecting non-consecutive lectures.&amp;quot;&amp;quot;&amp;quot;\n        response = session.post(generate_quiz_endpoint, json={\n            &amp;quot;co_id&amp;quot;: test_course_id,\n            &amp;quot;selected_lectures&amp;quot;: [1, 3, 5],\n            &amp;quot;num_questions&amp;quot;: 3,\n            &amp;quot;question_type&amp;quot;: &amp;quot;MCQ&amp;quot;,\n            &amp;quot;difficulty&amp;quot;: &amp;quot;medium&amp;quot;\n        })\n&amp;gt;       assert response.status_code in [200, 400]\nE       assert 500 in [200, 400]\nE        +  where 500 = &amp;lt;Response [500]&amp;gt;.status_code\n\ntest_quiz_generator.py:214: AssertionError\n&#34;}], &#34;test_quiz_generator.py::TestLectureSelection::test_empty_lectures_array&#34;: [{&#34;extras&#34;: [], &#34;result&#34;: &#34;Passed&#34;, &#34;testId&#34;: &#34;test_quiz_generator.py::TestLectureSelection::test_empty_lectures_array&#34;, &#34;duration&#34;: &#34;192 ms&#34;, &#34;resultsTableRow&#34;: [&#34;&lt;td class=\&#34;col-result\&#34;&gt;Passed&lt;/td&gt;&#34;, &#34;&lt;td class=\&#34;col-testId\&#34;&gt;test_quiz_generator.py::TestLectureSelection::test_empty_lectures_array&lt;/td&gt;&#34;, &#34;&lt;td class=\&#34;col-duration\&#34;&gt;192 ms&lt;/td&gt;&#34;, &#34;&lt;td class=\&#34;col-links\&#34;&gt;&lt;/td&gt;&#34;], &#34;log&#34;: &#34;No log output captured.&#34;}], &#34;test_quiz_generator.py::TestLectureSelection::test_large_lecture_number&#34;: [{&#34;extras&#34;: [], &#34;result&#34;: &#34;Passed&#34;, &#34;testId&#34;: &#34;test_quiz_generator.py::TestLectureSelection::test_large_lecture_number&#34;, &#34;duration&#34;: &#34;618 ms&#34;, &#34;resultsTableRow&#34;: [&#34;&lt;td class=\&#34;col-result\&#34;&gt;Passed&lt;/td&gt;&#34;, &#34;&lt;td class=\&#34;col-testId\&#34;&gt;test_quiz_generator.py::TestLectureSelection::test_large_lecture_number&lt;/td&gt;&#34;, &#34;&lt;td class=\&#34;col-duration\&#34;&gt;618 ms&lt;/td&gt;&#34;, &#34;&lt;td class=\&#34;col-links\&#34;&gt;&lt;/td&gt;&#34;], &#34;log&#34;: &#34;No log output captured.&#34;}], &#34;test_quiz_generator.py::TestLectureSelection::test_negative_lecture_number&#34;: [{&#34;extras&#34;: [], &#34;result&#34;: &#34;Passed&#34;, &#34;testId&#34;: &#34;test_quiz_generator.py::TestLectureSelection::test_negative_lecture_number&#34;, &#34;duration&#34;: &#34;208 ms&#34;, &#34;resultsTableRow&#34;: [&#34;&lt;td class=\&#34;col-result\&#34;&gt;Passed&lt;/td&gt;&#34;, &#34;&lt;td class=\&#34;col-testId\&#34;&gt;test_quiz_generator.py::TestLectureSelection::test_negative_lecture_number&lt;/td&gt;&#34;, &#34;&lt;td class=\&#34;col-duration\&#34;&gt;208 ms&lt;/td&gt;&#34;, &#34;&lt;td class=\&#34;col-links\&#34;&gt;&lt;/td&gt;&#34;], &#34;log&#34;: &#34;No log output captured.&#34;}], &#34;test_quiz_generator.py::TestLectureSelection::test_zero_lecture_number&#34;: [{&#34;extras&#34;: [], &#34;result&#34;: &#34;Passed&#34;, &#34;testId&#34;: &#34;test_quiz_generator.py::TestLectureSelection::test_zero_lecture_number&#34;, &#34;duration&#34;: &#34;221 ms&#34;, &#34;resultsTableRow&#34;: [&#34;&lt;td class=\&#34;col-result\&#34;&gt;Passed&lt;/td&gt;&#34;, &#34;&lt;td class=\&#34;col-testId\&#34;&gt;test_quiz_generator.py::TestLectureSelection::test_zero_lecture_number&lt;/td&gt;&#34;, &#34;&lt;td class=\&#34;col-duration\&#34;&gt;221 ms&lt;/td&gt;&#34;, &#34;&lt;td class=\&#34;col-links\&#34;&gt;&lt;/td&gt;&#34;], &#34;log&#34;: &#34;No log output captured.&#34;}], &#34;test_quiz_generator.py::TestLectureSelection::test_duplicate_lectures&#34;: [{&#34;extras&#34;: [], &#34;result&#34;: &#34;Failed&#34;, &#34;testId&#34;: &#34;test_quiz_generator.py::TestLectureSelection::test_duplicate_lectures&#34;, &#34;duration&#34;: &#34;912 ms&#34;, &#34;resultsTableRow&#34;: [&#34;&lt;td class=\&#34;col-result\&#34;&gt;Failed&lt;/td&gt;&#34;, &#34;&lt;td class=\&#34;col-testId\&#34;&gt;test_quiz_generator.py::TestLectureSelection::test_duplicate_lectures&lt;/td&gt;&#34;, &#34;&lt;td class=\&#34;col-duration\&#34;&gt;912 ms&lt;/td&gt;&#34;, &#34;&lt;td class=\&#34;col-links\&#34;&gt;&lt;/td&gt;&#34;], &#34;log&#34;: &#34;self = &amp;lt;test_quiz_generator.TestLectureSelection object at 0x000001F2D8ED7350&amp;gt;\nsession = &amp;lt;requests.sessions.Session object at 0x000001F2D8ECEBA0&amp;gt;\ngenerate_quiz_endpoint = &amp;#x27;https://alyibrahim.pythonanywhere.com/generate_quiz&amp;#x27;\ntest_course_id = 27\n\n    def test_duplicate_lectures(self, session, generate_quiz_endpoint, test_course_id):\n        &amp;quot;&amp;quot;&amp;quot;Test with duplicate lecture numbers.&amp;quot;&amp;quot;&amp;quot;\n        response = session.post(generate_quiz_endpoint, json={\n            &amp;quot;co_id&amp;quot;: test_course_id,\n            &amp;quot;selected_lectures&amp;quot;: [1, 1, 1],\n            &amp;quot;num_questions&amp;quot;: 3,\n            &amp;quot;question_type&amp;quot;: &amp;quot;MCQ&amp;quot;,\n            &amp;quot;difficulty&amp;quot;: &amp;quot;medium&amp;quot;\n        })\n&amp;gt;       assert response.status_code in [200, 400]\nE       assert 500 in [200, 400]\nE        +  where 500 = &amp;lt;Response [500]&amp;gt;.status_code\n\ntest_quiz_generator.py:269: AssertionError\n&#34;}], &#34;test_quiz_generator.py::TestQuestionCount::test_minimum_questions&#34;: [{&#34;extras&#34;: [], &#34;result&#34;: &#34;Failed&#34;, &#34;testId&#34;: &#34;test_quiz_generator.py::TestQuestionCount::test_minimum_questions&#34;, &#34;duration&#34;: &#34;610 ms&#34;, &#34;resultsTableRow&#34;: [&#34;&lt;td class=\&#34;col-result\&#34;&gt;Failed&lt;/td&gt;&#34;, &#34;&lt;td class=\&#34;col-testId\&#34;&gt;test_quiz_generator.py::TestQuestionCount::test_minimum_questions&lt;/td&gt;&#34;, &#34;&lt;td class=\&#34;col-duration\&#34;&gt;610 ms&lt;/td&gt;&#34;, &#34;&lt;td class=\&#34;col-links\&#34;&gt;&lt;/td&gt;&#34;], &#34;log&#34;: &#34;self = &amp;lt;test_quiz_generator.TestQuestionCount object at 0x000001F2D9039E50&amp;gt;\nsession = &amp;lt;requests.sessions.Session object at 0x000001F2D8ECEBA0&amp;gt;\ngenerate_quiz_endpoint = &amp;#x27;https://alyibrahim.pythonanywhere.com/generate_quiz&amp;#x27;\ntest_course_id = 27\n\n    def test_minimum_questions(self, session, generate_quiz_endpoint, test_course_id):\n        &amp;quot;&amp;quot;&amp;quot;Test requesting minimum questions (1).&amp;quot;&amp;quot;&amp;quot;\n        response = session.post(generate_quiz_endpoint, json={\n            &amp;quot;co_id&amp;quot;: test_course_id,\n            &amp;quot;selected_lectures&amp;quot;: [1],\n            &amp;quot;num_questions&amp;quot;: 1,\n            &amp;quot;question_type&amp;quot;: &amp;quot;MCQ&amp;quot;,\n            &amp;quot;difficulty&amp;quot;: &amp;quot;medium&amp;quot;\n        })\n&amp;gt;       assert response.status_code in [200, 400]\nE       assert 500 in [200, 400]\nE        +  where 500 = &amp;lt;Response [500]&amp;gt;.status_code\n\ntest_quiz_generator.py:284: AssertionError\n&#34;}], &#34;test_quiz_generator.py::TestQuestionCount::test_zero_questions&#34;: [{&#34;extras&#34;: [], &#34;result&#34;: &#34;Failed&#34;, &#34;testId&#34;: &#34;test_quiz_generator.py::TestQuestionCount::test_zero_questions&#34;, &#34;duration&#34;: &#34;588 ms&#34;, &#34;resultsTableRow&#34;: [&#34;&lt;td class=\&#34;col-result\&#34;&gt;Failed&lt;/td&gt;&#34;, &#34;&lt;td class=\&#34;col-testId\&#34;&gt;test_quiz_generator.py::TestQuestionCount::test_zero_questions&lt;/td&gt;&#34;, &#34;&lt;td class=\&#34;col-duration\&#34;&gt;588 ms&lt;/td&gt;&#34;, &#34;&lt;td class=\&#34;col-links\&#34;&gt;&lt;/td&gt;&#34;], &#34;log&#34;: &#34;self = &amp;lt;test_quiz_generator.TestQuestionCount object at 0x000001F2D9039F90&amp;gt;\nsession = &amp;lt;requests.sessions.Session object at 0x000001F2D8ECEBA0&amp;gt;\ngenerate_quiz_endpoint = &amp;#x27;https://alyibrahim.pythonanywhere.com/generate_quiz&amp;#x27;\ntest_course_id = 27\n\n    def test_zero_questions(self, session, generate_quiz_endpoint, test_course_id):\n        &amp;quot;&amp;quot;&amp;quot;Test requesting zero questions.&amp;quot;&amp;quot;&amp;quot;\n        response = session.post(generate_quiz_endpoint, json={\n            &amp;quot;co_id&amp;quot;: test_course_id,\n            &amp;quot;selected_lectures&amp;quot;: [1],\n            &amp;quot;num_questions&amp;quot;: 0,\n            &amp;quot;question_type&amp;quot;: &amp;quot;MCQ&amp;quot;,\n            &amp;quot;difficulty&amp;quot;: &amp;quot;medium&amp;quot;\n        })\n&amp;gt;       assert response.status_code in [200, 400, 422]\nE       assert 500 in [200, 400, 422]\nE        +  where 500 = &amp;lt;Response [500]&amp;gt;.status_code\n\ntest_quiz_generator.py:295: AssertionError\n&#34;}], &#34;test_quiz_generator.py::TestQuestionCount::test_negative_questions&#34;: [{&#34;extras&#34;: [], &#34;result&#34;: &#34;Failed&#34;, &#34;testId&#34;: &#34;test_quiz_generator.py::TestQuestionCount::test_negative_questions&#34;, &#34;duration&#34;: &#34;00:00:01&#34;, &#34;resultsTableRow&#34;: [&#34;&lt;td class=\&#34;col-result\&#34;&gt;Failed&lt;/td&gt;&#34;, &#34;&lt;td class=\&#34;col-testId\&#34;&gt;test_quiz_generator.py::TestQuestionCount::test_negative_questions&lt;/td&gt;&#34;, &#34;&lt;td class=\&#34;col-duration\&#34;&gt;00:00:01&lt;/td&gt;&#34;, &#34;&lt;td class=\&#34;col-links\&#34;&gt;&lt;/td&gt;&#34;], &#34;log&#34;: &#34;self = &amp;lt;test_quiz_generator.TestQuestionCount object at 0x000001F2D8F9F6F0&amp;gt;\nsession = &amp;lt;requests.sessions.Session object at 0x000001F2D8ECEBA0&amp;gt;\ngenerate_quiz_endpoint = &amp;#x27;https://alyibrahim.pythonanywhere.com/generate_quiz&amp;#x27;\ntest_course_id = 27\n\n    def test_negative_questions(self, session, generate_quiz_endpoint, test_course_id):\n        &amp;quot;&amp;quot;&amp;quot;Test requesting negative questions.&amp;quot;&amp;quot;&amp;quot;\n        response = session.post(generate_quiz_endpoint, json={\n            &amp;quot;co_id&amp;quot;: test_course_id,\n            &amp;quot;selected_lectures&amp;quot;: [1],\n            &amp;quot;num_questions&amp;quot;: -5,\n            &amp;quot;question_type&amp;quot;: &amp;quot;MCQ&amp;quot;,\n            &amp;quot;difficulty&amp;quot;: &amp;quot;medium&amp;quot;\n        })\n&amp;gt;       assert response.status_code in [200, 400, 422]\nE       assert 500 in [200, 400, 422]\nE        +  where 500 = &amp;lt;Response [500]&amp;gt;.status_code\n\ntest_quiz_generator.py:306: AssertionError\n&#34;}], &#34;test_quiz_generator.py::TestQuestionCount::test_very_large_question_count&#34;: [{&#34;extras&#34;: [], &#34;result&#34;: &#34;Failed&#34;, &#34;testId&#34;: &#34;test_quiz_generator.py::TestQuestionCount::test_very_large_question_count&#34;, &#34;duration&#34;: &#34;814 ms&#34;, &#34;resultsTableRow&#34;: [&#34;&lt;td class=\&#34;col-result\&#34;&gt;Failed&lt;/td&gt;&#34;, &#34;&lt;td class=\&#34;col-testId\&#34;&gt;test_quiz_generator.py::TestQuestionCount::test_very_large_question_count&lt;/td&gt;&#34;, &#34;&lt;td class=\&#34;col-duration\&#34;&gt;814 ms&lt;/td&gt;&#34;, &#34;&lt;td class=\&#34;col-links\&#34;&gt;&lt;/td&gt;&#34;], &#34;log&#34;: &#34;self = &amp;lt;test_quiz_generator.TestQuestionCount object at 0x000001F2D8F9F820&amp;gt;\nsession = &amp;lt;requests.sessions.Session object at 0x000001F2D8ECEBA0&amp;gt;\ngenerate_quiz_endpoint = &amp;#x27;https://alyibrahim.pythonanywhere.com/generate_quiz&amp;#x27;\ntest_course_id = 27\n\n    def test_very_large_question_count(self, session, generate_quiz_endpoint, test_course_id):\n        &amp;quot;&amp;quot;&amp;quot;Test requesting very large number of questions.&amp;quot;&amp;quot;&amp;quot;\n        response = session.post(generate_quiz_endpoint, json={\n            &amp;quot;co_id&amp;quot;: test_course_id,\n            &amp;quot;selected_lectures&amp;quot;: [1],\n            &amp;quot;num_questions&amp;quot;: 1000,\n            &amp;quot;question_type&amp;quot;: &amp;quot;MCQ&amp;quot;,\n            &amp;quot;difficulty&amp;quot;: &amp;quot;medium&amp;quot;\n        })\n&amp;gt;       assert response.status_code in [200, 400, 413]\nE       assert 500 in [200, 400, 413]\nE        +  where 500 = &amp;lt;Response [500]&amp;gt;.status_code\n\ntest_quiz_generator.py:317: AssertionError\n&#34;}], &#34;test_quiz_generator.py::TestQuestionCount::test_float_question_count&#34;: [{&#34;extras&#34;: [], &#34;result&#34;: &#34;Failed&#34;, &#34;testId&#34;: &#34;test_quiz_generator.py::TestQuestionCount::test_float_question_count&#34;, &#34;duration&#34;: &#34;00:00:01&#34;, &#34;resultsTableRow&#34;: [&#34;&lt;td class=\&#34;col-result\&#34;&gt;Failed&lt;/td&gt;&#34;, &#34;&lt;td class=\&#34;col-testId\&#34;&gt;test_quiz_generator.py::TestQuestionCount::test_float_question_count&lt;/td&gt;&#34;, &#34;&lt;td class=\&#34;col-duration\&#34;&gt;00:00:01&lt;/td&gt;&#34;, &#34;&lt;td class=\&#34;col-links\&#34;&gt;&lt;/td&gt;&#34;], &#34;log&#34;: &#34;self = &amp;lt;test_quiz_generator.TestQuestionCount object at 0x000001F2D90756D0&amp;gt;\nsession = &amp;lt;requests.sessions.Session object at 0x000001F2D8ECEBA0&amp;gt;\ngenerate_quiz_endpoint = &amp;#x27;https://alyibrahim.pythonanywhere.com/generate_quiz&amp;#x27;\ntest_course_id = 27\n\n    def test_float_question_count(self, session, generate_quiz_endpoint, test_course_id):\n        &amp;quot;&amp;quot;&amp;quot;Test requesting float question count.&amp;quot;&amp;quot;&amp;quot;\n        response = session.post(generate_quiz_endpoint, json={\n            &amp;quot;co_id&amp;quot;: test_course_id,\n            &amp;quot;selected_lectures&amp;quot;: [1],\n            &amp;quot;num_questions&amp;quot;: 3.5,\n            &amp;quot;question_type&amp;quot;: &amp;quot;MCQ&amp;quot;,\n            &amp;quot;difficulty&amp;quot;: &amp;quot;medium&amp;quot;\n        })\n&amp;gt;       assert response.status_code in [200, 400, 422]\nE       assert 500 in [200, 400, 422]\nE        +  where 500 = &amp;lt;Response [500]&amp;gt;.status_code\n\ntest_quiz_generator.py:328: AssertionError\n&#34;}], &#34;test_quiz_generator.py::TestCourseIdValidation::test_valid_course_27&#34;: [{&#34;extras&#34;: [], &#34;result&#34;: &#34;Failed&#34;, &#34;testId&#34;: &#34;test_quiz_generator.py::TestCourseIdValidation::test_valid_course_27&#34;, &#34;duration&#34;: &#34;00:00:01&#34;, &#34;resultsTableRow&#34;: [&#34;&lt;td class=\&#34;col-result\&#34;&gt;Failed&lt;/td&gt;&#34;, &#34;&lt;td class=\&#34;col-testId\&#34;&gt;test_quiz_generator.py::TestCourseIdValidation::test_valid_course_27&lt;/td&gt;&#34;, &#34;&lt;td class=\&#34;col-duration\&#34;&gt;00:00:01&lt;/td&gt;&#34;, &#34;&lt;td class=\&#34;col-links\&#34;&gt;&lt;/td&gt;&#34;], &#34;log&#34;: &#34;self = &amp;lt;test_quiz_generator.TestCourseIdValidation object at 0x000001F2D903A0D0&amp;gt;\nsession = &amp;lt;requests.sessions.Session object at 0x000001F2D8ECEBA0&amp;gt;\ngenerate_quiz_endpoint = &amp;#x27;https://alyibrahim.pythonanywhere.com/generate_quiz&amp;#x27;\n\n    def test_valid_course_27(self, session, generate_quiz_endpoint):\n        &amp;quot;&amp;quot;&amp;quot;Test with valid course ID 27.&amp;quot;&amp;quot;&amp;quot;\n        response = session.post(generate_quiz_endpoint, json={\n            &amp;quot;co_id&amp;quot;: 27,\n            &amp;quot;selected_lectures&amp;quot;: [1],\n            &amp;quot;num_questions&amp;quot;: 3,\n            &amp;quot;question_type&amp;quot;: &amp;quot;MCQ&amp;quot;,\n            &amp;quot;difficulty&amp;quot;: &amp;quot;medium&amp;quot;\n        })\n&amp;gt;       assert response.status_code in [200, 400]\nE       assert 500 in [200, 400]\nE        +  where 500 = &amp;lt;Response [500]&amp;gt;.status_code\n\ntest_quiz_generator.py:343: AssertionError\n&#34;}], &#34;test_quiz_generator.py::TestCourseIdValidation::test_valid_course_29&#34;: [{&#34;extras&#34;: [], &#34;result&#34;: &#34;Failed&#34;, &#34;testId&#34;: &#34;test_quiz_generator.py::TestCourseIdValidation::test_valid_course_29&#34;, &#34;duration&#34;: &#34;00:00:02&#34;, &#34;resultsTableRow&#34;: [&#34;&lt;td class=\&#34;col-result\&#34;&gt;Failed&lt;/td&gt;&#34;, &#34;&lt;td class=\&#34;col-testId\&#34;&gt;test_quiz_generator.py::TestCourseIdValidation::test_valid_course_29&lt;/td&gt;&#34;, &#34;&lt;td class=\&#34;col-duration\&#34;&gt;00:00:02&lt;/td&gt;&#34;, &#34;&lt;td class=\&#34;col-links\&#34;&gt;&lt;/td&gt;&#34;], &#34;log&#34;: &#34;self = &amp;lt;test_quiz_generator.TestCourseIdValidation object at 0x000001F2D903A210&amp;gt;\nsession = &amp;lt;requests.sessions.Session object at 0x000001F2D8ECEBA0&amp;gt;\ngenerate_quiz_endpoint = &amp;#x27;https://alyibrahim.pythonanywhere.com/generate_quiz&amp;#x27;\n\n    def test_valid_course_29(self, session, generate_quiz_endpoint):\n        &amp;quot;&amp;quot;&amp;quot;Test with valid course ID 29.&amp;quot;&amp;quot;&amp;quot;\n        response = session.post(generate_quiz_endpoint, json={\n            &amp;quot;co_id&amp;quot;: 29,\n            &amp;quot;selected_lectures&amp;quot;: [1],\n            &amp;quot;num_questions&amp;quot;: 3,\n            &amp;quot;question_type&amp;quot;: &amp;quot;MCQ&amp;quot;,\n            &amp;quot;difficulty&amp;quot;: &amp;quot;medium&amp;quot;\n        })\n&amp;gt;       assert response.status_code in [200, 400]\nE       assert 500 in [200, 400]\nE        +  where 500 = &amp;lt;Response [500]&amp;gt;.status_code\n\ntest_quiz_generator.py:354: AssertionError\n&#34;}], &#34;test_quiz_generator.py::TestCourseIdValidation::test_valid_course_32&#34;: [{&#34;extras&#34;: [], &#34;result&#34;: &#34;Failed&#34;, &#34;testId&#34;: &#34;test_quiz_generator.py::TestCourseIdValidation::test_valid_course_32&#34;, &#34;duration&#34;: &#34;268 ms&#34;, &#34;resultsTableRow&#34;: [&#34;&lt;td class=\&#34;col-result\&#34;&gt;Failed&lt;/td&gt;&#34;, &#34;&lt;td class=\&#34;col-testId\&#34;&gt;test_quiz_generator.py::TestCourseIdValidation::test_valid_course_32&lt;/td&gt;&#34;, &#34;&lt;td class=\&#34;col-duration\&#34;&gt;268 ms&lt;/td&gt;&#34;, &#34;&lt;td class=\&#34;col-links\&#34;&gt;&lt;/td&gt;&#34;], &#34;log&#34;: &#34;self = &amp;lt;test_quiz_generator.TestCourseIdValidation object at 0x000001F2D8F9FA80&amp;gt;\nsession = &amp;lt;requests.sessions.Session object at 0x000001F2D8ECEBA0&amp;gt;\ngenerate_quiz_endpoint = &amp;#x27;https://alyibrahim.pythonanywhere.com/generate_quiz&amp;#x27;\n\n    def test_valid_course_32(self, session, generate_quiz_endpoint):\n        &amp;quot;&amp;quot;&amp;quot;Test with valid course ID 32.&amp;quot;&amp;quot;&amp;quot;\n        response = session.post(generate_quiz_endpoint, json={\n            &amp;quot;co_id&amp;quot;: 32,\n            &amp;quot;selected_lectures&amp;quot;: [1],\n            &amp;quot;num_questions&amp;quot;: 3,\n            &amp;quot;question_type&amp;quot;: &amp;quot;MCQ&amp;quot;,\n            &amp;quot;difficulty&amp;quot;: &amp;quot;medium&amp;quot;\n        })\n&amp;gt;       assert response.status_code in [200, 400]\nE       assert 500 in [200, 400]\nE        +  where 500 = &amp;lt;Response [500]&amp;gt;.status_code\n\ntest_quiz_generator.py:365: AssertionError\n&#34;}], &#34;test_quiz_generator.py::TestCourseIdValidation::test_nonexistent_course&#34;: [{&#34;extras&#34;: [], &#34;result&#34;: &#34;Passed&#34;, &#34;testId&#34;: &#34;test_quiz_generator.py::TestCourseIdValidation::test_nonexistent_course&#34;, &#34;duration&#34;: &#34;200 ms&#34;, &#34;resultsTableRow&#34;: [&#34;&lt;td class=\&#34;col-result\&#34;&gt;Passed&lt;/td&gt;&#34;, &#34;&lt;td class=\&#34;col-testId\&#34;&gt;test_quiz_generator.py::TestCourseIdValidation::test_nonexistent_course&lt;/td&gt;&#34;, &#34;&lt;td class=\&#34;col-duration\&#34;&gt;200 ms&lt;/td&gt;&#34;, &#34;&lt;td class=\&#34;col-links\&#34;&gt;&lt;/td&gt;&#34;], &#34;log&#34;: &#34;No log output captured.&#34;}], &#34;test_quiz_generator.py::TestCourseIdValidation::test_negative_course_id&#34;: [{&#34;extras&#34;: [], &#34;result&#34;: &#34;Passed&#34;, &#34;testId&#34;: &#34;test_quiz_generator.py::TestCourseIdValidation::test_negative_course_id&#34;, &#34;duration&#34;: &#34;199 ms&#34;, &#34;resultsTableRow&#34;: [&#34;&lt;td class=\&#34;col-result\&#34;&gt;Passed&lt;/td&gt;&#34;, &#34;&lt;td class=\&#34;col-testId\&#34;&gt;test_quiz_generator.py::TestCourseIdValidation::test_negative_course_id&lt;/td&gt;&#34;, &#34;&lt;td class=\&#34;col-duration\&#34;&gt;199 ms&lt;/td&gt;&#34;, &#34;&lt;td class=\&#34;col-links\&#34;&gt;&lt;/td&gt;&#34;], &#34;log&#34;: &#34;No log output captured.&#34;}], &#34;test_quiz_generator.py::TestCourseIdValidation::test_zero_course_id&#34;: [{&#34;extras&#34;: [], &#34;result&#34;: &#34;Passed&#34;, &#34;testId&#34;: &#34;test_quiz_generator.py::TestCourseIdValidation::test_zero_course_id&#34;, &#34;duration&#34;: &#34;172 ms&#34;, &#34;resultsTableRow&#34;: [&#34;&lt;td class=\&#34;col-result\&#34;&gt;Passed&lt;/td&gt;&#34;, &#34;&lt;td class=\&#34;col-testId\&#34;&gt;test_quiz_generator.py::TestCourseIdValidation::test_zero_course_id&lt;/td&gt;&#34;, &#34;&lt;td class=\&#34;col-duration\&#34;&gt;172 ms&lt;/td&gt;&#34;, &#34;&lt;td class=\&#34;col-links\&#34;&gt;&lt;/td&gt;&#34;], &#34;log&#34;: &#34;No log output captured.&#34;}], &#34;test_quiz_generator.py::TestCourseIdValidation::test_string_course_id&#34;: [{&#34;extras&#34;: [], &#34;result&#34;: &#34;Passed&#34;, &#34;testId&#34;: &#34;test_quiz_generator.py::TestCourseIdValidation::test_string_course_id&#34;, &#34;duration&#34;: &#34;177 ms&#34;, &#34;resultsTableRow&#34;: [&#34;&lt;td class=\&#34;col-result\&#34;&gt;Passed&lt;/td&gt;&#34;, &#34;&lt;td class=\&#34;col-testId\&#34;&gt;test_quiz_generator.py::TestCourseIdValidation::test_string_course_id&lt;/td&gt;&#34;, &#34;&lt;td class=\&#34;col-duration\&#34;&gt;177 ms&lt;/td&gt;&#34;, &#34;&lt;td class=\&#34;col-links\&#34;&gt;&lt;/td&gt;&#34;], &#34;log&#34;: &#34;No log output captured.&#34;}], &#34;test_quiz_generator.py::TestCourseIdValidation::test_null_course_id&#34;: [{&#34;extras&#34;: [], &#34;result&#34;: &#34;Passed&#34;, &#34;testId&#34;: &#34;test_quiz_generator.py::TestCourseIdValidation::test_null_course_id&#34;, &#34;duration&#34;: &#34;396 ms&#34;, &#34;resultsTableRow&#34;: [&#34;&lt;td class=\&#34;col-result\&#34;&gt;Passed&lt;/td&gt;&#34;, &#34;&lt;td class=\&#34;col-testId\&#34;&gt;test_quiz_generator.py::TestCourseIdValidation::test_null_course_id&lt;/td&gt;&#34;, &#34;&lt;td class=\&#34;col-duration\&#34;&gt;396 ms&lt;/td&gt;&#34;, &#34;&lt;td class=\&#34;col-links\&#34;&gt;&lt;/td&gt;&#34;], &#34;log&#34;: &#34;No log output captured.&#34;}], &#34;test_quiz_generator.py::TestDoctorQuizEndpoint::test_endpoint_exists&#34;: [{&#34;extras&#34;: [], &#34;result&#34;: &#34;Passed&#34;, &#34;testId&#34;: &#34;test_quiz_generator.py::TestDoctorQuizEndpoint::test_endpoint_exists&#34;, &#34;duration&#34;: &#34;172 ms&#34;, &#34;resultsTableRow&#34;: [&#34;&lt;td class=\&#34;col-result\&#34;&gt;Passed&lt;/td&gt;&#34;, &#34;&lt;td class=\&#34;col-testId\&#34;&gt;test_quiz_generator.py::TestDoctorQuizEndpoint::test_endpoint_exists&lt;/td&gt;&#34;, &#34;&lt;td class=\&#34;col-duration\&#34;&gt;172 ms&lt;/td&gt;&#34;, &#34;&lt;td class=\&#34;col-links\&#34;&gt;&lt;/td&gt;&#34;], &#34;log&#34;: &#34;No log output captured.&#34;}], &#34;test_quiz_generator.py::TestDoctorQuizEndpoint::test_generate_doctor_quiz&#34;: [{&#34;extras&#34;: [], &#34;result&#34;: &#34;Failed&#34;, &#34;testId&#34;: &#34;test_quiz_generator.py::TestDoctorQuizEndpoint::test_generate_doctor_quiz&#34;, &#34;duration&#34;: &#34;179 ms&#34;, &#34;resultsTableRow&#34;: [&#34;&lt;td class=\&#34;col-result\&#34;&gt;Failed&lt;/td&gt;&#34;, &#34;&lt;td class=\&#34;col-testId\&#34;&gt;test_quiz_generator.py::TestDoctorQuizEndpoint::test_generate_doctor_quiz&lt;/td&gt;&#34;, &#34;&lt;td class=\&#34;col-duration\&#34;&gt;179 ms&lt;/td&gt;&#34;, &#34;&lt;td class=\&#34;col-links\&#34;&gt;&lt;/td&gt;&#34;], &#34;log&#34;: &#34;self = &amp;lt;test_quiz_generator.TestDoctorQuizEndpoint object at 0x000001F2D903A490&amp;gt;\nsession = &amp;lt;requests.sessions.Session object at 0x000001F2D8ECEBA0&amp;gt;\ngenerate_doctor_quiz_endpoint = &amp;#x27;https://alyibrahim.pythonanywhere.com/generate_doctor_quiz&amp;#x27;\ntest_course_id = 27\n\n    def test_generate_doctor_quiz(self, session, generate_doctor_quiz_endpoint, test_course_id):\n        &amp;quot;&amp;quot;&amp;quot;Test generating doctor quiz.&amp;quot;&amp;quot;&amp;quot;\n        response = session.post(generate_doctor_quiz_endpoint, json={\n            &amp;quot;co_id&amp;quot;: test_course_id,\n            &amp;quot;selected_lectures&amp;quot;: [1],\n            &amp;quot;num_questions&amp;quot;: 3,\n            &amp;quot;question_type&amp;quot;: &amp;quot;MCQ&amp;quot;,\n            &amp;quot;difficulty&amp;quot;: &amp;quot;medium&amp;quot;\n        })\n&amp;gt;       assert response.status_code in [200, 400]\nE       assert 404 in [200, 400]\nE        +  where 404 = &amp;lt;Response [404]&amp;gt;.status_code\n\ntest_quiz_generator.py:446: AssertionError\n&#34;}], &#34;test_quiz_generator.py::TestDoctorQuizEndpoint::test_doctor_quiz_multiple_lectures&#34;: [{&#34;extras&#34;: [], &#34;result&#34;: &#34;Failed&#34;, &#34;testId&#34;: &#34;test_quiz_generator.py::TestDoctorQuizEndpoint::test_doctor_quiz_multiple_lectures&#34;, &#34;duration&#34;: &#34;174 ms&#34;, &#34;resultsTableRow&#34;: [&#34;&lt;td class=\&#34;col-result\&#34;&gt;Failed&lt;/td&gt;&#34;, &#34;&lt;td class=\&#34;col-testId\&#34;&gt;test_quiz_generator.py::TestDoctorQuizEndpoint::test_doctor_quiz_multiple_lectures&lt;/td&gt;&#34;, &#34;&lt;td class=\&#34;col-duration\&#34;&gt;174 ms&lt;/td&gt;&#34;, &#34;&lt;td class=\&#34;col-links\&#34;&gt;&lt;/td&gt;&#34;], &#34;log&#34;: &#34;self = &amp;lt;test_quiz_generator.TestDoctorQuizEndpoint object at 0x000001F2D8F9FBB0&amp;gt;\nsession = &amp;lt;requests.sessions.Session object at 0x000001F2D8ECEBA0&amp;gt;\ngenerate_doctor_quiz_endpoint = &amp;#x27;https://alyibrahim.pythonanywhere.com/generate_doctor_quiz&amp;#x27;\ntest_course_id = 27\n\n    def test_doctor_quiz_multiple_lectures(self, session, generate_doctor_quiz_endpoint, test_course_id):\n        &amp;quot;&amp;quot;&amp;quot;Test doctor quiz with multiple lectures.&amp;quot;&amp;quot;&amp;quot;\n        response = session.post(generate_doctor_quiz_endpoint, json={\n            &amp;quot;co_id&amp;quot;: test_course_id,\n            &amp;quot;selected_lectures&amp;quot;: [1, 2],\n            &amp;quot;num_questions&amp;quot;: 5,\n            &amp;quot;question_type&amp;quot;: &amp;quot;MCQ&amp;quot;,\n            &amp;quot;difficulty&amp;quot;: &amp;quot;hard&amp;quot;\n        })\n&amp;gt;       assert response.status_code in [200, 400]\nE       assert 404 in [200, 400]\nE        +  where 404 = &amp;lt;Response [404]&amp;gt;.status_code\n\ntest_quiz_generator.py:457: AssertionError\n&#34;}], &#34;test_quiz_generator.py::TestDoctorQuizEndpoint::test_doctor_quiz_all_courses&#34;: [{&#34;extras&#34;: [], &#34;result&#34;: &#34;Failed&#34;, &#34;testId&#34;: &#34;test_quiz_generator.py::TestDoctorQuizEndpoint::test_doctor_quiz_all_courses&#34;, &#34;duration&#34;: &#34;183 ms&#34;, &#34;resultsTableRow&#34;: [&#34;&lt;td class=\&#34;col-result\&#34;&gt;Failed&lt;/td&gt;&#34;, &#34;&lt;td class=\&#34;col-testId\&#34;&gt;test_quiz_generator.py::TestDoctorQuizEndpoint::test_doctor_quiz_all_courses&lt;/td&gt;&#34;, &#34;&lt;td class=\&#34;col-duration\&#34;&gt;183 ms&lt;/td&gt;&#34;, &#34;&lt;td class=\&#34;col-links\&#34;&gt;&lt;/td&gt;&#34;], &#34;log&#34;: &#34;self = &amp;lt;test_quiz_generator.TestDoctorQuizEndpoint object at 0x000001F2D8F9FCE0&amp;gt;\nsession = &amp;lt;requests.sessions.Session object at 0x000001F2D8ECEBA0&amp;gt;\ngenerate_doctor_quiz_endpoint = &amp;#x27;https://alyibrahim.pythonanywhere.com/generate_doctor_quiz&amp;#x27;\nall_test_course_ids = [27, 29, 32]\n\n    def test_doctor_quiz_all_courses(self, session, generate_doctor_quiz_endpoint, all_test_course_ids):\n        &amp;quot;&amp;quot;&amp;quot;Test doctor quiz with all available courses.&amp;quot;&amp;quot;&amp;quot;\n        for co_id in all_test_course_ids:\n            response = session.post(generate_doctor_quiz_endpoint, json={\n                &amp;quot;co_id&amp;quot;: co_id,\n                &amp;quot;selected_lectures&amp;quot;: [1],\n                &amp;quot;num_questions&amp;quot;: 2,\n                &amp;quot;question_type&amp;quot;: &amp;quot;MCQ&amp;quot;,\n                &amp;quot;difficulty&amp;quot;: &amp;quot;medium&amp;quot;\n            })\n&amp;gt;           assert response.status_code in [200, 400]\nE           assert 404 in [200, 400]\nE            +  where 404 = &amp;lt;Response [404]&amp;gt;.status_code\n\ntest_quiz_generator.py:469: AssertionError\n&#34;}], &#34;test_quiz_generator.py::TestErrorHandling::test_missing_co_id&#34;: [{&#34;extras&#34;: [], &#34;result&#34;: &#34;Passed&#34;, &#34;testId&#34;: &#34;test_quiz_generator.py::TestErrorHandling::test_missing_co_id&#34;, &#34;duration&#34;: &#34;173 ms&#34;, &#34;resultsTableRow&#34;: [&#34;&lt;td class=\&#34;col-result\&#34;&gt;Passed&lt;/td&gt;&#34;, &#34;&lt;td class=\&#34;col-testId\&#34;&gt;test_quiz_generator.py::TestErrorHandling::test_missing_co_id&lt;/td&gt;&#34;, &#34;&lt;td class=\&#34;col-duration\&#34;&gt;173 ms&lt;/td&gt;&#34;, &#34;&lt;td class=\&#34;col-links\&#34;&gt;&lt;/td&gt;&#34;], &#34;log&#34;: &#34;No log output captured.&#34;}], &#34;test_quiz_generator.py::TestErrorHandling::test_missing_selected_lectures&#34;: [{&#34;extras&#34;: [], &#34;result&#34;: &#34;Failed&#34;, &#34;testId&#34;: &#34;test_quiz_generator.py::TestErrorHandling::test_missing_selected_lectures&#34;, &#34;duration&#34;: &#34;00:00:04&#34;, &#34;resultsTableRow&#34;: [&#34;&lt;td class=\&#34;col-result\&#34;&gt;Failed&lt;/td&gt;&#34;, &#34;&lt;td class=\&#34;col-testId\&#34;&gt;test_quiz_generator.py::TestErrorHandling::test_missing_selected_lectures&lt;/td&gt;&#34;, &#34;&lt;td class=\&#34;col-duration\&#34;&gt;00:00:04&lt;/td&gt;&#34;, &#34;&lt;td class=\&#34;col-links\&#34;&gt;&lt;/td&gt;&#34;], &#34;log&#34;: &#34;self = &amp;lt;test_quiz_generator.TestErrorHandling object at 0x000001F2D903A710&amp;gt;\nsession = &amp;lt;requests.sessions.Session object at 0x000001F2D8ECEBA0&amp;gt;\ngenerate_quiz_endpoint = &amp;#x27;https://alyibrahim.pythonanywhere.com/generate_quiz&amp;#x27;\ntest_course_id = 27\n\n    def test_missing_selected_lectures(self, session, generate_quiz_endpoint, test_course_id):\n        &amp;quot;&amp;quot;&amp;quot;Test request without selected lectures.&amp;quot;&amp;quot;&amp;quot;\n        response = session.post(generate_quiz_endpoint, json={\n            &amp;quot;co_id&amp;quot;: test_course_id,\n            &amp;quot;num_questions&amp;quot;: 3,\n            &amp;quot;question_type&amp;quot;: &amp;quot;MCQ&amp;quot;,\n            &amp;quot;difficulty&amp;quot;: &amp;quot;medium&amp;quot;\n        })\n&amp;gt;       assert response.status_code in [200, 400, 422]\nE       assert 500 in [200, 400, 422]\nE        +  where 500 = &amp;lt;Response [500]&amp;gt;.status_code\n\ntest_quiz_generator.py:493: AssertionError\n&#34;}], &#34;test_quiz_generator.py::TestErrorHandling::test_missing_num_questions&#34;: [{&#34;extras&#34;: [], &#34;result&#34;: &#34;Failed&#34;, &#34;testId&#34;: &#34;test_quiz_generator.py::TestErrorHandling::test_missing_num_questions&#34;, &#34;duration&#34;: &#34;748 ms&#34;, &#34;resultsTableRow&#34;: [&#34;&lt;td class=\&#34;col-result\&#34;&gt;Failed&lt;/td&gt;&#34;, &#34;&lt;td class=\&#34;col-testId\&#34;&gt;test_quiz_generator.py::TestErrorHandling::test_missing_num_questions&lt;/td&gt;&#34;, &#34;&lt;td class=\&#34;col-duration\&#34;&gt;748 ms&lt;/td&gt;&#34;, &#34;&lt;td class=\&#34;col-links\&#34;&gt;&lt;/td&gt;&#34;], &#34;log&#34;: &#34;self = &amp;lt;test_quiz_generator.TestErrorHandling object at 0x000001F2D8F9FE10&amp;gt;\nsession = &amp;lt;requests.sessions.Session object at 0x000001F2D8ECEBA0&amp;gt;\ngenerate_quiz_endpoint = &amp;#x27;https://alyibrahim.pythonanywhere.com/generate_quiz&amp;#x27;\ntest_course_id = 27\n\n    def test_missing_num_questions(self, session, generate_quiz_endpoint, test_course_id):\n        &amp;quot;&amp;quot;&amp;quot;Test request without num_questions.&amp;quot;&amp;quot;&amp;quot;\n        response = session.post(generate_quiz_endpoint, json={\n            &amp;quot;co_id&amp;quot;: test_course_id,\n            &amp;quot;selected_lectures&amp;quot;: [1],\n            &amp;quot;question_type&amp;quot;: &amp;quot;MCQ&amp;quot;,\n            &amp;quot;difficulty&amp;quot;: &amp;quot;medium&amp;quot;\n        })\n&amp;gt;       assert response.status_code in [200, 400, 422]\nE       assert 500 in [200, 400, 422]\nE        +  where 500 = &amp;lt;Response [500]&amp;gt;.status_code\n\ntest_quiz_generator.py:503: AssertionError\n&#34;}], &#34;test_quiz_generator.py::TestErrorHandling::test_missing_question_type&#34;: [{&#34;extras&#34;: [], &#34;result&#34;: &#34;Failed&#34;, &#34;testId&#34;: &#34;test_quiz_generator.py::TestErrorHandling::test_missing_question_type&#34;, &#34;duration&#34;: &#34;654 ms&#34;, &#34;resultsTableRow&#34;: [&#34;&lt;td class=\&#34;col-result\&#34;&gt;Failed&lt;/td&gt;&#34;, &#34;&lt;td class=\&#34;col-testId\&#34;&gt;test_quiz_generator.py::TestErrorHandling::test_missing_question_type&lt;/td&gt;&#34;, &#34;&lt;td class=\&#34;col-duration\&#34;&gt;654 ms&lt;/td&gt;&#34;, &#34;&lt;td class=\&#34;col-links\&#34;&gt;&lt;/td&gt;&#34;], &#34;log&#34;: &#34;self = &amp;lt;test_quiz_generator.TestErrorHandling object at 0x000001F2D9058050&amp;gt;\nsession = &amp;lt;requests.sessions.Session object at 0x000001F2D8ECEBA0&amp;gt;\ngenerate_quiz_endpoint = &amp;#x27;https://alyibrahim.pythonanywhere.com/generate_quiz&amp;#x27;\ntest_course_id = 27\n\n    def test_missing_question_type(self, session, generate_quiz_endpoint, test_course_id):\n        &amp;quot;&amp;quot;&amp;quot;Test request without question type.&amp;quot;&amp;quot;&amp;quot;\n        response = session.post(generate_quiz_endpoint, json={\n            &amp;quot;co_id&amp;quot;: test_course_id,\n            &amp;quot;selected_lectures&amp;quot;: [1],\n            &amp;quot;num_questions&amp;quot;: 3,\n            &amp;quot;difficulty&amp;quot;: &amp;quot;medium&amp;quot;\n        })\n&amp;gt;       assert response.status_code in [200, 400, 422]\nE       assert 500 in [200, 400, 422]\nE        +  where 500 = &amp;lt;Response [500]&amp;gt;.status_code\n\ntest_quiz_generator.py:513: AssertionError\n&#34;}], &#34;test_quiz_generator.py::TestErrorHandling::test_missing_difficulty&#34;: [{&#34;extras&#34;: [], &#34;result&#34;: &#34;Failed&#34;, &#34;testId&#34;: &#34;test_quiz_generator.py::TestErrorHandling::test_missing_difficulty&#34;, &#34;duration&#34;: &#34;659 ms&#34;, &#34;resultsTableRow&#34;: [&#34;&lt;td class=\&#34;col-result\&#34;&gt;Failed&lt;/td&gt;&#34;, &#34;&lt;td class=\&#34;col-testId\&#34;&gt;test_quiz_generator.py::TestErrorHandling::test_missing_difficulty&lt;/td&gt;&#34;, &#34;&lt;td class=\&#34;col-duration\&#34;&gt;659 ms&lt;/td&gt;&#34;, &#34;&lt;td class=\&#34;col-links\&#34;&gt;&lt;/td&gt;&#34;], &#34;log&#34;: &#34;self = &amp;lt;test_quiz_generator.TestErrorHandling object at 0x000001F2D923C050&amp;gt;\nsession = &amp;lt;requests.sessions.Session object at 0x000001F2D8ECEBA0&amp;gt;\ngenerate_quiz_endpoint = &amp;#x27;https://alyibrahim.pythonanywhere.com/generate_quiz&amp;#x27;\ntest_course_id = 27\n\n    def test_missing_difficulty(self, session, generate_quiz_endpoint, test_course_id):\n        &amp;quot;&amp;quot;&amp;quot;Test request without difficulty.&amp;quot;&amp;quot;&amp;quot;\n        response = session.post(generate_quiz_endpoint, json={\n            &amp;quot;co_id&amp;quot;: test_course_id,\n            &amp;quot;selected_lectures&amp;quot;: [1],\n            &amp;quot;num_questions&amp;quot;: 3,\n            &amp;quot;question_type&amp;quot;: &amp;quot;MCQ&amp;quot;\n        })\n&amp;gt;       assert response.status_code in [200, 400, 422]\nE       assert 500 in [200, 400, 422]\nE        +  where 500 = &amp;lt;Response [500]&amp;gt;.status_code\n\ntest_quiz_generator.py:523: AssertionError\n&#34;}], &#34;test_quiz_generator.py::TestErrorHandling::test_empty_request_body&#34;: [{&#34;extras&#34;: [], &#34;result&#34;: &#34;Passed&#34;, &#34;testId&#34;: &#34;test_quiz_generator.py::TestErrorHandling::test_empty_request_body&#34;, &#34;duration&#34;: &#34;168 ms&#34;, &#34;resultsTableRow&#34;: [&#34;&lt;td class=\&#34;col-result\&#34;&gt;Passed&lt;/td&gt;&#34;, &#34;&lt;td class=\&#34;col-testId\&#34;&gt;test_quiz_generator.py::TestErrorHandling::test_empty_request_body&lt;/td&gt;&#34;, &#34;&lt;td class=\&#34;col-duration\&#34;&gt;168 ms&lt;/td&gt;&#34;, &#34;&lt;td class=\&#34;col-links\&#34;&gt;&lt;/td&gt;&#34;], &#34;log&#34;: &#34;No log output captured.&#34;}], &#34;test_quiz_generator.py::TestErrorHandling::test_malformed_json&#34;: [{&#34;extras&#34;: [], &#34;result&#34;: &#34;Passed&#34;, &#34;testId&#34;: &#34;test_quiz_generator.py::TestErrorHandling::test_malformed_json&#34;, &#34;duration&#34;: &#34;190 ms&#34;, &#34;resultsTableRow&#34;: [&#34;&lt;td class=\&#34;col-result\&#34;&gt;Passed&lt;/td&gt;&#34;, &#34;&lt;td class=\&#34;col-testId\&#34;&gt;test_quiz_generator.py::TestErrorHandling::test_malformed_json&lt;/td&gt;&#34;, &#34;&lt;td class=\&#34;col-duration\&#34;&gt;190 ms&lt;/td&gt;&#34;, &#34;&lt;td class=\&#34;col-links\&#34;&gt;&lt;/td&gt;&#34;], &#34;log&#34;: &#34;No log output captured.&#34;}], &#34;test_quiz_generator.py::TestErrorHandling::test_invalid_question_type&#34;: [{&#34;extras&#34;: [], &#34;result&#34;: &#34;Failed&#34;, &#34;testId&#34;: &#34;test_quiz_generator.py::TestErrorHandling::test_invalid_question_type&#34;, &#34;duration&#34;: &#34;705 ms&#34;, &#34;resultsTableRow&#34;: [&#34;&lt;td class=\&#34;col-result\&#34;&gt;Failed&lt;/td&gt;&#34;, &#34;&lt;td class=\&#34;col-testId\&#34;&gt;test_quiz_generator.py::TestErrorHandling::test_invalid_question_type&lt;/td&gt;&#34;, &#34;&lt;td class=\&#34;col-duration\&#34;&gt;705 ms&lt;/td&gt;&#34;, &#34;&lt;td class=\&#34;col-links\&#34;&gt;&lt;/td&gt;&#34;], &#34;log&#34;: &#34;self = &amp;lt;test_quiz_generator.TestErrorHandling object at 0x000001F2D9089150&amp;gt;\nsession = &amp;lt;requests.sessions.Session object at 0x000001F2D8ECEBA0&amp;gt;\ngenerate_quiz_endpoint = &amp;#x27;https://alyibrahim.pythonanywhere.com/generate_quiz&amp;#x27;\ntest_course_id = 27\n\n    def test_invalid_question_type(self, session, generate_quiz_endpoint, test_course_id):\n        &amp;quot;&amp;quot;&amp;quot;Test with invalid question type.&amp;quot;&amp;quot;&amp;quot;\n        response = session.post(generate_quiz_endpoint, json={\n            &amp;quot;co_id&amp;quot;: test_course_id,\n            &amp;quot;selected_lectures&amp;quot;: [1],\n            &amp;quot;num_questions&amp;quot;: 3,\n            &amp;quot;question_type&amp;quot;: &amp;quot;InvalidType&amp;quot;,\n            &amp;quot;difficulty&amp;quot;: &amp;quot;medium&amp;quot;\n        })\n&amp;gt;       assert response.status_code in [200, 400, 422]\nE       assert 500 in [200, 400, 422]\nE        +  where 500 = &amp;lt;Response [500]&amp;gt;.status_code\n\ntest_quiz_generator.py:548: AssertionError\n&#34;}], &#34;test_quiz_generator.py::TestEdgeCases::test_many_lectures_selected&#34;: [{&#34;extras&#34;: [], &#34;result&#34;: &#34;Failed&#34;, &#34;testId&#34;: &#34;test_quiz_generator.py::TestEdgeCases::test_many_lectures_selected&#34;, &#34;duration&#34;: &#34;00:00:04&#34;, &#34;resultsTableRow&#34;: [&#34;&lt;td class=\&#34;col-result\&#34;&gt;Failed&lt;/td&gt;&#34;, &#34;&lt;td class=\&#34;col-testId\&#34;&gt;test_quiz_generator.py::TestEdgeCases::test_many_lectures_selected&lt;/td&gt;&#34;, &#34;&lt;td class=\&#34;col-duration\&#34;&gt;00:00:04&lt;/td&gt;&#34;, &#34;&lt;td class=\&#34;col-links\&#34;&gt;&lt;/td&gt;&#34;], &#34;log&#34;: &#34;self = &amp;lt;test_quiz_generator.TestEdgeCases object at 0x000001F2D903A850&amp;gt;\nsession = &amp;lt;requests.sessions.Session object at 0x000001F2D8ECEBA0&amp;gt;\ngenerate_quiz_endpoint = &amp;#x27;https://alyibrahim.pythonanywhere.com/generate_quiz&amp;#x27;\ntest_course_id = 27\n\n    def test_many_lectures_selected(self, session, generate_quiz_endpoint, test_course_id):\n        &amp;quot;&amp;quot;&amp;quot;Test selecting many lectures.&amp;quot;&amp;quot;&amp;quot;\n        response = session.post(generate_quiz_endpoint, json={\n            &amp;quot;co_id&amp;quot;: test_course_id,\n            &amp;quot;selected_lectures&amp;quot;: list(range(1, 21)),  # 1-20\n            &amp;quot;num_questions&amp;quot;: 5,\n            &amp;quot;question_type&amp;quot;: &amp;quot;MCQ&amp;quot;,\n            &amp;quot;difficulty&amp;quot;: &amp;quot;medium&amp;quot;\n        })\n&amp;gt;       assert response.status_code in [200, 400]\nE       assert 500 in [200, 400]\nE        +  where 500 = &amp;lt;Response [500]&amp;gt;.status_code\n\ntest_quiz_generator.py:563: AssertionError\n&#34;}], &#34;test_quiz_generator.py::TestEdgeCases::test_mixed_type_lectures&#34;: [{&#34;extras&#34;: [], &#34;result&#34;: &#34;Failed&#34;, &#34;testId&#34;: &#34;test_quiz_generator.py::TestEdgeCases::test_mixed_type_lectures&#34;, &#34;duration&#34;: &#34;00:00:03&#34;, &#34;resultsTableRow&#34;: [&#34;&lt;td class=\&#34;col-result\&#34;&gt;Failed&lt;/td&gt;&#34;, &#34;&lt;td class=\&#34;col-testId\&#34;&gt;test_quiz_generator.py::TestEdgeCases::test_mixed_type_lectures&lt;/td&gt;&#34;, &#34;&lt;td class=\&#34;col-duration\&#34;&gt;00:00:03&lt;/td&gt;&#34;, &#34;&lt;td class=\&#34;col-links\&#34;&gt;&lt;/td&gt;&#34;], &#34;log&#34;: &#34;self = &amp;lt;test_quiz_generator.TestEdgeCases object at 0x000001F2D903A990&amp;gt;\nsession = &amp;lt;requests.sessions.Session object at 0x000001F2D8ECEBA0&amp;gt;\ngenerate_quiz_endpoint = &amp;#x27;https://alyibrahim.pythonanywhere.com/generate_quiz&amp;#x27;\ntest_course_id = 27\n\n    def test_mixed_type_lectures(self, session, generate_quiz_endpoint, test_course_id):\n        &amp;quot;&amp;quot;&amp;quot;Test lectures array with mixed types.&amp;quot;&amp;quot;&amp;quot;\n        response = session.post(generate_quiz_endpoint, json={\n            &amp;quot;co_id&amp;quot;: test_course_id,\n            &amp;quot;selected_lectures&amp;quot;: [1, &amp;quot;2&amp;quot;, 3.0],\n            &amp;quot;num_questions&amp;quot;: 3,\n            &amp;quot;question_type&amp;quot;: &amp;quot;MCQ&amp;quot;,\n            &amp;quot;difficulty&amp;quot;: &amp;quot;medium&amp;quot;\n        })\n&amp;gt;       assert response.status_code in [200, 400, 422]\nE       assert 500 in [200, 400, 422]\nE        +  where 500 = &amp;lt;Response [500]&amp;gt;.status_code\n\ntest_quiz_generator.py:574: AssertionError\n&#34;}], &#34;test_quiz_generator.py::TestEdgeCases::test_lectures_as_string&#34;: [{&#34;extras&#34;: [], &#34;result&#34;: &#34;Failed&#34;, &#34;testId&#34;: &#34;test_quiz_generator.py::TestEdgeCases::test_lectures_as_string&#34;, &#34;duration&#34;: &#34;214 ms&#34;, &#34;resultsTableRow&#34;: [&#34;&lt;td class=\&#34;col-result\&#34;&gt;Failed&lt;/td&gt;&#34;, &#34;&lt;td class=\&#34;col-testId\&#34;&gt;test_quiz_generator.py::TestEdgeCases::test_lectures_as_string&lt;/td&gt;&#34;, &#34;&lt;td class=\&#34;col-duration\&#34;&gt;214 ms&lt;/td&gt;&#34;, &#34;&lt;td class=\&#34;col-links\&#34;&gt;&lt;/td&gt;&#34;], &#34;log&#34;: &#34;self = &amp;lt;test_quiz_generator.TestEdgeCases object at 0x000001F2D9058180&amp;gt;\nsession = &amp;lt;requests.sessions.Session object at 0x000001F2D8ECEBA0&amp;gt;\ngenerate_quiz_endpoint = &amp;#x27;https://alyibrahim.pythonanywhere.com/generate_quiz&amp;#x27;\ntest_course_id = 27\n\n    def test_lectures_as_string(self, session, generate_quiz_endpoint, test_course_id):\n        &amp;quot;&amp;quot;&amp;quot;Test lectures as string instead of array.&amp;quot;&amp;quot;&amp;quot;\n        response = session.post(generate_quiz_endpoint, json={\n            &amp;quot;co_id&amp;quot;: test_course_id,\n            &amp;quot;selected_lectures&amp;quot;: &amp;quot;1,2,3&amp;quot;,\n            &amp;quot;num_questions&amp;quot;: 3,\n            &amp;quot;question_type&amp;quot;: &amp;quot;MCQ&amp;quot;,\n            &amp;quot;difficulty&amp;quot;: &amp;quot;medium&amp;quot;\n        })\n&amp;gt;       assert response.status_code in [200, 400, 422]\nE       assert 500 in [200, 400, 422]\nE        +  where 500 = &amp;lt;Response [500]&amp;gt;.status_code\n\ntest_quiz_generator.py:585: AssertionError\n&#34;}], &#34;test_quiz_generator.py::TestEdgeCases::test_extra_fields_ignored&#34;: [{&#34;extras&#34;: [], &#34;result&#34;: &#34;Failed&#34;, &#34;testId&#34;: &#34;test_quiz_generator.py::TestEdgeCases::test_extra_fields_ignored&#34;, &#34;duration&#34;: &#34;00:00:02&#34;, &#34;resultsTableRow&#34;: [&#34;&lt;td class=\&#34;col-result\&#34;&gt;Failed&lt;/td&gt;&#34;, &#34;&lt;td class=\&#34;col-testId\&#34;&gt;test_quiz_generator.py::TestEdgeCases::test_extra_fields_ignored&lt;/td&gt;&#34;, &#34;&lt;td class=\&#34;col-duration\&#34;&gt;00:00:02&lt;/td&gt;&#34;, &#34;&lt;td class=\&#34;col-links\&#34;&gt;&lt;/td&gt;&#34;], &#34;log&#34;: &#34;self = &amp;lt;test_quiz_generator.TestEdgeCases object at 0x000001F2D90582B0&amp;gt;\nsession = &amp;lt;requests.sessions.Session object at 0x000001F2D8ECEBA0&amp;gt;\ngenerate_quiz_endpoint = &amp;#x27;https://alyibrahim.pythonanywhere.com/generate_quiz&amp;#x27;\ntest_course_id = 27\n\n    def test_extra_fields_ignored(self, session, generate_quiz_endpoint, test_course_id):\n        &amp;quot;&amp;quot;&amp;quot;Test that extra fields are ignored.&amp;quot;&amp;quot;&amp;quot;\n        response = session.post(generate_quiz_endpoint, json={\n            &amp;quot;co_id&amp;quot;: test_course_id,\n            &amp;quot;selected_lectures&amp;quot;: [1],\n            &amp;quot;num_questions&amp;quot;: 3,\n            &amp;quot;question_type&amp;quot;: &amp;quot;MCQ&amp;quot;,\n            &amp;quot;difficulty&amp;quot;: &amp;quot;medium&amp;quot;,\n            &amp;quot;extra_field&amp;quot;: &amp;quot;should be ignored&amp;quot;,\n            &amp;quot;another_extra&amp;quot;: 123\n        })\n&amp;gt;       assert response.status_code in [200, 400]\nE       assert 500 in [200, 400]\nE        +  where 500 = &amp;lt;Response [500]&amp;gt;.status_code\n\ntest_quiz_generator.py:598: AssertionError\n&#34;}], &#34;test_quiz_generator.py::TestEdgeCases::test_unicode_in_fields&#34;: [{&#34;extras&#34;: [], &#34;result&#34;: &#34;Failed&#34;, &#34;testId&#34;: &#34;test_quiz_generator.py::TestEdgeCases::test_unicode_in_fields&#34;, &#34;duration&#34;: &#34;00:00:01&#34;, &#34;resultsTableRow&#34;: [&#34;&lt;td class=\&#34;col-result\&#34;&gt;Failed&lt;/td&gt;&#34;, &#34;&lt;td class=\&#34;col-testId\&#34;&gt;test_quiz_generator.py::TestEdgeCases::test_unicode_in_fields&lt;/td&gt;&#34;, &#34;&lt;td class=\&#34;col-duration\&#34;&gt;00:00:01&lt;/td&gt;&#34;, &#34;&lt;td class=\&#34;col-links\&#34;&gt;&lt;/td&gt;&#34;], &#34;log&#34;: &#34;self = &amp;lt;test_quiz_generator.TestEdgeCases object at 0x000001F2D90768D0&amp;gt;\nsession = &amp;lt;requests.sessions.Session object at 0x000001F2D8ECEBA0&amp;gt;\ngenerate_quiz_endpoint = &amp;#x27;https://alyibrahim.pythonanywhere.com/generate_quiz&amp;#x27;\ntest_course_id = 27\n\n    def test_unicode_in_fields(self, session, generate_quiz_endpoint, test_course_id):\n        &amp;quot;&amp;quot;&amp;quot;Test Unicode characters in request.&amp;quot;&amp;quot;&amp;quot;\n        response = session.post(generate_quiz_endpoint, json={\n            &amp;quot;co_id&amp;quot;: test_course_id,\n            &amp;quot;selected_lectures&amp;quot;: [1],\n            &amp;quot;num_questions&amp;quot;: 3,\n            &amp;quot;question_type&amp;quot;: &amp;quot;\u0627\u062e\u062a\u064a\u0627\u0631 \u0645\u0646 \u0645\u062a\u0639\u062f\u062f&amp;quot;,  # Arabic for MCQ\n            &amp;quot;difficulty&amp;quot;: &amp;quot;\u0645\u062a\u0648\u0633\u0637&amp;quot;  # Arabic for medium\n        })\n&amp;gt;       assert response.status_code in [200, 400, 422]\nE       assert 500 in [200, 400, 422]\nE        +  where 500 = &amp;lt;Response [500]&amp;gt;.status_code\n\ntest_quiz_generator.py:609: AssertionError\n&#34;}], &#34;test_quiz_generator.py::TestLegacyRangeSupport::test_legacy_range_format&#34;: [{&#34;extras&#34;: [], &#34;result&#34;: &#34;Failed&#34;, &#34;testId&#34;: &#34;test_quiz_generator.py::TestLegacyRangeSupport::test_legacy_range_format&#34;, &#34;duration&#34;: &#34;00:00:06&#34;, &#34;resultsTableRow&#34;: [&#34;&lt;td class=\&#34;col-result\&#34;&gt;Failed&lt;/td&gt;&#34;, &#34;&lt;td class=\&#34;col-testId\&#34;&gt;test_quiz_generator.py::TestLegacyRangeSupport::test_legacy_range_format&lt;/td&gt;&#34;, &#34;&lt;td class=\&#34;col-duration\&#34;&gt;00:00:06&lt;/td&gt;&#34;, &#34;&lt;td class=\&#34;col-links\&#34;&gt;&lt;/td&gt;&#34;], &#34;log&#34;: &#34;self = &amp;lt;test_quiz_generator.TestLegacyRangeSupport object at 0x000001F2D903AAD0&amp;gt;\nsession = &amp;lt;requests.sessions.Session object at 0x000001F2D8ECEBA0&amp;gt;\ngenerate_quiz_endpoint = &amp;#x27;https://alyibrahim.pythonanywhere.com/generate_quiz&amp;#x27;\ntest_course_id = 27\n\n    def test_legacy_range_format(self, session, generate_quiz_endpoint, test_course_id):\n        &amp;quot;&amp;quot;&amp;quot;Test if legacy from/to lecture format still works.&amp;quot;&amp;quot;&amp;quot;\n        response = session.post(generate_quiz_endpoint, json={\n            &amp;quot;co_id&amp;quot;: test_course_id,\n            &amp;quot;from_lecture&amp;quot;: 1,\n            &amp;quot;to_lecture&amp;quot;: 3,\n            &amp;quot;num_questions&amp;quot;: 3,\n            &amp;quot;question_type&amp;quot;: &amp;quot;MCQ&amp;quot;,\n            &amp;quot;difficulty&amp;quot;: &amp;quot;medium&amp;quot;\n        })\n        # This may or may not work depending on server implementation\n&amp;gt;       assert response.status_code in [200, 400, 422]\nE       assert 500 in [200, 400, 422]\nE        +  where 500 = &amp;lt;Response [500]&amp;gt;.status_code\n\ntest_quiz_generator.py:626: AssertionError\n&#34;}], &#34;test_quiz_generator.py::TestLegacyRangeSupport::test_both_formats_provided&#34;: [{&#34;extras&#34;: [], &#34;result&#34;: &#34;Failed&#34;, &#34;testId&#34;: &#34;test_quiz_generator.py::TestLegacyRangeSupport::test_both_formats_provided&#34;, &#34;duration&#34;: &#34;00:00:02&#34;, &#34;resultsTableRow&#34;: [&#34;&lt;td class=\&#34;col-result\&#34;&gt;Failed&lt;/td&gt;&#34;, &#34;&lt;td class=\&#34;col-testId\&#34;&gt;test_quiz_generator.py::TestLegacyRangeSupport::test_both_formats_provided&lt;/td&gt;&#34;, &#34;&lt;td class=\&#34;col-duration\&#34;&gt;00:00:02&lt;/td&gt;&#34;, &#34;&lt;td class=\&#34;col-links\&#34;&gt;&lt;/td&gt;&#34;], &#34;log&#34;: &#34;self = &amp;lt;test_quiz_generator.TestLegacyRangeSupport object at 0x000001F2D903AC10&amp;gt;\nsession = &amp;lt;requests.sessions.Session object at 0x000001F2D8ECEBA0&amp;gt;\ngenerate_quiz_endpoint = &amp;#x27;https://alyibrahim.pythonanywhere.com/generate_quiz&amp;#x27;\ntest_course_id = 27\n\n    def test_both_formats_provided(self, session, generate_quiz_endpoint, test_course_id):\n        &amp;quot;&amp;quot;&amp;quot;Test providing both legacy and new lecture format.&amp;quot;&amp;quot;&amp;quot;\n        response = session.post(generate_quiz_endpoint, json={\n            &amp;quot;co_id&amp;quot;: test_course_id,\n            &amp;quot;selected_lectures&amp;quot;: [1, 2],\n            &amp;quot;from_lecture&amp;quot;: 1,\n            &amp;quot;to_lecture&amp;quot;: 3,\n            &amp;quot;num_questions&amp;quot;: 3,\n            &amp;quot;question_type&amp;quot;: &amp;quot;MCQ&amp;quot;,\n            &amp;quot;difficulty&amp;quot;: &amp;quot;medium&amp;quot;\n        })\n&amp;gt;       assert response.status_code in [200, 400]\nE       assert 500 in [200, 400]\nE        +  where 500 = &amp;lt;Response [500]&amp;gt;.status_code\n\ntest_quiz_generator.py:639: AssertionError\n&#34;}], &#34;test_security.py::TestSQLInjectionChat::test_sql_injection_in_message&#34;: [{&#34;extras&#34;: [], &#34;result&#34;: &#34;Passed&#34;, &#34;testId&#34;: &#34;test_security.py::TestSQLInjectionChat::test_sql_injection_in_message&#34;, &#34;duration&#34;: &#34;00:00:03&#34;, &#34;resultsTableRow&#34;: [&#34;&lt;td class=\&#34;col-result\&#34;&gt;Passed&lt;/td&gt;&#34;, &#34;&lt;td class=\&#34;col-testId\&#34;&gt;test_security.py::TestSQLInjectionChat::test_sql_injection_in_message&lt;/td&gt;&#34;, &#34;&lt;td class=\&#34;col-duration\&#34;&gt;00:00:03&lt;/td&gt;&#34;, &#34;&lt;td class=\&#34;col-links\&#34;&gt;&lt;/td&gt;&#34;], &#34;log&#34;: &#34;No log output captured.&#34;}], &#34;test_security.py::TestSQLInjectionChat::test_sql_injection_in_course_id&#34;: [{&#34;extras&#34;: [], &#34;result&#34;: &#34;Passed&#34;, &#34;testId&#34;: &#34;test_security.py::TestSQLInjectionChat::test_sql_injection_in_course_id&#34;, &#34;duration&#34;: &#34;540 ms&#34;, &#34;resultsTableRow&#34;: [&#34;&lt;td class=\&#34;col-result\&#34;&gt;Passed&lt;/td&gt;&#34;, &#34;&lt;td class=\&#34;col-testId\&#34;&gt;test_security.py::TestSQLInjectionChat::test_sql_injection_in_course_id&lt;/td&gt;&#34;, &#34;&lt;td class=\&#34;col-duration\&#34;&gt;540 ms&lt;/td&gt;&#34;, &#34;&lt;td class=\&#34;col-links\&#34;&gt;&lt;/td&gt;&#34;], &#34;log&#34;: &#34;No log output captured.&#34;}], &#34;test_security.py::TestSQLInjectionChat::test_drop_table_injection&#34;: [{&#34;extras&#34;: [], &#34;result&#34;: &#34;Passed&#34;, &#34;testId&#34;: &#34;test_security.py::TestSQLInjectionChat::test_drop_table_injection&#34;, &#34;duration&#34;: &#34;179 ms&#34;, &#34;resultsTableRow&#34;: [&#34;&lt;td class=\&#34;col-result\&#34;&gt;Passed&lt;/td&gt;&#34;, &#34;&lt;td class=\&#34;col-testId\&#34;&gt;test_security.py::TestSQLInjectionChat::test_drop_table_injection&lt;/td&gt;&#34;, &#34;&lt;td class=\&#34;col-duration\&#34;&gt;179 ms&lt;/td&gt;&#34;, &#34;&lt;td class=\&#34;col-links\&#34;&gt;&lt;/td&gt;&#34;], &#34;log&#34;: &#34;No log output captured.&#34;}], &#34;test_security.py::TestSQLInjectionChat::test_union_select_injection&#34;: [{&#34;extras&#34;: [], &#34;result&#34;: &#34;Passed&#34;, &#34;testId&#34;: &#34;test_security.py::TestSQLInjectionChat::test_union_select_injection&#34;, &#34;duration&#34;: &#34;525 ms&#34;, &#34;resultsTableRow&#34;: [&#34;&lt;td class=\&#34;col-result\&#34;&gt;Passed&lt;/td&gt;&#34;, &#34;&lt;td class=\&#34;col-testId\&#34;&gt;test_security.py::TestSQLInjectionChat::test_union_select_injection&lt;/td&gt;&#34;, &#34;&lt;td class=\&#34;col-duration\&#34;&gt;525 ms&lt;/td&gt;&#34;, &#34;&lt;td class=\&#34;col-links\&#34;&gt;&lt;/td&gt;&#34;], &#34;log&#34;: &#34;No log output captured.&#34;}], &#34;test_security.py::TestSQLInjectionChat::test_boolean_based_injection&#34;: [{&#34;extras&#34;: [], &#34;result&#34;: &#34;Passed&#34;, &#34;testId&#34;: &#34;test_security.py::TestSQLInjectionChat::test_boolean_based_injection&#34;, &#34;duration&#34;: &#34;547 ms&#34;, &#34;resultsTableRow&#34;: [&#34;&lt;td class=\&#34;col-result\&#34;&gt;Passed&lt;/td&gt;&#34;, &#34;&lt;td class=\&#34;col-testId\&#34;&gt;test_security.py::TestSQLInjectionChat::test_boolean_based_injection&lt;/td&gt;&#34;, &#34;&lt;td class=\&#34;col-duration\&#34;&gt;547 ms&lt;/td&gt;&#34;, &#34;&lt;td class=\&#34;col-links\&#34;&gt;&lt;/td&gt;&#34;], &#34;log&#34;: &#34;No log output captured.&#34;}], &#34;test_security.py::TestSQLInjectionChat::test_time_based_injection&#34;: [{&#34;extras&#34;: [], &#34;result&#34;: &#34;Passed&#34;, &#34;testId&#34;: &#34;test_security.py::TestSQLInjectionChat::test_time_based_injection&#34;, &#34;duration&#34;: &#34;190 ms&#34;, &#34;resultsTableRow&#34;: [&#34;&lt;td class=\&#34;col-result\&#34;&gt;Passed&lt;/td&gt;&#34;, &#34;&lt;td class=\&#34;col-testId\&#34;&gt;test_security.py::TestSQLInjectionChat::test_time_based_injection&lt;/td&gt;&#34;, &#34;&lt;td class=\&#34;col-duration\&#34;&gt;190 ms&lt;/td&gt;&#34;, &#34;&lt;td class=\&#34;col-links\&#34;&gt;&lt;/td&gt;&#34;], &#34;log&#34;: &#34;No log output captured.&#34;}], &#34;test_security.py::TestSQLInjectionQuiz::test_sql_injection_in_quiz_course_id&#34;: [{&#34;extras&#34;: [], &#34;result&#34;: &#34;Passed&#34;, &#34;testId&#34;: &#34;test_security.py::TestSQLInjectionQuiz::test_sql_injection_in_quiz_course_id&#34;, &#34;duration&#34;: &#34;00:00:01&#34;, &#34;resultsTableRow&#34;: [&#34;&lt;td class=\&#34;col-result\&#34;&gt;Passed&lt;/td&gt;&#34;, &#34;&lt;td class=\&#34;col-testId\&#34;&gt;test_security.py::TestSQLInjectionQuiz::test_sql_injection_in_quiz_course_id&lt;/td&gt;&#34;, &#34;&lt;td class=\&#34;col-duration\&#34;&gt;00:00:01&lt;/td&gt;&#34;, &#34;&lt;td class=\&#34;col-links\&#34;&gt;&lt;/td&gt;&#34;], &#34;log&#34;: &#34;No log output captured.&#34;}], &#34;test_security.py::TestSQLInjectionQuiz::test_sql_injection_in_lectures&#34;: [{&#34;extras&#34;: [], &#34;result&#34;: &#34;Passed&#34;, &#34;testId&#34;: &#34;test_security.py::TestSQLInjectionQuiz::test_sql_injection_in_lectures&#34;, &#34;duration&#34;: &#34;00:00:01&#34;, &#34;resultsTableRow&#34;: [&#34;&lt;td class=\&#34;col-result\&#34;&gt;Passed&lt;/td&gt;&#34;, &#34;&lt;td class=\&#34;col-testId\&#34;&gt;test_security.py::TestSQLInjectionQuiz::test_sql_injection_in_lectures&lt;/td&gt;&#34;, &#34;&lt;td class=\&#34;col-duration\&#34;&gt;00:00:01&lt;/td&gt;&#34;, &#34;&lt;td class=\&#34;col-links\&#34;&gt;&lt;/td&gt;&#34;], &#34;log&#34;: &#34;No log output captured.&#34;}], &#34;test_security.py::TestSQLInjectionQuiz::test_sql_injection_in_difficulty&#34;: [{&#34;extras&#34;: [], &#34;result&#34;: &#34;Failed&#34;, &#34;testId&#34;: &#34;test_security.py::TestSQLInjectionQuiz::test_sql_injection_in_difficulty&#34;, &#34;duration&#34;: &#34;00:00:02&#34;, &#34;resultsTableRow&#34;: [&#34;&lt;td class=\&#34;col-result\&#34;&gt;Failed&lt;/td&gt;&#34;, &#34;&lt;td class=\&#34;col-testId\&#34;&gt;test_security.py::TestSQLInjectionQuiz::test_sql_injection_in_difficulty&lt;/td&gt;&#34;, &#34;&lt;td class=\&#34;col-duration\&#34;&gt;00:00:02&lt;/td&gt;&#34;, &#34;&lt;td class=\&#34;col-links\&#34;&gt;&lt;/td&gt;&#34;], &#34;log&#34;: &#34;self = &amp;lt;test_security.TestSQLInjectionQuiz object at 0x000001F2D90589D0&amp;gt;\nsession = &amp;lt;requests.sessions.Session object at 0x000001F2D8ECEBA0&amp;gt;\ngenerate_quiz_endpoint = &amp;#x27;https://alyibrahim.pythonanywhere.com/generate_quiz&amp;#x27;\ntest_course_id = 27\n\n    def test_sql_injection_in_difficulty(self, session, generate_quiz_endpoint, test_course_id):\n        &amp;quot;&amp;quot;&amp;quot;Test SQL injection in difficulty field.&amp;quot;&amp;quot;&amp;quot;\n        response = session.post(generate_quiz_endpoint, json={\n            &amp;quot;co_id&amp;quot;: test_course_id,\n            &amp;quot;selected_lectures&amp;quot;: [1],\n            &amp;quot;num_questions&amp;quot;: 3,\n            &amp;quot;question_type&amp;quot;: &amp;quot;MCQ&amp;quot;,\n            &amp;quot;difficulty&amp;quot;: &amp;quot;medium&amp;#x27;; DROP TABLE quizzes; --&amp;quot;\n        })\n&amp;gt;       assert response.status_code in [200, 400, 422]\nE       assert 500 in [200, 400, 422]\nE        +  where 500 = &amp;lt;Response [500]&amp;gt;.status_code\n\ntest_security.py:121: AssertionError\n&#34;}], &#34;test_security.py::TestSQLInjectionQuiz::test_sql_injection_in_question_type&#34;: [{&#34;extras&#34;: [], &#34;result&#34;: &#34;Failed&#34;, &#34;testId&#34;: &#34;test_security.py::TestSQLInjectionQuiz::test_sql_injection_in_question_type&#34;, &#34;duration&#34;: &#34;00:00:02&#34;, &#34;resultsTableRow&#34;: [&#34;&lt;td class=\&#34;col-result\&#34;&gt;Failed&lt;/td&gt;&#34;, &#34;&lt;td class=\&#34;col-testId\&#34;&gt;test_security.py::TestSQLInjectionQuiz::test_sql_injection_in_question_type&lt;/td&gt;&#34;, &#34;&lt;td class=\&#34;col-duration\&#34;&gt;00:00:02&lt;/td&gt;&#34;, &#34;&lt;td class=\&#34;col-links\&#34;&gt;&lt;/td&gt;&#34;], &#34;log&#34;: &#34;self = &amp;lt;test_security.TestSQLInjectionQuiz object at 0x000001F2D9058B00&amp;gt;\nsession = &amp;lt;requests.sessions.Session object at 0x000001F2D8ECEBA0&amp;gt;\ngenerate_quiz_endpoint = &amp;#x27;https://alyibrahim.pythonanywhere.com/generate_quiz&amp;#x27;\ntest_course_id = 27\n\n    def test_sql_injection_in_question_type(self, session, generate_quiz_endpoint, test_course_id):\n        &amp;quot;&amp;quot;&amp;quot;Test SQL injection in question_type field.&amp;quot;&amp;quot;&amp;quot;\n        response = session.post(generate_quiz_endpoint, json={\n            &amp;quot;co_id&amp;quot;: test_course_id,\n            &amp;quot;selected_lectures&amp;quot;: [1],\n            &amp;quot;num_questions&amp;quot;: 3,\n            &amp;quot;question_type&amp;quot;: &amp;quot;MCQ&amp;#x27; OR &amp;#x27;1&amp;#x27;=&amp;#x27;1&amp;quot;,\n            &amp;quot;difficulty&amp;quot;: &amp;quot;medium&amp;quot;\n        })\n&amp;gt;       assert response.status_code in [200, 400, 422]\nE       assert 500 in [200, 400, 422]\nE        +  where 500 = &amp;lt;Response [500]&amp;gt;.status_code\n\ntest_security.py:132: AssertionError\n&#34;}], &#34;test_security.py::TestXSSPrevention::test_xss_in_chat_message&#34;: [{&#34;extras&#34;: [], &#34;result&#34;: &#34;Passed&#34;, &#34;testId&#34;: &#34;test_security.py::TestXSSPrevention::test_xss_in_chat_message&#34;, &#34;duration&#34;: &#34;00:00:02&#34;, &#34;resultsTableRow&#34;: [&#34;&lt;td class=\&#34;col-result\&#34;&gt;Passed&lt;/td&gt;&#34;, &#34;&lt;td class=\&#34;col-testId\&#34;&gt;test_security.py::TestXSSPrevention::test_xss_in_chat_message&lt;/td&gt;&#34;, &#34;&lt;td class=\&#34;col-duration\&#34;&gt;00:00:02&lt;/td&gt;&#34;, &#34;&lt;td class=\&#34;col-links\&#34;&gt;&lt;/td&gt;&#34;], &#34;log&#34;: &#34;No log output captured.&#34;}], &#34;test_security.py::TestXSSPrevention::test_script_tag_injection&#34;: [{&#34;extras&#34;: [], &#34;result&#34;: &#34;Passed&#34;, &#34;testId&#34;: &#34;test_security.py::TestXSSPrevention::test_script_tag_injection&#34;, &#34;duration&#34;: &#34;183 ms&#34;, &#34;resultsTableRow&#34;: [&#34;&lt;td class=\&#34;col-result\&#34;&gt;Passed&lt;/td&gt;&#34;, &#34;&lt;td class=\&#34;col-testId\&#34;&gt;test_security.py::TestXSSPrevention::test_script_tag_injection&lt;/td&gt;&#34;, &#34;&lt;td class=\&#34;col-duration\&#34;&gt;183 ms&lt;/td&gt;&#34;, &#34;&lt;td class=\&#34;col-links\&#34;&gt;&lt;/td&gt;&#34;], &#34;log&#34;: &#34;No log output captured.&#34;}], &#34;test_security.py::TestXSSPrevention::test_img_onerror_injection&#34;: [{&#34;extras&#34;: [], &#34;result&#34;: &#34;Passed&#34;, &#34;testId&#34;: &#34;test_security.py::TestXSSPrevention::test_img_onerror_injection&#34;, &#34;duration&#34;: &#34;172 ms&#34;, &#34;resultsTableRow&#34;: [&#34;&lt;td class=\&#34;col-result\&#34;&gt;Passed&lt;/td&gt;&#34;, &#34;&lt;td class=\&#34;col-testId\&#34;&gt;test_security.py::TestXSSPrevention::test_img_onerror_injection&lt;/td&gt;&#34;, &#34;&lt;td class=\&#34;col-duration\&#34;&gt;172 ms&lt;/td&gt;&#34;, &#34;&lt;td class=\&#34;col-links\&#34;&gt;&lt;/td&gt;&#34;], &#34;log&#34;: &#34;No log output captured.&#34;}], &#34;test_security.py::TestXSSPrevention::test_svg_onload_injection&#34;: [{&#34;extras&#34;: [], &#34;result&#34;: &#34;Passed&#34;, &#34;testId&#34;: &#34;test_security.py::TestXSSPrevention::test_svg_onload_injection&#34;, &#34;duration&#34;: &#34;171 ms&#34;, &#34;resultsTableRow&#34;: [&#34;&lt;td class=\&#34;col-result\&#34;&gt;Passed&lt;/td&gt;&#34;, &#34;&lt;td class=\&#34;col-testId\&#34;&gt;test_security.py::TestXSSPrevention::test_svg_onload_injection&lt;/td&gt;&#34;, &#34;&lt;td class=\&#34;col-duration\&#34;&gt;171 ms&lt;/td&gt;&#34;, &#34;&lt;td class=\&#34;col-links\&#34;&gt;&lt;/td&gt;&#34;], &#34;log&#34;: &#34;No log output captured.&#34;}], &#34;test_security.py::TestXSSPrevention::test_javascript_url_injection&#34;: [{&#34;extras&#34;: [], &#34;result&#34;: &#34;Passed&#34;, &#34;testId&#34;: &#34;test_security.py::TestXSSPrevention::test_javascript_url_injection&#34;, &#34;duration&#34;: &#34;518 ms&#34;, &#34;resultsTableRow&#34;: [&#34;&lt;td class=\&#34;col-result\&#34;&gt;Passed&lt;/td&gt;&#34;, &#34;&lt;td class=\&#34;col-testId\&#34;&gt;test_security.py::TestXSSPrevention::test_javascript_url_injection&lt;/td&gt;&#34;, &#34;&lt;td class=\&#34;col-duration\&#34;&gt;518 ms&lt;/td&gt;&#34;, &#34;&lt;td class=\&#34;col-links\&#34;&gt;&lt;/td&gt;&#34;], &#34;log&#34;: &#34;No log output captured.&#34;}], &#34;test_security.py::TestPromptInjection::test_ignore_instructions&#34;: [{&#34;extras&#34;: [], &#34;result&#34;: &#34;Passed&#34;, &#34;testId&#34;: &#34;test_security.py::TestPromptInjection::test_ignore_instructions&#34;, &#34;duration&#34;: &#34;00:00:01&#34;, &#34;resultsTableRow&#34;: [&#34;&lt;td class=\&#34;col-result\&#34;&gt;Passed&lt;/td&gt;&#34;, &#34;&lt;td class=\&#34;col-testId\&#34;&gt;test_security.py::TestPromptInjection::test_ignore_instructions&lt;/td&gt;&#34;, &#34;&lt;td class=\&#34;col-duration\&#34;&gt;00:00:01&lt;/td&gt;&#34;, &#34;&lt;td class=\&#34;col-links\&#34;&gt;&lt;/td&gt;&#34;], &#34;log&#34;: &#34;No log output captured.&#34;}], &#34;test_security.py::TestPromptInjection::test_jailbreak_attempt&#34;: [{&#34;extras&#34;: [], &#34;result&#34;: &#34;Passed&#34;, &#34;testId&#34;: &#34;test_security.py::TestPromptInjection::test_jailbreak_attempt&#34;, &#34;duration&#34;: &#34;176 ms&#34;, &#34;resultsTableRow&#34;: [&#34;&lt;td class=\&#34;col-result\&#34;&gt;Passed&lt;/td&gt;&#34;, &#34;&lt;td class=\&#34;col-testId\&#34;&gt;test_security.py::TestPromptInjection::test_jailbreak_attempt&lt;/td&gt;&#34;, &#34;&lt;td class=\&#34;col-duration\&#34;&gt;176 ms&lt;/td&gt;&#34;, &#34;&lt;td class=\&#34;col-links\&#34;&gt;&lt;/td&gt;&#34;], &#34;log&#34;: &#34;No log output captured.&#34;}], &#34;test_security.py::TestPromptInjection::test_role_reversal&#34;: [{&#34;extras&#34;: [], &#34;result&#34;: &#34;Passed&#34;, &#34;testId&#34;: &#34;test_security.py::TestPromptInjection::test_role_reversal&#34;, &#34;duration&#34;: &#34;168 ms&#34;, &#34;resultsTableRow&#34;: [&#34;&lt;td class=\&#34;col-result\&#34;&gt;Passed&lt;/td&gt;&#34;, &#34;&lt;td class=\&#34;col-testId\&#34;&gt;test_security.py::TestPromptInjection::test_role_reversal&lt;/td&gt;&#34;, &#34;&lt;td class=\&#34;col-duration\&#34;&gt;168 ms&lt;/td&gt;&#34;, &#34;&lt;td class=\&#34;col-links\&#34;&gt;&lt;/td&gt;&#34;], &#34;log&#34;: &#34;No log output captured.&#34;}], &#34;test_security.py::TestPromptInjection::test_system_override&#34;: [{&#34;extras&#34;: [], &#34;result&#34;: &#34;Passed&#34;, &#34;testId&#34;: &#34;test_security.py::TestPromptInjection::test_system_override&#34;, &#34;duration&#34;: &#34;173 ms&#34;, &#34;resultsTableRow&#34;: [&#34;&lt;td class=\&#34;col-result\&#34;&gt;Passed&lt;/td&gt;&#34;, &#34;&lt;td class=\&#34;col-testId\&#34;&gt;test_security.py::TestPromptInjection::test_system_override&lt;/td&gt;&#34;, &#34;&lt;td class=\&#34;col-duration\&#34;&gt;173 ms&lt;/td&gt;&#34;, &#34;&lt;td class=\&#34;col-links\&#34;&gt;&lt;/td&gt;&#34;], &#34;log&#34;: &#34;No log output captured.&#34;}], &#34;test_security.py::TestPromptInjection::test_arabic_prompt_injection&#34;: [{&#34;extras&#34;: [], &#34;result&#34;: &#34;Passed&#34;, &#34;testId&#34;: &#34;test_security.py::TestPromptInjection::test_arabic_prompt_injection&#34;, &#34;duration&#34;: &#34;173 ms&#34;, &#34;resultsTableRow&#34;: [&#34;&lt;td class=\&#34;col-result\&#34;&gt;Passed&lt;/td&gt;&#34;, &#34;&lt;td class=\&#34;col-testId\&#34;&gt;test_security.py::TestPromptInjection::test_arabic_prompt_injection&lt;/td&gt;&#34;, &#34;&lt;td class=\&#34;col-duration\&#34;&gt;173 ms&lt;/td&gt;&#34;, &#34;&lt;td class=\&#34;col-links\&#34;&gt;&lt;/td&gt;&#34;], &#34;log&#34;: &#34;No log output captured.&#34;}], &#34;test_security.py::TestPromptInjection::test_mixed_language_injection&#34;: [{&#34;extras&#34;: [], &#34;result&#34;: &#34;Passed&#34;, &#34;testId&#34;: &#34;test_security.py::TestPromptInjection::test_mixed_language_injection&#34;, &#34;duration&#34;: &#34;170 ms&#34;, &#34;resultsTableRow&#34;: [&#34;&lt;td class=\&#34;col-result\&#34;&gt;Passed&lt;/td&gt;&#34;, &#34;&lt;td class=\&#34;col-testId\&#34;&gt;test_security.py::TestPromptInjection::test_mixed_language_injection&lt;/td&gt;&#34;, &#34;&lt;td class=\&#34;col-duration\&#34;&gt;170 ms&lt;/td&gt;&#34;, &#34;&lt;td class=\&#34;col-links\&#34;&gt;&lt;/td&gt;&#34;], &#34;log&#34;: &#34;No log output captured.&#34;}], &#34;test_security.py::TestInputValidation::test_null_byte_injection&#34;: [{&#34;extras&#34;: [], &#34;result&#34;: &#34;Passed&#34;, &#34;testId&#34;: &#34;test_security.py::TestInputValidation::test_null_byte_injection&#34;, &#34;duration&#34;: &#34;241 ms&#34;, &#34;resultsTableRow&#34;: [&#34;&lt;td class=\&#34;col-result\&#34;&gt;Passed&lt;/td&gt;&#34;, &#34;&lt;td class=\&#34;col-testId\&#34;&gt;test_security.py::TestInputValidation::test_null_byte_injection&lt;/td&gt;&#34;, &#34;&lt;td class=\&#34;col-duration\&#34;&gt;241 ms&lt;/td&gt;&#34;, &#34;&lt;td class=\&#34;col-links\&#34;&gt;&lt;/td&gt;&#34;], &#34;log&#34;: &#34;No log output captured.&#34;}], &#34;test_security.py::TestInputValidation::test_unicode_overflow&#34;: [{&#34;extras&#34;: [], &#34;result&#34;: &#34;Passed&#34;, &#34;testId&#34;: &#34;test_security.py::TestInputValidation::test_unicode_overflow&#34;, &#34;duration&#34;: &#34;182 ms&#34;, &#34;resultsTableRow&#34;: [&#34;&lt;td class=\&#34;col-result\&#34;&gt;Passed&lt;/td&gt;&#34;, &#34;&lt;td class=\&#34;col-testId\&#34;&gt;test_security.py::TestInputValidation::test_unicode_overflow&lt;/td&gt;&#34;, &#34;&lt;td class=\&#34;col-duration\&#34;&gt;182 ms&lt;/td&gt;&#34;, &#34;&lt;td class=\&#34;col-links\&#34;&gt;&lt;/td&gt;&#34;], &#34;log&#34;: &#34;No log output captured.&#34;}], &#34;test_security.py::TestInputValidation::test_control_characters&#34;: [{&#34;extras&#34;: [], &#34;result&#34;: &#34;Passed&#34;, &#34;testId&#34;: &#34;test_security.py::TestInputValidation::test_control_characters&#34;, &#34;duration&#34;: &#34;507 ms&#34;, &#34;resultsTableRow&#34;: [&#34;&lt;td class=\&#34;col-result\&#34;&gt;Passed&lt;/td&gt;&#34;, &#34;&lt;td class=\&#34;col-testId\&#34;&gt;test_security.py::TestInputValidation::test_control_characters&lt;/td&gt;&#34;, &#34;&lt;td class=\&#34;col-duration\&#34;&gt;507 ms&lt;/td&gt;&#34;, &#34;&lt;td class=\&#34;col-links\&#34;&gt;&lt;/td&gt;&#34;], &#34;log&#34;: &#34;No log output captured.&#34;}], &#34;test_security.py::TestInputValidation::test_format_string_attack&#34;: [{&#34;extras&#34;: [], &#34;result&#34;: &#34;Passed&#34;, &#34;testId&#34;: &#34;test_security.py::TestInputValidation::test_format_string_attack&#34;, &#34;duration&#34;: &#34;178 ms&#34;, &#34;resultsTableRow&#34;: [&#34;&lt;td class=\&#34;col-result\&#34;&gt;Passed&lt;/td&gt;&#34;, &#34;&lt;td class=\&#34;col-testId\&#34;&gt;test_security.py::TestInputValidation::test_format_string_attack&lt;/td&gt;&#34;, &#34;&lt;td class=\&#34;col-duration\&#34;&gt;178 ms&lt;/td&gt;&#34;, &#34;&lt;td class=\&#34;col-links\&#34;&gt;&lt;/td&gt;&#34;], &#34;log&#34;: &#34;No log output captured.&#34;}], &#34;test_security.py::TestInputValidation::test_path_traversal&#34;: [{&#34;extras&#34;: [], &#34;result&#34;: &#34;Passed&#34;, &#34;testId&#34;: &#34;test_security.py::TestInputValidation::test_path_traversal&#34;, &#34;duration&#34;: &#34;171 ms&#34;, &#34;resultsTableRow&#34;: [&#34;&lt;td class=\&#34;col-result\&#34;&gt;Passed&lt;/td&gt;&#34;, &#34;&lt;td class=\&#34;col-testId\&#34;&gt;test_security.py::TestInputValidation::test_path_traversal&lt;/td&gt;&#34;, &#34;&lt;td class=\&#34;col-duration\&#34;&gt;171 ms&lt;/td&gt;&#34;, &#34;&lt;td class=\&#34;col-links\&#34;&gt;&lt;/td&gt;&#34;], &#34;log&#34;: &#34;No log output captured.&#34;}], &#34;test_security.py::TestInputValidation::test_command_injection&#34;: [{&#34;extras&#34;: [], &#34;result&#34;: &#34;Passed&#34;, &#34;testId&#34;: &#34;test_security.py::TestInputValidation::test_command_injection&#34;, &#34;duration&#34;: &#34;00:00:01&#34;, &#34;resultsTableRow&#34;: [&#34;&lt;td class=\&#34;col-result\&#34;&gt;Passed&lt;/td&gt;&#34;, &#34;&lt;td class=\&#34;col-testId\&#34;&gt;test_security.py::TestInputValidation::test_command_injection&lt;/td&gt;&#34;, &#34;&lt;td class=\&#34;col-duration\&#34;&gt;00:00:01&lt;/td&gt;&#34;, &#34;&lt;td class=\&#34;col-links\&#34;&gt;&lt;/td&gt;&#34;], &#34;log&#34;: &#34;No log output captured.&#34;}], &#34;test_security.py::TestDataSanitization::test_html_entities_escaped&#34;: [{&#34;extras&#34;: [], &#34;result&#34;: &#34;Passed&#34;, &#34;testId&#34;: &#34;test_security.py::TestDataSanitization::test_html_entities_escaped&#34;, &#34;duration&#34;: &#34;176 ms&#34;, &#34;resultsTableRow&#34;: [&#34;&lt;td class=\&#34;col-result\&#34;&gt;Passed&lt;/td&gt;&#34;, &#34;&lt;td class=\&#34;col-testId\&#34;&gt;test_security.py::TestDataSanitization::test_html_entities_escaped&lt;/td&gt;&#34;, &#34;&lt;td class=\&#34;col-duration\&#34;&gt;176 ms&lt;/td&gt;&#34;, &#34;&lt;td class=\&#34;col-links\&#34;&gt;&lt;/td&gt;&#34;], &#34;log&#34;: &#34;No log output captured.&#34;}], &#34;test_security.py::TestDataSanitization::test_json_injection&#34;: [{&#34;extras&#34;: [], &#34;result&#34;: &#34;Passed&#34;, &#34;testId&#34;: &#34;test_security.py::TestDataSanitization::test_json_injection&#34;, &#34;duration&#34;: &#34;516 ms&#34;, &#34;resultsTableRow&#34;: [&#34;&lt;td class=\&#34;col-result\&#34;&gt;Passed&lt;/td&gt;&#34;, &#34;&lt;td class=\&#34;col-testId\&#34;&gt;test_security.py::TestDataSanitization::test_json_injection&lt;/td&gt;&#34;, &#34;&lt;td class=\&#34;col-duration\&#34;&gt;516 ms&lt;/td&gt;&#34;, &#34;&lt;td class=\&#34;col-links\&#34;&gt;&lt;/td&gt;&#34;], &#34;log&#34;: &#34;No log output captured.&#34;}], &#34;test_security.py::TestDataSanitization::test_nested_json_injection&#34;: [{&#34;extras&#34;: [], &#34;result&#34;: &#34;Passed&#34;, &#34;testId&#34;: &#34;test_security.py::TestDataSanitization::test_nested_json_injection&#34;, &#34;duration&#34;: &#34;184 ms&#34;, &#34;resultsTableRow&#34;: [&#34;&lt;td class=\&#34;col-result\&#34;&gt;Passed&lt;/td&gt;&#34;, &#34;&lt;td class=\&#34;col-testId\&#34;&gt;test_security.py::TestDataSanitization::test_nested_json_injection&lt;/td&gt;&#34;, &#34;&lt;td class=\&#34;col-duration\&#34;&gt;184 ms&lt;/td&gt;&#34;, &#34;&lt;td class=\&#34;col-links\&#34;&gt;&lt;/td&gt;&#34;], &#34;log&#34;: &#34;No log output captured.&#34;}], &#34;test_security.py::TestAuthenticationBypass::test_unauthorized_course_access&#34;: [{&#34;extras&#34;: [], &#34;result&#34;: &#34;Passed&#34;, &#34;testId&#34;: &#34;test_security.py::TestAuthenticationBypass::test_unauthorized_course_access&#34;, &#34;duration&#34;: &#34;169 ms&#34;, &#34;resultsTableRow&#34;: [&#34;&lt;td class=\&#34;col-result\&#34;&gt;Passed&lt;/td&gt;&#34;, &#34;&lt;td class=\&#34;col-testId\&#34;&gt;test_security.py::TestAuthenticationBypass::test_unauthorized_course_access&lt;/td&gt;&#34;, &#34;&lt;td class=\&#34;col-duration\&#34;&gt;169 ms&lt;/td&gt;&#34;, &#34;&lt;td class=\&#34;col-links\&#34;&gt;&lt;/td&gt;&#34;], &#34;log&#34;: &#34;No log output captured.&#34;}], &#34;test_security.py::TestAuthenticationBypass::test_special_course_ids&#34;: [{&#34;extras&#34;: [], &#34;result&#34;: &#34;Passed&#34;, &#34;testId&#34;: &#34;test_security.py::TestAuthenticationBypass::test_special_course_ids&#34;, &#34;duration&#34;: &#34;00:00:01&#34;, &#34;resultsTableRow&#34;: [&#34;&lt;td class=\&#34;col-result\&#34;&gt;Passed&lt;/td&gt;&#34;, &#34;&lt;td class=\&#34;col-testId\&#34;&gt;test_security.py::TestAuthenticationBypass::test_special_course_ids&lt;/td&gt;&#34;, &#34;&lt;td class=\&#34;col-duration\&#34;&gt;00:00:01&lt;/td&gt;&#34;, &#34;&lt;td class=\&#34;col-links\&#34;&gt;&lt;/td&gt;&#34;], &#34;log&#34;: &#34;No log output captured.&#34;}], &#34;test_security.py::TestQuizSecurityValidation::test_quiz_xss_in_question_type&#34;: [{&#34;extras&#34;: [], &#34;result&#34;: &#34;Failed&#34;, &#34;testId&#34;: &#34;test_security.py::TestQuizSecurityValidation::test_quiz_xss_in_question_type&#34;, &#34;duration&#34;: &#34;00:00:02&#34;, &#34;resultsTableRow&#34;: [&#34;&lt;td class=\&#34;col-result\&#34;&gt;Failed&lt;/td&gt;&#34;, &#34;&lt;td class=\&#34;col-testId\&#34;&gt;test_security.py::TestQuizSecurityValidation::test_quiz_xss_in_question_type&lt;/td&gt;&#34;, &#34;&lt;td class=\&#34;col-duration\&#34;&gt;00:00:02&lt;/td&gt;&#34;, &#34;&lt;td class=\&#34;col-links\&#34;&gt;&lt;/td&gt;&#34;], &#34;log&#34;: &#34;self = &amp;lt;test_security.TestQuizSecurityValidation object at 0x000001F2D903BED0&amp;gt;\nsession = &amp;lt;requests.sessions.Session object at 0x000001F2D8ECEBA0&amp;gt;\ngenerate_quiz_endpoint = &amp;#x27;https://alyibrahim.pythonanywhere.com/generate_quiz&amp;#x27;\ntest_course_id = 27\nxss_payloads = [&amp;quot;&amp;lt;script&amp;gt;alert(&amp;#x27;XSS&amp;#x27;)&amp;lt;/script&amp;gt;&amp;quot;, &amp;quot;&amp;lt;img src=x onerror=alert(&amp;#x27;XSS&amp;#x27;)&amp;gt;&amp;quot;, &amp;quot;&amp;lt;svg onload=alert(&amp;#x27;XSS&amp;#x27;)&amp;gt;&amp;quot;, &amp;quot;javascript:alert(&amp;#x27;XSS&amp;#x27;)&amp;quot;, &amp;quot;&amp;lt;body onload=alert(&amp;#x27;XSS&amp;#x27;)&amp;gt;&amp;quot;, &amp;#x27;\\&amp;#x27;&amp;quot;&amp;gt;&amp;lt;script&amp;gt;alert(\\&amp;#x27;XSS\\&amp;#x27;)&amp;lt;/script&amp;gt;&amp;#x27;]\n\n    def test_quiz_xss_in_question_type(self, session, generate_quiz_endpoint, test_course_id, xss_payloads):\n        &amp;quot;&amp;quot;&amp;quot;Test XSS in quiz question_type field.&amp;quot;&amp;quot;&amp;quot;\n        for payload in xss_payloads[:3]:\n            response = session.post(generate_quiz_endpoint, json={\n                &amp;quot;co_id&amp;quot;: test_course_id,\n                &amp;quot;selected_lectures&amp;quot;: [1],\n                &amp;quot;num_questions&amp;quot;: 3,\n                &amp;quot;question_type&amp;quot;: payload,\n                &amp;quot;difficulty&amp;quot;: &amp;quot;medium&amp;quot;\n            })\n&amp;gt;           assert response.status_code in [200, 400, 422]\nE           assert 500 in [200, 400, 422]\nE            +  where 500 = &amp;lt;Response [500]&amp;gt;.status_code\n\ntest_security.py:372: AssertionError\n&#34;}], &#34;test_security.py::TestQuizSecurityValidation::test_quiz_xss_in_difficulty&#34;: [{&#34;extras&#34;: [], &#34;result&#34;: &#34;Failed&#34;, &#34;testId&#34;: &#34;test_security.py::TestQuizSecurityValidation::test_quiz_xss_in_difficulty&#34;, &#34;duration&#34;: &#34;564 ms&#34;, &#34;resultsTableRow&#34;: [&#34;&lt;td class=\&#34;col-result\&#34;&gt;Failed&lt;/td&gt;&#34;, &#34;&lt;td class=\&#34;col-testId\&#34;&gt;test_security.py::TestQuizSecurityValidation::test_quiz_xss_in_difficulty&lt;/td&gt;&#34;, &#34;&lt;td class=\&#34;col-duration\&#34;&gt;564 ms&lt;/td&gt;&#34;, &#34;&lt;td class=\&#34;col-links\&#34;&gt;&lt;/td&gt;&#34;], &#34;log&#34;: &#34;self = &amp;lt;test_security.TestQuizSecurityValidation object at 0x000001F2D917C050&amp;gt;\nsession = &amp;lt;requests.sessions.Session object at 0x000001F2D8ECEBA0&amp;gt;\ngenerate_quiz_endpoint = &amp;#x27;https://alyibrahim.pythonanywhere.com/generate_quiz&amp;#x27;\ntest_course_id = 27\nxss_payloads = [&amp;quot;&amp;lt;script&amp;gt;alert(&amp;#x27;XSS&amp;#x27;)&amp;lt;/script&amp;gt;&amp;quot;, &amp;quot;&amp;lt;img src=x onerror=alert(&amp;#x27;XSS&amp;#x27;)&amp;gt;&amp;quot;, &amp;quot;&amp;lt;svg onload=alert(&amp;#x27;XSS&amp;#x27;)&amp;gt;&amp;quot;, &amp;quot;javascript:alert(&amp;#x27;XSS&amp;#x27;)&amp;quot;, &amp;quot;&amp;lt;body onload=alert(&amp;#x27;XSS&amp;#x27;)&amp;gt;&amp;quot;, &amp;#x27;\\&amp;#x27;&amp;quot;&amp;gt;&amp;lt;script&amp;gt;alert(\\&amp;#x27;XSS\\&amp;#x27;)&amp;lt;/script&amp;gt;&amp;#x27;]\n\n    def test_quiz_xss_in_difficulty(self, session, generate_quiz_endpoint, test_course_id, xss_payloads):\n        &amp;quot;&amp;quot;&amp;quot;Test XSS in quiz difficulty field.&amp;quot;&amp;quot;&amp;quot;\n        for payload in xss_payloads[:3]:\n            response = session.post(generate_quiz_endpoint, json={\n                &amp;quot;co_id&amp;quot;: test_course_id,\n                &amp;quot;selected_lectures&amp;quot;: [1],\n                &amp;quot;num_questions&amp;quot;: 3,\n                &amp;quot;question_type&amp;quot;: &amp;quot;MCQ&amp;quot;,\n                &amp;quot;difficulty&amp;quot;: payload\n            })\n&amp;gt;           assert response.status_code in [200, 400, 422]\nE           assert 500 in [200, 400, 422]\nE            +  where 500 = &amp;lt;Response [500]&amp;gt;.status_code\n\ntest_security.py:384: AssertionError\n&#34;}], &#34;test_security.py::TestQuizSecurityValidation::test_quiz_injection_in_num_questions&#34;: [{&#34;extras&#34;: [], &#34;result&#34;: &#34;Passed&#34;, &#34;testId&#34;: &#34;test_security.py::TestQuizSecurityValidation::test_quiz_injection_in_num_questions&#34;, &#34;duration&#34;: &#34;00:00:03&#34;, &#34;resultsTableRow&#34;: [&#34;&lt;td class=\&#34;col-result\&#34;&gt;Passed&lt;/td&gt;&#34;, &#34;&lt;td class=\&#34;col-testId\&#34;&gt;test_security.py::TestQuizSecurityValidation::test_quiz_injection_in_num_questions&lt;/td&gt;&#34;, &#34;&lt;td class=\&#34;col-duration\&#34;&gt;00:00:03&lt;/td&gt;&#34;, &#34;&lt;td class=\&#34;col-links\&#34;&gt;&lt;/td&gt;&#34;], &#34;log&#34;: &#34;No log output captured.&#34;}], &#34;test_security.py::TestDoctorQuizSecurity::test_doctor_quiz_sql_injection&#34;: [{&#34;extras&#34;: [], &#34;result&#34;: &#34;Failed&#34;, &#34;testId&#34;: &#34;test_security.py::TestDoctorQuizSecurity::test_doctor_quiz_sql_injection&#34;, &#34;duration&#34;: &#34;519 ms&#34;, &#34;resultsTableRow&#34;: [&#34;&lt;td class=\&#34;col-result\&#34;&gt;Failed&lt;/td&gt;&#34;, &#34;&lt;td class=\&#34;col-testId\&#34;&gt;test_security.py::TestDoctorQuizSecurity::test_doctor_quiz_sql_injection&lt;/td&gt;&#34;, &#34;&lt;td class=\&#34;col-duration\&#34;&gt;519 ms&lt;/td&gt;&#34;, &#34;&lt;td class=\&#34;col-links\&#34;&gt;&lt;/td&gt;&#34;], &#34;log&#34;: &#34;self = &amp;lt;test_security.TestDoctorQuizSecurity object at 0x000001F2D917C190&amp;gt;\nsession = &amp;lt;requests.sessions.Session object at 0x000001F2D8ECEBA0&amp;gt;\ngenerate_doctor_quiz_endpoint = &amp;#x27;https://alyibrahim.pythonanywhere.com/generate_doctor_quiz&amp;#x27;\ntest_course_id = 27\nsql_injection_payloads = [&amp;quot;&amp;#x27;; DROP TABLE users; --&amp;quot;, &amp;quot;1&amp;#x27; OR &amp;#x27;1&amp;#x27;=&amp;#x27;1&amp;quot;, &amp;#x27;1; DELETE FROM lectures WHERE 1=1&amp;#x27;, &amp;quot;&amp;#x27; UNION SELECT * FROM users --&amp;quot;, &amp;quot;1&amp;#x27; AND 1=1 UNION SELECT NULL, username, password FROM users --&amp;quot;, &amp;quot;admin&amp;#x27;--&amp;quot;, ...]\n\n    def test_doctor_quiz_sql_injection(self, session, generate_doctor_quiz_endpoint, test_course_id, sql_injection_payloads):\n        &amp;quot;&amp;quot;&amp;quot;Test SQL injection in doctor quiz endpoint.&amp;quot;&amp;quot;&amp;quot;\n        for payload in sql_injection_payloads[:3]:\n            response = session.post(generate_doctor_quiz_endpoint, json={\n                &amp;quot;co_id&amp;quot;: payload,\n                &amp;quot;selected_lectures&amp;quot;: [1],\n                &amp;quot;num_questions&amp;quot;: 3,\n                &amp;quot;question_type&amp;quot;: &amp;quot;MCQ&amp;quot;,\n                &amp;quot;difficulty&amp;quot;: &amp;quot;medium&amp;quot;\n            })\n&amp;gt;           assert response.status_code in [200, 400, 422, 500]\nE           assert 404 in [200, 400, 422, 500]\nE            +  where 404 = &amp;lt;Response [404]&amp;gt;.status_code\n\ntest_security.py:417: AssertionError\n&#34;}], &#34;test_security.py::TestDoctorQuizSecurity::test_doctor_quiz_xss&#34;: [{&#34;extras&#34;: [], &#34;result&#34;: &#34;Failed&#34;, &#34;testId&#34;: &#34;test_security.py::TestDoctorQuizSecurity::test_doctor_quiz_xss&#34;, &#34;duration&#34;: &#34;523 ms&#34;, &#34;resultsTableRow&#34;: [&#34;&lt;td class=\&#34;col-result\&#34;&gt;Failed&lt;/td&gt;&#34;, &#34;&lt;td class=\&#34;col-testId\&#34;&gt;test_security.py::TestDoctorQuizSecurity::test_doctor_quiz_xss&lt;/td&gt;&#34;, &#34;&lt;td class=\&#34;col-duration\&#34;&gt;523 ms&lt;/td&gt;&#34;, &#34;&lt;td class=\&#34;col-links\&#34;&gt;&lt;/td&gt;&#34;], &#34;log&#34;: &#34;self = &amp;lt;test_security.TestDoctorQuizSecurity object at 0x000001F2D917C2D0&amp;gt;\nsession = &amp;lt;requests.sessions.Session object at 0x000001F2D8ECEBA0&amp;gt;\ngenerate_doctor_quiz_endpoint = &amp;#x27;https://alyibrahim.pythonanywhere.com/generate_doctor_quiz&amp;#x27;\ntest_course_id = 27\nxss_payloads = [&amp;quot;&amp;lt;script&amp;gt;alert(&amp;#x27;XSS&amp;#x27;)&amp;lt;/script&amp;gt;&amp;quot;, &amp;quot;&amp;lt;img src=x onerror=alert(&amp;#x27;XSS&amp;#x27;)&amp;gt;&amp;quot;, &amp;quot;&amp;lt;svg onload=alert(&amp;#x27;XSS&amp;#x27;)&amp;gt;&amp;quot;, &amp;quot;javascript:alert(&amp;#x27;XSS&amp;#x27;)&amp;quot;, &amp;quot;&amp;lt;body onload=alert(&amp;#x27;XSS&amp;#x27;)&amp;gt;&amp;quot;, &amp;#x27;\\&amp;#x27;&amp;quot;&amp;gt;&amp;lt;script&amp;gt;alert(\\&amp;#x27;XSS\\&amp;#x27;)&amp;lt;/script&amp;gt;&amp;#x27;]\n\n    def test_doctor_quiz_xss(self, session, generate_doctor_quiz_endpoint, test_course_id, xss_payloads):\n        &amp;quot;&amp;quot;&amp;quot;Test XSS in doctor quiz endpoint.&amp;quot;&amp;quot;&amp;quot;\n        for payload in xss_payloads[:3]:\n            response = session.post(generate_doctor_quiz_endpoint, json={\n                &amp;quot;co_id&amp;quot;: test_course_id,\n                &amp;quot;selected_lectures&amp;quot;: [1],\n                &amp;quot;num_questions&amp;quot;: 3,\n                &amp;quot;question_type&amp;quot;: payload,\n                &amp;quot;difficulty&amp;quot;: &amp;quot;medium&amp;quot;\n            })\n&amp;gt;           assert response.status_code in [200, 400, 422]\nE           assert 404 in [200, 400, 422]\nE            +  where 404 = &amp;lt;Response [404]&amp;gt;.status_code\n\ntest_security.py:429: AssertionError\n&#34;}], &#34;test_security.py::TestHeaderSecurity::test_content_type_header&#34;: [{&#34;extras&#34;: [], &#34;result&#34;: &#34;Passed&#34;, &#34;testId&#34;: &#34;test_security.py::TestHeaderSecurity::test_content_type_header&#34;, &#34;duration&#34;: &#34;518 ms&#34;, &#34;resultsTableRow&#34;: [&#34;&lt;td class=\&#34;col-result\&#34;&gt;Passed&lt;/td&gt;&#34;, &#34;&lt;td class=\&#34;col-testId\&#34;&gt;test_security.py::TestHeaderSecurity::test_content_type_header&lt;/td&gt;&#34;, &#34;&lt;td class=\&#34;col-duration\&#34;&gt;518 ms&lt;/td&gt;&#34;, &#34;&lt;td class=\&#34;col-links\&#34;&gt;&lt;/td&gt;&#34;], &#34;log&#34;: &#34;No log output captured.&#34;}], &#34;test_security.py::TestHeaderSecurity::test_no_server_version_disclosure&#34;: [{&#34;extras&#34;: [], &#34;result&#34;: &#34;Passed&#34;, &#34;testId&#34;: &#34;test_security.py::TestHeaderSecurity::test_no_server_version_disclosure&#34;, &#34;duration&#34;: &#34;248 ms&#34;, &#34;resultsTableRow&#34;: [&#34;&lt;td class=\&#34;col-result\&#34;&gt;Passed&lt;/td&gt;&#34;, &#34;&lt;td class=\&#34;col-testId\&#34;&gt;test_security.py::TestHeaderSecurity::test_no_server_version_disclosure&lt;/td&gt;&#34;, &#34;&lt;td class=\&#34;col-duration\&#34;&gt;248 ms&lt;/td&gt;&#34;, &#34;&lt;td class=\&#34;col-links\&#34;&gt;&lt;/td&gt;&#34;], &#34;log&#34;: &#34;----------------------------- Captured stdout call -----------------------------\nServer header: PythonAnywhere\n&#34;}], &#34;test_security.py::TestRateLimitingAwareness::test_rapid_requests_handling&#34;: [{&#34;extras&#34;: [], &#34;result&#34;: &#34;Passed&#34;, &#34;testId&#34;: &#34;test_security.py::TestRateLimitingAwareness::test_rapid_requests_handling&#34;, &#34;duration&#34;: &#34;00:00:02&#34;, &#34;resultsTableRow&#34;: [&#34;&lt;td class=\&#34;col-result\&#34;&gt;Passed&lt;/td&gt;&#34;, &#34;&lt;td class=\&#34;col-testId\&#34;&gt;test_security.py::TestRateLimitingAwareness::test_rapid_requests_handling&lt;/td&gt;&#34;, &#34;&lt;td class=\&#34;col-duration\&#34;&gt;00:00:02&lt;/td&gt;&#34;, &#34;&lt;td class=\&#34;col-links\&#34;&gt;&lt;/td&gt;&#34;], &#34;log&#34;: &#34;----------------------------- Captured stdout call -----------------------------\nRate limiting detected: False\nResponse codes: [400, 400, 400, 400, 400, 400, 400, 400, 400, 400]\n&#34;}], &#34;test_security.py::TestRateLimitingAwareness::test_rapid_quiz_requests&#34;: [{&#34;extras&#34;: [], &#34;result&#34;: &#34;Passed&#34;, &#34;testId&#34;: &#34;test_security.py::TestRateLimitingAwareness::test_rapid_quiz_requests&#34;, &#34;duration&#34;: &#34;00:00:05&#34;, &#34;resultsTableRow&#34;: [&#34;&lt;td class=\&#34;col-result\&#34;&gt;Passed&lt;/td&gt;&#34;, &#34;&lt;td class=\&#34;col-testId\&#34;&gt;test_security.py::TestRateLimitingAwareness::test_rapid_quiz_requests&lt;/td&gt;&#34;, &#34;&lt;td class=\&#34;col-duration\&#34;&gt;00:00:05&lt;/td&gt;&#34;, &#34;&lt;td class=\&#34;col-links\&#34;&gt;&lt;/td&gt;&#34;], &#34;log&#34;: &#34;----------------------------- Captured stdout call -----------------------------\nQuiz response codes: [500, 500, 500, 500, 500]\n&#34;}]}, &#34;renderCollapsed&#34;: [&#34;passed&#34;], &#34;initialSort&#34;: &#34;result&#34;, &#34;title&#34;: &#34;report.html&#34;}"></div>
    <script>
      (function(){function r(e,n,t){function o(i,f){if(!n[i]){if(!e[i]){var c="function"==typeof require&&require;if(!f&&c)return c(i,!0);if(u)return u(i,!0);var a=new Error("Cannot find module '"+i+"'");throw a.code="MODULE_NOT_FOUND",a}var p=n[i]={exports:{}};e[i][0].call(p.exports,function(r){var n=e[i][1][r];return o(n||r)},p,p.exports,r,e,n,t)}return n[i].exports}for(var u="function"==typeof require&&require,i=0;i<t.length;i++)o(t[i]);return o}return r})()({1:[function(require,module,exports){
const { getCollapsedCategory, setCollapsedIds } = require('./storage.js')

class DataManager {
    setManager(data) {
        const collapsedCategories = [...getCollapsedCategory(data.renderCollapsed)]
        const collapsedIds = []
        const tests = Object.values(data.tests).flat().map((test, index) => {
            const collapsed = collapsedCategories.includes(test.result.toLowerCase())
            const id = `test_${index}`
            if (collapsed) {
                collapsedIds.push(id)
            }
            return {
                ...test,
                id,
                collapsed,
            }
        })
        const dataBlob = { ...data, tests }
        this.data = { ...dataBlob }
        this.renderData = { ...dataBlob }
        setCollapsedIds(collapsedIds)
    }

    get allData() {
        return { ...this.data }
    }

    resetRender() {
        this.renderData = { ...this.data }
    }

    setRender(data) {
        this.renderData.tests = [...data]
    }

    toggleCollapsedItem(id) {
        this.renderData.tests = this.renderData.tests.map((test) =>
            test.id === id ? { ...test, collapsed: !test.collapsed } : test,
        )
    }

    set allCollapsed(collapsed) {
        this.renderData = { ...this.renderData, tests: [...this.renderData.tests.map((test) => (
            { ...test, collapsed }
        ))] }
    }

    get testSubset() {
        return [...this.renderData.tests]
    }

    get environment() {
        return this.renderData.environment
    }

    get initialSort() {
        return this.data.initialSort
    }
}

module.exports = {
    manager: new DataManager(),
}

},{"./storage.js":8}],2:[function(require,module,exports){
const mediaViewer = require('./mediaviewer.js')
const templateEnvRow = document.getElementById('template_environment_row')
const templateResult = document.getElementById('template_results-table__tbody')

function htmlToElements(html) {
    const temp = document.createElement('template')
    temp.innerHTML = html
    return temp.content.childNodes
}

const find = (selector, elem) => {
    if (!elem) {
        elem = document
    }
    return elem.querySelector(selector)
}

const findAll = (selector, elem) => {
    if (!elem) {
        elem = document
    }
    return [...elem.querySelectorAll(selector)]
}

const dom = {
    getStaticRow: (key, value) => {
        const envRow = templateEnvRow.content.cloneNode(true)
        const isObj = typeof value === 'object' && value !== null
        const values = isObj ? Object.keys(value).map((k) => `${k}: ${value[k]}`) : null

        const valuesElement = htmlToElements(
            values ? `<ul>${values.map((val) => `<li>${val}</li>`).join('')}<ul>` : `<div>${value}</div>`)[0]
        const td = findAll('td', envRow)
        td[0].textContent = key
        td[1].appendChild(valuesElement)

        return envRow
    },
    getResultTBody: ({ testId, id, log, extras, resultsTableRow, tableHtml, result, collapsed }) => {
        const resultBody = templateResult.content.cloneNode(true)
        resultBody.querySelector('tbody').classList.add(result.toLowerCase())
        resultBody.querySelector('tbody').id = testId
        resultBody.querySelector('.collapsible').dataset.id = id

        resultsTableRow.forEach((html) => {
            const t = document.createElement('template')
            t.innerHTML = html
            resultBody.querySelector('.collapsible').appendChild(t.content)
        })

        if (log) {
            // Wrap lines starting with "E" with span.error to color those lines red
            const wrappedLog = log.replace(/^E.*$/gm, (match) => `<span class="error">${match}</span>`)
            resultBody.querySelector('.log').innerHTML = wrappedLog
        } else {
            resultBody.querySelector('.log').remove()
        }

        if (collapsed) {
            resultBody.querySelector('.collapsible > td')?.classList.add('collapsed')
            resultBody.querySelector('.extras-row').classList.add('hidden')
        } else {
            resultBody.querySelector('.collapsible > td')?.classList.remove('collapsed')
        }

        const media = []
        extras?.forEach(({ name, format_type, content }) => {
            if (['image', 'video'].includes(format_type)) {
                media.push({ path: content, name, format_type })
            }

            if (format_type === 'html') {
                resultBody.querySelector('.extraHTML').insertAdjacentHTML('beforeend', `<div>${content}</div>`)
            }
        })
        mediaViewer.setup(resultBody, media)

        // Add custom html from the pytest_html_results_table_html hook
        tableHtml?.forEach((item) => {
            resultBody.querySelector('td[class="extra"]').insertAdjacentHTML('beforeend', item)
        })

        return resultBody
    },
}

module.exports = {
    dom,
    htmlToElements,
    find,
    findAll,
}

},{"./mediaviewer.js":6}],3:[function(require,module,exports){
const { manager } = require('./datamanager.js')
const { doSort } = require('./sort.js')
const storageModule = require('./storage.js')

const getFilteredSubSet = (filter) =>
    manager.allData.tests.filter(({ result }) => filter.includes(result.toLowerCase()))

const doInitFilter = () => {
    const currentFilter = storageModule.getVisible()
    const filteredSubset = getFilteredSubSet(currentFilter)
    manager.setRender(filteredSubset)
}

const doFilter = (type, show) => {
    if (show) {
        storageModule.showCategory(type)
    } else {
        storageModule.hideCategory(type)
    }

    const currentFilter = storageModule.getVisible()
    const filteredSubset = getFilteredSubSet(currentFilter)
    manager.setRender(filteredSubset)

    const sortColumn = storageModule.getSort()
    doSort(sortColumn, true)
}

module.exports = {
    doFilter,
    doInitFilter,
}

},{"./datamanager.js":1,"./sort.js":7,"./storage.js":8}],4:[function(require,module,exports){
const { redraw, bindEvents, renderStatic } = require('./main.js')
const { doInitFilter } = require('./filter.js')
const { doInitSort } = require('./sort.js')
const { manager } = require('./datamanager.js')
const data = JSON.parse(document.getElementById('data-container').dataset.jsonblob)

function init() {
    manager.setManager(data)
    doInitFilter()
    doInitSort()
    renderStatic()
    redraw()
    bindEvents()
}

init()

},{"./datamanager.js":1,"./filter.js":3,"./main.js":5,"./sort.js":7}],5:[function(require,module,exports){
const { dom, find, findAll } = require('./dom.js')
const { manager } = require('./datamanager.js')
const { doSort } = require('./sort.js')
const { doFilter } = require('./filter.js')
const {
    getVisible,
    getCollapsedIds,
    setCollapsedIds,
    getSort,
    getSortDirection,
    possibleFilters,
} = require('./storage.js')

const removeChildren = (node) => {
    while (node.firstChild) {
        node.removeChild(node.firstChild)
    }
}

const renderStatic = () => {
    const renderEnvironmentTable = () => {
        const environment = manager.environment
        const rows = Object.keys(environment).map((key) => dom.getStaticRow(key, environment[key]))
        const table = document.getElementById('environment')
        removeChildren(table)
        rows.forEach((row) => table.appendChild(row))
    }
    renderEnvironmentTable()
}

const addItemToggleListener = (elem) => {
    elem.addEventListener('click', ({ target }) => {
        const id = target.parentElement.dataset.id
        manager.toggleCollapsedItem(id)

        const collapsedIds = getCollapsedIds()
        if (collapsedIds.includes(id)) {
            const updated = collapsedIds.filter((item) => item !== id)
            setCollapsedIds(updated)
        } else {
            collapsedIds.push(id)
            setCollapsedIds(collapsedIds)
        }
        redraw()
    })
}

const renderContent = (tests) => {
    const sortAttr = getSort(manager.initialSort)
    const sortAsc = JSON.parse(getSortDirection())
    const rows = tests.map(dom.getResultTBody)
    const table = document.getElementById('results-table')
    const tableHeader = document.getElementById('results-table-head')

    const newTable = document.createElement('table')
    newTable.id = 'results-table'

    // remove all sorting classes and set the relevant
    findAll('.sortable', tableHeader).forEach((elem) => elem.classList.remove('asc', 'desc'))
    tableHeader.querySelector(`.sortable[data-column-type="${sortAttr}"]`)?.classList.add(sortAsc ? 'desc' : 'asc')
    newTable.appendChild(tableHeader)

    if (!rows.length) {
        const emptyTable = document.getElementById('template_results-table__body--empty').content.cloneNode(true)
        newTable.appendChild(emptyTable)
    } else {
        rows.forEach((row) => {
            if (!!row) {
                findAll('.collapsible td:not(.col-links', row).forEach(addItemToggleListener)
                find('.logexpander', row).addEventListener('click',
                    (evt) => evt.target.parentNode.classList.toggle('expanded'),
                )
                newTable.appendChild(row)
            }
        })
    }

    table.replaceWith(newTable)
}

const renderDerived = () => {
    const currentFilter = getVisible()
    possibleFilters.forEach((result) => {
        const input = document.querySelector(`input[data-test-result="${result}"]`)
        input.checked = currentFilter.includes(result)
    })
}

const bindEvents = () => {
    const filterColumn = (evt) => {
        const { target: element } = evt
        const { testResult } = element.dataset

        doFilter(testResult, element.checked)
        const collapsedIds = getCollapsedIds()
        const updated = manager.renderData.tests.map((test) => {
            return {
                ...test,
                collapsed: collapsedIds.includes(test.id),
            }
        })
        manager.setRender(updated)
        redraw()
    }

    const header = document.getElementById('environment-header')
    header.addEventListener('click', () => {
        const table = document.getElementById('environment')
        table.classList.toggle('hidden')
        header.classList.toggle('collapsed')
    })

    findAll('input[name="filter_checkbox"]').forEach((elem) => {
        elem.addEventListener('click', filterColumn)
    })

    findAll('.sortable').forEach((elem) => {
        elem.addEventListener('click', (evt) => {
            const { target: element } = evt
            const { columnType } = element.dataset
            doSort(columnType)
            redraw()
        })
    })

    document.getElementById('show_all_details').addEventListener('click', () => {
        manager.allCollapsed = false
        setCollapsedIds([])
        redraw()
    })
    document.getElementById('hide_all_details').addEventListener('click', () => {
        manager.allCollapsed = true
        const allIds = manager.renderData.tests.map((test) => test.id)
        setCollapsedIds(allIds)
        redraw()
    })
}

const redraw = () => {
    const { testSubset } = manager

    renderContent(testSubset)
    renderDerived()
}

module.exports = {
    redraw,
    bindEvents,
    renderStatic,
}

},{"./datamanager.js":1,"./dom.js":2,"./filter.js":3,"./sort.js":7,"./storage.js":8}],6:[function(require,module,exports){
class MediaViewer {
    constructor(assets) {
        this.assets = assets
        this.index = 0
    }

    nextActive() {
        this.index = this.index === this.assets.length - 1 ? 0 : this.index + 1
        return [this.activeFile, this.index]
    }

    prevActive() {
        this.index = this.index === 0 ? this.assets.length - 1 : this.index -1
        return [this.activeFile, this.index]
    }

    get currentIndex() {
        return this.index
    }

    get activeFile() {
        return this.assets[this.index]
    }
}


const setup = (resultBody, assets) => {
    if (!assets.length) {
        resultBody.querySelector('.media').classList.add('hidden')
        return
    }

    const mediaViewer = new MediaViewer(assets)
    const container = resultBody.querySelector('.media-container')
    const leftArrow = resultBody.querySelector('.media-container__nav--left')
    const rightArrow = resultBody.querySelector('.media-container__nav--right')
    const mediaName = resultBody.querySelector('.media__name')
    const counter = resultBody.querySelector('.media__counter')
    const imageEl = resultBody.querySelector('img')
    const sourceEl = resultBody.querySelector('source')
    const videoEl = resultBody.querySelector('video')

    const setImg = (media, index) => {
        if (media?.format_type === 'image') {
            imageEl.src = media.path

            imageEl.classList.remove('hidden')
            videoEl.classList.add('hidden')
        } else if (media?.format_type === 'video') {
            sourceEl.src = media.path

            videoEl.classList.remove('hidden')
            imageEl.classList.add('hidden')
        }

        mediaName.innerText = media?.name
        counter.innerText = `${index + 1} / ${assets.length}`
    }
    setImg(mediaViewer.activeFile, mediaViewer.currentIndex)

    const moveLeft = () => {
        const [media, index] = mediaViewer.prevActive()
        setImg(media, index)
    }
    const doRight = () => {
        const [media, index] = mediaViewer.nextActive()
        setImg(media, index)
    }
    const openImg = () => {
        window.open(mediaViewer.activeFile.path, '_blank')
    }
    if (assets.length === 1) {
        container.classList.add('media-container--fullscreen')
    } else {
        leftArrow.addEventListener('click', moveLeft)
        rightArrow.addEventListener('click', doRight)
    }
    imageEl.addEventListener('click', openImg)
}

module.exports = {
    setup,
}

},{}],7:[function(require,module,exports){
const { manager } = require('./datamanager.js')
const storageModule = require('./storage.js')

const genericSort = (list, key, ascending, customOrder) => {
    let sorted
    if (customOrder) {
        sorted = list.sort((a, b) => {
            const aValue = a.result.toLowerCase()
            const bValue = b.result.toLowerCase()

            const aIndex = customOrder.findIndex((item) => item.toLowerCase() === aValue)
            const bIndex = customOrder.findIndex((item) => item.toLowerCase() === bValue)

            // Compare the indices to determine the sort order
            return aIndex - bIndex
        })
    } else {
        sorted = list.sort((a, b) => a[key] === b[key] ? 0 : a[key] > b[key] ? 1 : -1)
    }

    if (ascending) {
        sorted.reverse()
    }
    return sorted
}

const durationSort = (list, ascending) => {
    const parseDuration = (duration) => {
        if (duration.includes(':')) {
            // If it's in the format "HH:mm:ss"
            const [hours, minutes, seconds] = duration.split(':').map(Number)
            return (hours * 3600 + minutes * 60 + seconds) * 1000
        } else {
            // If it's in the format "nnn ms"
            return parseInt(duration)
        }
    }
    const sorted = list.sort((a, b) => parseDuration(a['duration']) - parseDuration(b['duration']))
    if (ascending) {
        sorted.reverse()
    }
    return sorted
}

const doInitSort = () => {
    const type = storageModule.getSort(manager.initialSort)
    const ascending = storageModule.getSortDirection()
    const list = manager.testSubset
    const initialOrder = ['Error', 'Failed', 'Rerun', 'XFailed', 'XPassed', 'Skipped', 'Passed']

    storageModule.setSort(type)
    storageModule.setSortDirection(ascending)

    if (type?.toLowerCase() === 'original') {
        manager.setRender(list)
    } else {
        let sortedList
        switch (type) {
        case 'duration':
            sortedList = durationSort(list, ascending)
            break
        case 'result':
            sortedList = genericSort(list, type, ascending, initialOrder)
            break
        default:
            sortedList = genericSort(list, type, ascending)
            break
        }
        manager.setRender(sortedList)
    }
}

const doSort = (type, skipDirection) => {
    const newSortType = storageModule.getSort(manager.initialSort) !== type
    const currentAsc = storageModule.getSortDirection()
    let ascending
    if (skipDirection) {
        ascending = currentAsc
    } else {
        ascending = newSortType ? false : !currentAsc
    }
    storageModule.setSort(type)
    storageModule.setSortDirection(ascending)

    const list = manager.testSubset
    const sortedList = type === 'duration' ? durationSort(list, ascending) : genericSort(list, type, ascending)
    manager.setRender(sortedList)
}

module.exports = {
    doInitSort,
    doSort,
}

},{"./datamanager.js":1,"./storage.js":8}],8:[function(require,module,exports){
const possibleFilters = [
    'passed',
    'skipped',
    'failed',
    'error',
    'xfailed',
    'xpassed',
    'rerun',
]

const getVisible = () => {
    const url = new URL(window.location.href)
    const settings = new URLSearchParams(url.search).get('visible')
    const lower = (item) => {
        const lowerItem = item.toLowerCase()
        if (possibleFilters.includes(lowerItem)) {
            return lowerItem
        }
        return null
    }
    return settings === null ?
        possibleFilters :
        [...new Set(settings?.split(',').map(lower).filter((item) => item))]
}

const hideCategory = (categoryToHide) => {
    const url = new URL(window.location.href)
    const visibleParams = new URLSearchParams(url.search).get('visible')
    const currentVisible = visibleParams ? visibleParams.split(',') : [...possibleFilters]
    const settings = [...new Set(currentVisible)].filter((f) => f !== categoryToHide).join(',')

    url.searchParams.set('visible', settings)
    window.history.pushState({}, null, unescape(url.href))
}

const showCategory = (categoryToShow) => {
    if (typeof window === 'undefined') {
        return
    }
    const url = new URL(window.location.href)
    const currentVisible = new URLSearchParams(url.search).get('visible')?.split(',').filter(Boolean) ||
        [...possibleFilters]
    const settings = [...new Set([categoryToShow, ...currentVisible])]
    const noFilter = possibleFilters.length === settings.length || !settings.length

    noFilter ? url.searchParams.delete('visible') : url.searchParams.set('visible', settings.join(','))
    window.history.pushState({}, null, unescape(url.href))
}

const getSort = (initialSort) => {
    const url = new URL(window.location.href)
    let sort = new URLSearchParams(url.search).get('sort')
    if (!sort) {
        sort = initialSort || 'result'
    }
    return sort
}

const setSort = (type) => {
    const url = new URL(window.location.href)
    url.searchParams.set('sort', type)
    window.history.pushState({}, null, unescape(url.href))
}

const getCollapsedCategory = (renderCollapsed) => {
    let categories
    if (typeof window !== 'undefined') {
        const url = new URL(window.location.href)
        const collapsedItems = new URLSearchParams(url.search).get('collapsed')
        switch (true) {
        case !renderCollapsed && collapsedItems === null:
            categories = ['passed']
            break
        case collapsedItems?.length === 0 || /^["']{2}$/.test(collapsedItems):
            categories = []
            break
        case /^all$/.test(collapsedItems) || collapsedItems === null && /^all$/.test(renderCollapsed):
            categories = [...possibleFilters]
            break
        default:
            categories = collapsedItems?.split(',').map((item) => item.toLowerCase()) || renderCollapsed
            break
        }
    } else {
        categories = []
    }
    return categories
}

const getSortDirection = () => JSON.parse(sessionStorage.getItem('sortAsc')) || false
const setSortDirection = (ascending) => sessionStorage.setItem('sortAsc', ascending)

const getCollapsedIds = () => JSON.parse(sessionStorage.getItem('collapsedIds')) || []
const setCollapsedIds = (list) => sessionStorage.setItem('collapsedIds', JSON.stringify(list))

module.exports = {
    getVisible,
    hideCategory,
    showCategory,
    getCollapsedIds,
    setCollapsedIds,
    getSort,
    setSort,
    getSortDirection,
    setSortDirection,
    getCollapsedCategory,
    possibleFilters,
}

},{}]},{},[4]);
    </script>
  </footer>
</html>